ExecutionTime: 2018-12-17 14:48:44 ; Path：MyUnitTest.UnitTests.test_ ; TotalUserTime: 0.0 ; Message: None
ExecutionTime: 2018-12-17 15:11:54 ; Path：MyUnitTest.UnitTests.test_ ; TotalUserTime: 0.0 ; Message: None
ExecutionTime: 2018-12-17 15:14:10 ; Path：MyUnitTest.UnitTests.test_ ; TotalUserTime: 0.0 ; Message: None
ExecutionTime: 2018-12-17 15:14:36 ; Path：MyUnitTest.UnitTests.test_ ; TotalUserTime: 0.0 ; Message: None
ExecutionTime: 2018-12-17 15:36:24 ; Path：MyUnitTest.UnitTests.test_ ; TotalUserTime: 0.0 ; Message: None
ExecutionTime: 2018-12-17 15:38:34 ; Path：MyUnitTest.UnitTests.test_ ; TotalUserTime: 0.0 ; Message: None
ExecutionTime: 2018-12-17 15:39:14 ; Path：MyUnitTest.UnitTests.test_ ; TotalUserTime: 0.0 ; Message: None
ExecutionTime: 2018-12-17 15:59:48 ; Path：MyUnitTest.UnitTests.test_ ; TotalUserTime: 0.0 ; Message: None
ExecutionTime: 2018-12-17 16:03:31 ; Path：MyUnitTest.UnitTests.test_ ; TotalUserTime: 0.0 ; Message: None
ExecutionTime: 2018-12-17 16:03:52 ; Path：MyUnitTest.UnitTests.test_ ; TotalUserTime: 0.0 ; Message: None
ExecutionTime: 2018-12-17 16:04:58 ; Path：MyUnitTest.UnitTests.test_ ; TotalUserTime: 0.0 ; Message: None
ExecutionTime: 2018-12-17 16:05:19 ; Path：MyUnitTest.UnitTests.test_ ; TotalUserTime: 0.0 ; Message: None
ExecutionTime: 2018-12-17 16:05:51 ; Path：MyUnitTest.UnitTests.test_ ; TotalUserTime: 0.0 ; Message: None
ExecutionTime: 2018-12-17 16:08:11 ; Path：MyUnitTest.UnitTests.test_ ; TotalUserTime: 0.0 ; Message: None
ExecutionTime: 2018-12-17 16:17:28 ; Path：MyUnitTest.UnitTests.test_ ; TotalUserTime: 0.0 ; Message: None
ExecutionTime: 2018-12-17 16:18:20 ; Path：MyUnitTest.UnitTests.test_ ; TotalUserTime: 0.0 ; Message: None
ExecutionTime: 2018-12-17 16:18:53 ; Path：MyUnitTest.UnitTests.test_ ; TotalUserTime: 0.0 ; Message: None
ExecutionTime: 2018-12-17 16:42:11 ; Path：menu_st.MenuManager.test_createMenu ; TotalUserTime: 10.064000129699707 ; Message: None
ExecutionTime: 2018-12-17 16:52:40 ; Path：menu_st.MenuManager.test_createMenu ; TotalUserTime: 0.0009999275207519531 ; Message: None
ExecutionTime: 2018-12-17 16:54:26 ; Path：IsEDP.SysManager.menu_st.MenuManager.test_createMenu ; TotalUserTime: 0.0009999275207519531 ; Message: None
ExecutionTime: 2018-12-17 16:54:26 ; Path：IsEDP.SysManager.menu_st.MenuManager.test_createNull ; TotalUserTime: 0.0 ; Message: None
ExecutionTime: 2018-12-17 16:54:36 ; Path：IsEDP.SysManager.role_st.MenuManager.test_createIsNull ; TotalUserTime: 0.0 ; Message: None
ExecutionTime: 2018-12-17 16:54:36 ; Path：IsEDP.SysManager.role_st.MenuManager.test_createRole ; TotalUserTime: 0.0 ; Message: None
ExecutionTime: 2018-12-17 17:01:09 ; Path：IsEDP.SysManager.menu_st.MenuManager.test_createMenu ; TotalUserTime: 0.0 ; Message: None
ExecutionTime: 2018-12-17 17:01:09 ; Path：IsEDP.SysManager.menu_st.MenuManager.test_createNull ; TotalUserTime: 0.0 ; Message: None
ExecutionTime: 2018-12-17 17:01:18 ; Path：IsEDP.SysManager.role_st.MenuManager.test_createIsNull ; TotalUserTime: 0.0 ; Message: None
ExecutionTime: 2018-12-17 17:01:18 ; Path：IsEDP.SysManager.role_st.MenuManager.test_createRole ; TotalUserTime: 0.002000093460083008 ; Message: None
ExecutionTime: 2018-12-17 17:26:20 ; Path：IsEDP.SysManager.menu_st.MenuManager.test_createMenu ; TotalUserTime: 0.0009999275207519531 ; Message: None
ExecutionTime: 2018-12-17 17:26:20 ; Path：IsEDP.SysManager.menu_st.MenuManager.test_createNull ; TotalUserTime: 0.0 ; Message: None
ExecutionTime: 2018-12-17 17:26:30 ; Path：IsEDP.SysManager.role_st.MenuManager.test_createIsNull ; TotalUserTime: 0.0 ; Message: None
ExecutionTime: 2018-12-17 17:26:30 ; Path：IsEDP.SysManager.role_st.MenuManager.test_createRole ; TotalUserTime: 0.0009999275207519531 ; Message: None
ExecutionTime: 2018-12-17 17:27:47 ; Path：IsEDP.SysManager.menu_st.MenuManager.test_createMenu ; TotalUserTime: 0.0010001659393310547 ; Message: None
ExecutionTime: 2018-12-17 17:27:47 ; Path：IsEDP.SysManager.menu_st.MenuManager.test_createNull ; TotalUserTime: 0.0 ; Message: None
ExecutionTime: 2018-12-17 17:27:56 ; Path：IsEDP.SysManager.role_st.MenuManager.test_createIsNull ; TotalUserTime: 0.0 ; Message: None
ExecutionTime: 2018-12-17 17:27:56 ; Path：IsEDP.SysManager.role_st.MenuManager.test_createRole ; TotalUserTime: 0.0 ; Message: None
ExecutionTime: 2018-12-17 17:28:53 ; Path：IsEDP.SysManager.menu_st.MenuManager.test_createMenu ; TotalUserTime: 0.0009999275207519531 ; Message: None
ExecutionTime: 2018-12-17 17:28:53 ; Path：IsEDP.SysManager.menu_st.MenuManager.test_createNull ; TotalUserTime: 0.0 ; Message: None
ExecutionTime: 2018-12-17 17:29:02 ; Path：IsEDP.SysManager.role_st.MenuManager.test_createIsNull ; TotalUserTime: 0.0 ; Message: None
ExecutionTime: 2018-12-17 17:29:02 ; Path：IsEDP.SysManager.role_st.MenuManager.test_createRole ; TotalUserTime: 0.0 ; Message: None
ExecutionTime: 2018-12-17 17:29:44 ; Path：IsEDP.SysManager.menu_st.MenuManager.test_createMenu ; TotalUserTime: 0.0 ; Message: None
ExecutionTime: 2018-12-17 17:29:44 ; Path：IsEDP.SysManager.menu_st.MenuManager.test_createNull ; TotalUserTime: 0.0 ; Message: None
ExecutionTime: 2018-12-17 17:29:54 ; Path：IsEDP.SysManager.role_st.MenuManager.test_createIsNull ; TotalUserTime: 0.0 ; Message: None
ExecutionTime: 2018-12-17 17:29:54 ; Path：IsEDP.SysManager.role_st.MenuManager.test_createRole ; TotalUserTime: 0.0009999275207519531 ; Message: None
ExecutionTime: 2018-12-17 17:30:40 ; Path：IsEDP.SysManager.menu_st.MenuManager.test_createMenu ; TotalUserTime: 0.0009999275207519531 ; Message: None
ExecutionTime: 2018-12-17 17:30:40 ; Path：IsEDP.SysManager.menu_st.MenuManager.test_createNull ; TotalUserTime: 0.0 ; Message: None
ExecutionTime: 2018-12-17 17:30:50 ; Path：IsEDP.SysManager.role_st.MenuManager.test_createIsNull ; TotalUserTime: 0.0 ; Message: None
ExecutionTime: 2018-12-17 17:30:50 ; Path：IsEDP.SysManager.role_st.MenuManager.test_createRole ; TotalUserTime: 0.0009999275207519531 ; Message: None
ExecutionTime: 2018-12-17 17:33:42 ; Path：IsEDP.SysManager.menu_st.MenuManager.test_createMenu ; TotalUserTime: 0.0 ; Message: None
ExecutionTime: 2018-12-17 17:33:42 ; Path：IsEDP.SysManager.menu_st.MenuManager.test_createNull ; TotalUserTime: 0.0 ; Message: None
ExecutionTime: 2018-12-17 17:33:51 ; Path：IsEDP.SysManager.role_st.MenuManager.test_createIsNull ; TotalUserTime: 0.0 ; Message: None
ExecutionTime: 2018-12-17 17:33:51 ; Path：IsEDP.SysManager.role_st.MenuManager.test_createRole ; TotalUserTime: 0.0009999275207519531 ; Message: None
ExecutionTime: 2018-12-17 17:34:11 ; Path：IsEDP.SysManager.menu_st.MenuManager.test_createMenu ; TotalUserTime: 0.0 ; Message: None
ExecutionTime: 2018-12-17 17:34:11 ; Path：IsEDP.SysManager.menu_st.MenuManager.test_createNull ; TotalUserTime: 0.0 ; Message: None
ExecutionTime: 2018-12-17 17:34:20 ; Path：IsEDP.SysManager.role_st.MenuManager.test_createIsNull ; TotalUserTime: 0.0 ; Message: None
ExecutionTime: 2018-12-17 17:34:20 ; Path：IsEDP.SysManager.role_st.MenuManager.test_createRole ; TotalUserTime: 0.0 ; Message: None
ExecutionTime: 2018-12-17 17:34:39 ; Path：IsEDP.SysManager.menu_st.MenuManager.test_createMenu ; TotalUserTime: 0.0 ; Message: None
ExecutionTime: 2018-12-17 17:34:39 ; Path：IsEDP.SysManager.menu_st.MenuManager.test_createNull ; TotalUserTime: 0.0 ; Message: None
ExecutionTime: 2018-12-17 17:34:49 ; Path：IsEDP.SysManager.role_st.MenuManager.test_createIsNull ; TotalUserTime: 0.0 ; Message: None
ExecutionTime: 2018-12-17 17:34:49 ; Path：IsEDP.SysManager.role_st.MenuManager.test_createRole ; TotalUserTime: 0.0 ; Message: None
ExecutionTime: 2018-12-17 17:37:13 ; Path：IsEDP.SysManager.menu_st.MenuManager.test_createMenu ; TotalUserTime: 0.0009999275207519531 ; Message: None
ExecutionTime: 2018-12-17 17:37:13 ; Path：IsEDP.SysManager.menu_st.MenuManager.test_createNull ; TotalUserTime: 0.0 ; Message: None
ExecutionTime: 2018-12-17 17:37:34 ; Path：IsEDP.SysManager.role_st.MenuManager.test_createIsNull ; TotalUserTime: 0.0 ; Message: None
ExecutionTime: 2018-12-17 17:37:34 ; Path：IsEDP.SysManager.role_st.MenuManager.test_createRole ; TotalUserTime: 0.002000093460083008 ; Message: None
ExecutionTime: 2018-12-17 17:40:48 ; Path：IsEDP.SysManager.menu_st.MenuManager.test_createMenu ; TotalUserTime: 0.0010001659393310547 ; Message: None
ExecutionTime: 2018-12-17 17:40:48 ; Path：IsEDP.SysManager.menu_st.MenuManager.test_createNull ; TotalUserTime: 0.0 ; Message: None
ExecutionTime: 2018-12-17 17:41:27 ; Path：IsEDP.SysManager.role_st.MenuManager.test_createIsNull ; TotalUserTime: 0.0 ; Message: None
ExecutionTime: 2018-12-17 17:41:27 ; Path：IsEDP.SysManager.role_st.MenuManager.test_createRole ; TotalUserTime: 0.0019998550415039062 ; Message: None
