ExecutionTime: 2018-12-21 08:58:57 ; Path：IsEDP.Login.login_st.LoginTest.test_accountBoundaryAfter ; TotalUserTime: 3.3770s ; Message: None
ExecutionTime: 2018-12-21 08:59:00 ; Path：IsEDP.Login.login_st.LoginTest.test_accountBoundaryFront ; TotalUserTime: 3.3260s ; Message: None
ExecutionTime: 2018-12-21 08:59:04 ; Path：IsEDP.Login.login_st.LoginTest.test_accountError ; TotalUserTime: 3.3730s ; Message: None
ExecutionTime: 2018-12-21 08:59:08 ; Path：IsEDP.Login.login_st.LoginTest.test_accountLong ; TotalUserTime: 3.8220s ; Message: None
ExecutionTime: 2018-12-21 08:59:11 ; Path：IsEDP.Login.login_st.LoginTest.test_accountNull ; TotalUserTime: 3.3140s ; Message: None
ExecutionTime: 2018-12-21 08:59:15 ; Path：IsEDP.Login.login_st.LoginTest.test_accountSpace ; TotalUserTime: 3.3230s ; Message: None
ExecutionTime: 2018-12-21 08:59:18 ; Path：IsEDP.Login.login_st.LoginTest.test_accountSymbol ; TotalUserTime: 3.3470s ; Message: None
ExecutionTime: 2018-12-21 08:59:18 ; Path：IsEDP.Login.login_st.LoginTest.test_loginBackground ; TotalUserTime: 0.0010s ; Message: None
ExecutionTime: 2018-12-21 08:59:19 ; Path：IsEDP.Login.login_st.LoginTest.test_loginLogo ; TotalUserTime: 0.3430s ; Message: None
ExecutionTime: 2018-12-21 08:59:23 ; Path：IsEDP.Login.login_st.LoginTest.test_passwordBoundaryAfter ; TotalUserTime: 3.6260s ; Message: None
ExecutionTime: 2018-12-21 08:59:27 ; Path：IsEDP.Login.login_st.LoginTest.test_passwordBoundaryFront ; TotalUserTime: 3.3050s ; Message: None
ExecutionTime: 2018-12-21 08:59:30 ; Path：IsEDP.Login.login_st.LoginTest.test_passwordError ; TotalUserTime: 3.3230s ; Message: None
ExecutionTime: 2018-12-21 08:59:33 ; Path：IsEDP.Login.login_st.LoginTest.test_passwordForgetError ; TotalUserTime: 2.6160s ; Message: None
ExecutionTime: 2018-12-21 08:59:36 ; Path：IsEDP.Login.login_st.LoginTest.test_passwordForgetNull ; TotalUserTime: 2.2740s ; Message: None
ExecutionTime: 2018-12-21 08:59:40 ; Path：IsEDP.Login.login_st.LoginTest.test_passwordLong ; TotalUserTime: 3.7100s ; Message: None
ExecutionTime: 2018-12-21 08:59:43 ; Path：IsEDP.Login.login_st.LoginTest.test_passwordNull ; TotalUserTime: 3.4080s ; Message: None
ExecutionTime: 2018-12-21 08:59:47 ; Path：IsEDP.Login.login_st.LoginTest.test_passwordSpace ; TotalUserTime: 3.3140s ; Message: None
ExecutionTime: 2018-12-21 10:03:42 ; Path：login_st.LoginTest.test_loginBackground ; TotalUserTime: 0.0020s ; Message: None
ExecutionTime: 2018-12-21 10:04:08 ; Path：login_st.LoginTest.test_loginBackground ; TotalUserTime: 0.0020s ; Message: None
ExecutionTime: 2018-12-21 10:06:54 ; Path：login_st.LoginTest.test_loginBackground ; TotalUserTime: 0.0010s ; Message: None
ExecutionTime: 2018-12-21 10:07:29 ; Path：login_st.LoginTest.test_loginBackground ; TotalUserTime: 0.0010s ; Message: None
ExecutionTime: 2018-12-21 10:08:50 ; Path：login_st.LoginTest.test_loginBackground ; TotalUserTime: 0.0010s ; Message: None
ExecutionTime: 2018-12-21 10:14:49 ; Path：login_st.LoginTest.test_loginBackground ; TotalUserTime: 0.0010s ; Message: None
ExecutionTime: 2018-12-21 10:15:28 ; Path：login_st.LoginTest.test_loginBackground ; TotalUserTime: 0.0010s ; Message: None
ExecutionTime: 2018-12-21 10:20:40 ; Path：login_st.LoginTest.test_loginBackground ; TotalUserTime: 0.0010s ; Message: None
ExecutionTime: 2018-12-21 10:21:35 ; Path：login_st.LoginTest.test_loginBackground ; TotalUserTime: 0.0020s ; Message: name 'tttt' is not defined
ExecutionTime: 2018-12-21 10:22:06 ; Path：login_st.LoginTest.test_loginBackground ; TotalUserTime: 0.0020s ; Message: name 'tttt' is not defined
ExecutionTime: 2018-12-21 10:23:08 ; Path：login_st.LoginTest.test_loginBackground ; TotalUserTime: 0.0010s ; Message: name 'tttt' is not defined
ExecutionTime: 2018-12-21 10:24:13 ; Path：login_st.LoginTest.test_loginBackground ; TotalUserTime: 0.0020s ; Message: name 'tttt' is not defined
ExecutionTime: 2018-12-21 10:25:27 ; Path：login_st.LoginTest.test_loginBackground ; TotalUserTime: 0.0020s ; Message: name 'tttt' is not defined
ExecutionTime: 2018-12-21 10:26:39 ; Path：login_st.LoginTest.test_loginBackground ; TotalUserTime: 0.0020s ; Message: name 'y' is not defined
ExecutionTime: 2018-12-21 10:34:51 ; Path：login_st.LoginTest.test_loginBackground ; TotalUserTime: 0.0020s ; Message: None
ExecutionTime: 2018-12-21 10:35:16 ; Path：login_st.LoginTest.test_loginBackground ; TotalUserTime: 0.0020s ; Message: name 'p' is not defined
ExecutionTime: 2018-12-21 10:45:00 ; Path：login_st.LoginTest.test_loginBackground ; TotalUserTime: 0.0030s ; Message: None
ExecutionTime: 2018-12-21 10:47:11 ; Path：login_st.LoginTest.test_loginBackground ; TotalUserTime: 0.0010s ; Message: None
ExecutionTime: 2018-12-21 10:47:55 ; Path：login_st.LoginTest.test_loginBackground ; TotalUserTime: 0.0010s ; Message: None
ExecutionTime: 2018-12-21 10:48:18 ; Path：login_st.LoginTest.test_loginBackground ; TotalUserTime: 0.0010s ; Message: None
ExecutionTime: 2018-12-21 10:50:22 ; Path：login_st.LoginTest.test_loginBackground ; TotalUserTime: 0.0020s ; Message: None
ExecutionTime: 2018-12-21 11:05:17 ; Path：login_st.LoginTest.test_loginBackground ; TotalUserTime: 0.0020s ; Message: None
ExecutionTime: 2018-12-21 11:05:31 ; Path：login_st.LoginTest.test_loginBackground ; TotalUserTime: 0.0020s ; Message: None
ExecutionTime: 2018-12-21 11:06:38 ; Path：login_st.LoginTest.test_loginBackground ; TotalUserTime: 0.0030s ; Message: None
ExecutionTime: 2018-12-21 11:10:59 ; Path：login_st.LoginTest.test_loginBackground ; TotalUserTime: 0.0020s ; Message: None
ExecutionTime: 2018-12-21 11:22:17 ; Path：login_st.LoginTest.test_loginBackground ; TotalUserTime: 0.0020s ; Message: None
ExecutionTime: 2018-12-21 11:23:19 ; Path：login_st.LoginTest.test_loginBackground ; TotalUserTime: 0.0020s ; Message: None
ExecutionTime: 2018-12-21 11:23:52 ; Path：login_st.LoginTest.test_loginBackground ; TotalUserTime: 0.0030s ; Message: None
ExecutionTime: 2018-12-21 11:24:40 ; Path：login_st.LoginTest.test_loginBackground ; TotalUserTime: 0.0020s ; Message: None
ExecutionTime: 2018-12-21 11:25:53 ; Path：login_st.LoginTest.test_loginBackground ; TotalUserTime: 0.0020s ; Message: None
ExecutionTime: 2018-12-21 11:26:42 ; Path：login_st.LoginTest.test_loginBackground ; TotalUserTime: 0.0020s ; Message: None
ExecutionTime: 2018-12-21 11:27:17 ; Path：login_st.LoginTest.test_loginBackground ; TotalUserTime: 0.0020s ; Message: None
ExecutionTime: 2018-12-21 11:28:43 ; Path：login_st.LoginTest.test_loginBackground ; TotalUserTime: 0.0020s ; Message: name 'r' is not defined
ExecutionTime: 2018-12-21 11:29:40 ; Path：login_st.LoginTest.test_loginBackground ; TotalUserTime: 0.0020s ; Message: name 'i' is not defined
ExecutionTime: 2018-12-21 11:30:23 ; Path：login_st.LoginTest.test_loginBackground ; TotalUserTime: 0.0020s ; Message: name 'i' is not defined
ExecutionTime: 2018-12-21 11:30:51 ; Path：login_st.LoginTest.test_loginBackground ; TotalUserTime: 0.0020s ; Message: name 'i' is not defined
ExecutionTime: 2018-12-21 11:32:04 ; Path：login_st.LoginTest.test_loginBackground ; TotalUserTime: 0.0020s ; Message: name 'i' is not defined
ExecutionTime: 2018-12-21 11:32:35 ; Path：login_st.LoginTest.test_loginBackground ; TotalUserTime: 0.0020s ; Message: name 'i' is not defined
ExecutionTime: 2018-12-21 11:33:05 ; Path：login_st.LoginTest.test_loginBackground ; TotalUserTime: 0.0020s ; Message: name 'i' is not defined
ExecutionTime: 2018-12-21 11:33:24 ; Path：login_st.LoginTest.test_loginBackground ; TotalUserTime: 0.0020s ; Message: name 'i' is not defined
ExecutionTime: 2018-12-21 11:35:05 ; Path：IsEDP.Login.login_st.LoginTest.test_accountBoundaryAfter ; TotalUserTime: 3.3680s ; Message: None
ExecutionTime: 2018-12-21 11:35:08 ; Path：IsEDP.Login.login_st.LoginTest.test_accountBoundaryFront ; TotalUserTime: 3.2980s ; Message: None
ExecutionTime: 2018-12-21 11:35:12 ; Path：IsEDP.Login.login_st.LoginTest.test_accountError ; TotalUserTime: 3.3420s ; Message: None
ExecutionTime: 2018-12-21 11:35:16 ; Path：IsEDP.Login.login_st.LoginTest.test_accountLong ; TotalUserTime: 3.7570s ; Message: None
ExecutionTime: 2018-12-21 11:35:19 ; Path：IsEDP.Login.login_st.LoginTest.test_accountNull ; TotalUserTime: 3.3020s ; Message: None
ExecutionTime: 2018-12-21 11:35:23 ; Path：IsEDP.Login.login_st.LoginTest.test_accountSpace ; TotalUserTime: 3.3040s ; Message: None
ExecutionTime: 2018-12-21 11:35:26 ; Path：IsEDP.Login.login_st.LoginTest.test_accountSymbol ; TotalUserTime: 3.3630s ; Message: None
ExecutionTime: 2018-12-21 11:35:27 ; Path：IsEDP.Login.login_st.LoginTest.test_loginLogo ; TotalUserTime: 0.4320s ; Message: None
ExecutionTime: 2018-12-21 11:35:31 ; Path：IsEDP.Login.login_st.LoginTest.test_passwordBoundaryAfter ; TotalUserTime: 3.6920s ; Message: None
ExecutionTime: 2018-12-21 11:35:35 ; Path：IsEDP.Login.login_st.LoginTest.test_passwordBoundaryFront ; TotalUserTime: 3.3030s ; Message: None
ExecutionTime: 2018-12-21 11:35:38 ; Path：IsEDP.Login.login_st.LoginTest.test_passwordError ; TotalUserTime: 3.2940s ; Message: None
ExecutionTime: 2018-12-21 11:35:41 ; Path：IsEDP.Login.login_st.LoginTest.test_passwordForgetError ; TotalUserTime: 2.5770s ; Message: None
ExecutionTime: 2018-12-21 11:35:44 ; Path：IsEDP.Login.login_st.LoginTest.test_passwordForgetNull ; TotalUserTime: 2.2690s ; Message: None
ExecutionTime: 2018-12-21 11:35:47 ; Path：IsEDP.Login.login_st.LoginTest.test_passwordLong ; TotalUserTime: 3.6760s ; Message: None
ExecutionTime: 2018-12-21 11:35:51 ; Path：IsEDP.Login.login_st.LoginTest.test_passwordNull ; TotalUserTime: 3.3050s ; Message: None
ExecutionTime: 2018-12-21 11:35:54 ; Path：IsEDP.Login.login_st.LoginTest.test_passwordSpace ; TotalUserTime: 3.3140s ; Message: None
ExecutionTime: 2018-12-21 11:43:03 ; Path：IsEDP.Login.login_st.LoginTest.test_accountBoundaryAfter ; TotalUserTime: 3.3780s ; Message: None
ExecutionTime: 2018-12-21 11:43:06 ; Path：IsEDP.Login.login_st.LoginTest.test_accountBoundaryFront ; TotalUserTime: 3.3130s ; Message: None
ExecutionTime: 2018-12-21 11:43:10 ; Path：IsEDP.Login.login_st.LoginTest.test_accountError ; TotalUserTime: 3.3440s ; Message: None
ExecutionTime: 2018-12-21 11:43:14 ; Path：IsEDP.Login.login_st.LoginTest.test_accountLong ; TotalUserTime: 3.8320s ; Message: None
ExecutionTime: 2018-12-21 11:43:17 ; Path：IsEDP.Login.login_st.LoginTest.test_accountNull ; TotalUserTime: 3.2900s ; Message: None
ExecutionTime: 2018-12-21 11:43:21 ; Path：IsEDP.Login.login_st.LoginTest.test_accountSpace ; TotalUserTime: 3.2620s ; Message: None
ExecutionTime: 2018-12-21 11:43:24 ; Path：IsEDP.Login.login_st.LoginTest.test_accountSymbol ; TotalUserTime: 3.3540s ; Message: None
ExecutionTime: 2018-12-21 11:43:25 ; Path：IsEDP.Login.login_st.LoginTest.test_loginLogo ; TotalUserTime: 0.4050s ; Message: None
ExecutionTime: 2018-12-21 11:43:28 ; Path：IsEDP.Login.login_st.LoginTest.test_passwordBoundaryAfter ; TotalUserTime: 3.6100s ; Message: None
ExecutionTime: 2018-12-21 11:43:32 ; Path：IsEDP.Login.login_st.LoginTest.test_passwordBoundaryFront ; TotalUserTime: 3.3090s ; Message: None
ExecutionTime: 2018-12-21 11:43:35 ; Path：IsEDP.Login.login_st.LoginTest.test_passwordError ; TotalUserTime: 3.3060s ; Message: None
ExecutionTime: 2018-12-21 11:43:38 ; Path：IsEDP.Login.login_st.LoginTest.test_passwordForgetError ; TotalUserTime: 2.6210s ; Message: None
ExecutionTime: 2018-12-21 11:43:41 ; Path：IsEDP.Login.login_st.LoginTest.test_passwordForgetNull ; TotalUserTime: 2.2590s ; Message: None
ExecutionTime: 2018-12-21 11:43:45 ; Path：IsEDP.Login.login_st.LoginTest.test_passwordLong ; TotalUserTime: 3.6730s ; Message: None
ExecutionTime: 2018-12-21 11:43:49 ; Path：IsEDP.Login.login_st.LoginTest.test_passwordNull ; TotalUserTime: 3.2970s ; Message: None
ExecutionTime: 2018-12-21 11:43:52 ; Path：IsEDP.Login.login_st.LoginTest.test_passwordSpace ; TotalUserTime: 3.2850s ; Message: None
ExecutionTime: 2018-12-21 11:55:31 ; Path：IsEDP.Login.login_st.LoginTest.test_accountBoundaryAfter ; TotalUserTime: 3.3950s ; Message: None
ExecutionTime: 2018-12-21 11:55:34 ; Path：IsEDP.Login.login_st.LoginTest.test_accountBoundaryFront ; TotalUserTime: 3.3130s ; Message: None
ExecutionTime: 2018-12-21 11:55:38 ; Path：IsEDP.Login.login_st.LoginTest.test_accountError ; TotalUserTime: 3.3450s ; Message: None
ExecutionTime: 2018-12-21 11:55:42 ; Path：IsEDP.Login.login_st.LoginTest.test_accountLong ; TotalUserTime: 3.7170s ; Message: None
ExecutionTime: 2018-12-21 11:55:45 ; Path：IsEDP.Login.login_st.LoginTest.test_accountNull ; TotalUserTime: 3.3050s ; Message: None
ExecutionTime: 2018-12-21 11:55:49 ; Path：IsEDP.Login.login_st.LoginTest.test_accountSpace ; TotalUserTime: 3.2840s ; Message: None
ExecutionTime: 2018-12-21 11:55:52 ; Path：IsEDP.Login.login_st.LoginTest.test_accountSymbol ; TotalUserTime: 3.3800s ; Message: None
ExecutionTime: 2018-12-21 11:55:53 ; Path：IsEDP.Login.login_st.LoginTest.test_loginLogo ; TotalUserTime: 0.3970s ; Message: None
ExecutionTime: 2018-12-21 11:55:56 ; Path：IsEDP.Login.login_st.LoginTest.test_passwordBoundaryAfter ; TotalUserTime: 3.5610s ; Message: None
ExecutionTime: 2018-12-21 11:56:00 ; Path：IsEDP.Login.login_st.LoginTest.test_passwordBoundaryFront ; TotalUserTime: 3.2980s ; Message: None
ExecutionTime: 2018-12-21 11:56:03 ; Path：IsEDP.Login.login_st.LoginTest.test_passwordError ; TotalUserTime: 3.3040s ; Message: None
ExecutionTime: 2018-12-21 11:56:06 ; Path：IsEDP.Login.login_st.LoginTest.test_passwordForgetError ; TotalUserTime: 2.5980s ; Message: None
ExecutionTime: 2018-12-21 11:56:09 ; Path：IsEDP.Login.login_st.LoginTest.test_passwordForgetNull ; TotalUserTime: 2.3080s ; Message: None
ExecutionTime: 2018-12-21 11:56:13 ; Path：IsEDP.Login.login_st.LoginTest.test_passwordLong ; TotalUserTime: 3.6720s ; Message: None
ExecutionTime: 2018-12-21 11:56:17 ; Path：IsEDP.Login.login_st.LoginTest.test_passwordNull ; TotalUserTime: 3.2740s ; Message: None
ExecutionTime: 2018-12-21 11:56:20 ; Path：IsEDP.Login.login_st.LoginTest.test_passwordSpace ; TotalUserTime: 3.2740s ; Message: None
ExecutionTime: 2018-12-21 13:47:57 ; Path：IsEDP.Login.login_st.LoginTest.test_accountBoundaryAfter ; TotalUserTime: 3.3590s ; Message: None
ExecutionTime: 2018-12-21 13:48:01 ; Path：IsEDP.Login.login_st.LoginTest.test_accountBoundaryFront ; TotalUserTime: 3.3200s ; Message: None
ExecutionTime: 2018-12-21 13:48:04 ; Path：IsEDP.Login.login_st.LoginTest.test_accountError ; TotalUserTime: 3.3440s ; Message: None
ExecutionTime: 2018-12-21 13:48:08 ; Path：IsEDP.Login.login_st.LoginTest.test_accountLong ; TotalUserTime: 3.7570s ; Message: None
ExecutionTime: 2018-12-21 13:48:12 ; Path：IsEDP.Login.login_st.LoginTest.test_accountNull ; TotalUserTime: 3.2890s ; Message: None
ExecutionTime: 2018-12-21 13:48:15 ; Path：IsEDP.Login.login_st.LoginTest.test_accountSpace ; TotalUserTime: 3.3190s ; Message: None
ExecutionTime: 2018-12-21 13:48:19 ; Path：IsEDP.Login.login_st.LoginTest.test_accountSymbol ; TotalUserTime: 3.3680s ; Message: None
ExecutionTime: 2018-12-21 13:48:19 ; Path：IsEDP.Login.login_st.LoginTest.test_loginLogo ; TotalUserTime: 0.4160s ; Message: None
ExecutionTime: 2018-12-21 13:48:23 ; Path：IsEDP.Login.login_st.LoginTest.test_passwordBoundaryAfter ; TotalUserTime: 3.5880s ; Message: None
ExecutionTime: 2018-12-21 13:48:27 ; Path：IsEDP.Login.login_st.LoginTest.test_passwordBoundaryFront ; TotalUserTime: 3.3390s ; Message: None
ExecutionTime: 2018-12-21 13:48:30 ; Path：IsEDP.Login.login_st.LoginTest.test_passwordError ; TotalUserTime: 3.3340s ; Message: None
ExecutionTime: 2018-12-21 13:48:33 ; Path：IsEDP.Login.login_st.LoginTest.test_passwordForgetError ; TotalUserTime: 2.6160s ; Message: None
ExecutionTime: 2018-12-21 13:48:35 ; Path：IsEDP.Login.login_st.LoginTest.test_passwordForgetNull ; TotalUserTime: 2.2910s ; Message: None
ExecutionTime: 2018-12-21 13:48:40 ; Path：IsEDP.Login.login_st.LoginTest.test_passwordLong ; TotalUserTime: 3.6520s ; Message: None
ExecutionTime: 2018-12-21 13:48:43 ; Path：IsEDP.Login.login_st.LoginTest.test_passwordNull ; TotalUserTime: 3.3000s ; Message: None
ExecutionTime: 2018-12-21 13:48:47 ; Path：IsEDP.Login.login_st.LoginTest.test_passwordSpace ; TotalUserTime: 3.2580s ; Message: None
ExecutionTime: 2018-12-21 13:50:53 ; Path：IsEDP.Login.login_st.LoginTest.test_accountBoundaryAfter ; TotalUserTime: 3.4130s ; Message: None
ExecutionTime: 2018-12-21 13:50:56 ; Path：IsEDP.Login.login_st.LoginTest.test_accountBoundaryFront ; TotalUserTime: 3.3380s ; Message: None
ExecutionTime: 2018-12-21 13:51:00 ; Path：IsEDP.Login.login_st.LoginTest.test_accountError ; TotalUserTime: 3.3310s ; Message: None
ExecutionTime: 2018-12-21 13:51:04 ; Path：IsEDP.Login.login_st.LoginTest.test_accountLong ; TotalUserTime: 3.7510s ; Message: None
ExecutionTime: 2018-12-21 13:51:07 ; Path：IsEDP.Login.login_st.LoginTest.test_accountNull ; TotalUserTime: 3.3060s ; Message: None
ExecutionTime: 2018-12-21 13:51:10 ; Path：IsEDP.Login.login_st.LoginTest.test_accountSpace ; TotalUserTime: 3.2880s ; Message: None
ExecutionTime: 2018-12-21 13:51:14 ; Path：IsEDP.Login.login_st.LoginTest.test_accountSymbol ; TotalUserTime: 3.3900s ; Message: None
ExecutionTime: 2018-12-21 13:51:15 ; Path：IsEDP.Login.login_st.LoginTest.test_loginLogo ; TotalUserTime: 0.3550s ; Message: None
ExecutionTime: 2018-12-21 13:51:18 ; Path：IsEDP.Login.login_st.LoginTest.test_passwordBoundaryAfter ; TotalUserTime: 3.5760s ; Message: None
ExecutionTime: 2018-12-21 13:51:22 ; Path：IsEDP.Login.login_st.LoginTest.test_passwordBoundaryFront ; TotalUserTime: 3.3080s ; Message: None
ExecutionTime: 2018-12-21 13:51:25 ; Path：IsEDP.Login.login_st.LoginTest.test_passwordError ; TotalUserTime: 3.3190s ; Message: None
ExecutionTime: 2018-12-21 13:51:28 ; Path：IsEDP.Login.login_st.LoginTest.test_passwordForgetError ; TotalUserTime: 2.6060s ; Message: None
ExecutionTime: 2018-12-21 13:51:30 ; Path：IsEDP.Login.login_st.LoginTest.test_passwordForgetNull ; TotalUserTime: 2.2790s ; Message: None
ExecutionTime: 2018-12-21 13:51:35 ; Path：IsEDP.Login.login_st.LoginTest.test_passwordLong ; TotalUserTime: 3.6700s ; Message: None
ExecutionTime: 2018-12-21 13:51:38 ; Path：IsEDP.Login.login_st.LoginTest.test_passwordNull ; TotalUserTime: 3.2750s ; Message: None
ExecutionTime: 2018-12-21 13:51:42 ; Path：IsEDP.Login.login_st.LoginTest.test_passwordSpace ; TotalUserTime: 3.2800s ; Message: None
ExecutionTime: 2018-12-21 13:54:39 ; Path：login_st.LoginTest.test_passwordLong ; TotalUserTime: 2.7420s ; Message: None
ExecutionTime: 2018-12-21 13:55:05 ; Path：IsEDP.Login.login_st.LoginTest.test_accountBoundaryAfter ; TotalUserTime: 2.4040s ; Message: None
ExecutionTime: 2018-12-21 13:55:07 ; Path：IsEDP.Login.login_st.LoginTest.test_accountBoundaryFront ; TotalUserTime: 2.2690s ; Message: None
ExecutionTime: 2018-12-21 13:55:10 ; Path：IsEDP.Login.login_st.LoginTest.test_accountError ; TotalUserTime: 2.3430s ; Message: None
ExecutionTime: 2018-12-21 13:55:13 ; Path：IsEDP.Login.login_st.LoginTest.test_accountLong ; TotalUserTime: 2.7660s ; Message: None
ExecutionTime: 2018-12-21 13:55:16 ; Path：IsEDP.Login.login_st.LoginTest.test_accountNull ; TotalUserTime: 3.2880s ; Message: None
ExecutionTime: 2018-12-21 13:55:19 ; Path：IsEDP.Login.login_st.LoginTest.test_accountSpace ; TotalUserTime: 2.2970s ; Message: None
ExecutionTime: 2018-12-21 13:55:21 ; Path：IsEDP.Login.login_st.LoginTest.test_accountSymbol ; TotalUserTime: 2.3800s ; Message: None
ExecutionTime: 2018-12-21 13:55:23 ; Path：IsEDP.Login.login_st.LoginTest.test_loginLogo ; TotalUserTime: 0.3880s ; Message: None
ExecutionTime: 2018-12-21 13:55:25 ; Path：IsEDP.Login.login_st.LoginTest.test_passwordBoundaryAfter ; TotalUserTime: 2.5570s ; Message: None
ExecutionTime: 2018-12-21 13:55:28 ; Path：IsEDP.Login.login_st.LoginTest.test_passwordBoundaryFront ; TotalUserTime: 2.2980s ; Message: None
ExecutionTime: 2018-12-21 13:55:30 ; Path：IsEDP.Login.login_st.LoginTest.test_passwordError ; TotalUserTime: 2.3300s ; Message: None
ExecutionTime: 2018-12-21 13:55:33 ; Path：IsEDP.Login.login_st.LoginTest.test_passwordForgetError ; TotalUserTime: 2.6320s ; Message: None
ExecutionTime: 2018-12-21 13:55:36 ; Path：IsEDP.Login.login_st.LoginTest.test_passwordForgetNull ; TotalUserTime: 2.2980s ; Message: None
ExecutionTime: 2018-12-21 13:55:39 ; Path：IsEDP.Login.login_st.LoginTest.test_passwordLong ; TotalUserTime: 2.7660s ; Message: None
ExecutionTime: 2018-12-21 13:55:42 ; Path：IsEDP.Login.login_st.LoginTest.test_passwordNull ; TotalUserTime: 3.2890s ; Message: None
ExecutionTime: 2018-12-21 13:55:45 ; Path：IsEDP.Login.login_st.LoginTest.test_passwordSpace ; TotalUserTime: 2.2860s ; Message: None
ExecutionTime: 2018-12-21 14:00:34 ; Path：IsEDP.Login.login_st.LoginTest.test_accountBoundaryAfter ; TotalUserTime: 2.0840s ; Message: 'list' object has no attribute 'click'
ExecutionTime: 2018-12-21 14:00:38 ; Path：IsEDP.Login.login_st.LoginTest.test_accountBoundaryAfter ; TotalUserTime: 0.3030s ; Message: 'list' object has no attribute 'click'
ExecutionTime: 2018-12-21 14:00:39 ; Path：IsEDP.Login.login_st.LoginTest.test_accountBoundaryFront ; TotalUserTime: 0.3300s ; Message: 'list' object has no attribute 'click'
ExecutionTime: 2018-12-21 14:00:43 ; Path：IsEDP.Login.login_st.LoginTest.test_accountBoundaryFront ; TotalUserTime: 0.3380s ; Message: 'list' object has no attribute 'click'
ExecutionTime: 2018-12-21 14:00:43 ; Path：IsEDP.Login.login_st.LoginTest.test_accountError ; TotalUserTime: 0.3740s ; Message: 'list' object has no attribute 'click'
ExecutionTime: 2018-12-21 14:00:47 ; Path：IsEDP.Login.login_st.LoginTest.test_accountError ; TotalUserTime: 0.3300s ; Message: 'list' object has no attribute 'click'
ExecutionTime: 2018-12-21 14:00:49 ; Path：IsEDP.Login.login_st.LoginTest.test_accountLong ; TotalUserTime: 0.7870s ; Message: 'list' object has no attribute 'click'
ExecutionTime: 2018-12-21 14:04:50 ; Path：login_st.LoginTest.test_accountError ; TotalUserTime: 0.3720s ; Message: Message: no such alert
  (Session info: chrome=69.0.3497.92)
  (Driver info: chromedriver=2.42.591088 (7b2b2dca23cca0862f674758c9a3933e685c27d5),platform=Windows NT 6.1.7601 SP1 x86_64)

ExecutionTime: 2018-12-21 14:07:18 ; Path：login_st.LoginTest.test_accountError ; TotalUserTime: 0.3970s ; Message: Message: no such alert
  (Session info: chrome=69.0.3497.92)
  (Driver info: chromedriver=2.42.591088 (7b2b2dca23cca0862f674758c9a3933e685c27d5),platform=Windows NT 6.1.7601 SP1 x86_64)

ExecutionTime: 2018-12-21 14:10:01 ; Path：login_st.LoginTest.test_accountError ; TotalUserTime: 0.3720s ; Message: Message: no such alert
  (Session info: chrome=69.0.3497.92)
  (Driver info: chromedriver=2.42.591088 (7b2b2dca23cca0862f674758c9a3933e685c27d5),platform=Windows NT 6.1.7601 SP1 x86_64)

ExecutionTime: 2018-12-21 14:13:39 ; Path：login_st.LoginTest.test_accountError ; TotalUserTime: 2.3610s ; Message: Message: no such alert
  (Session info: chrome=69.0.3497.92)
  (Driver info: chromedriver=2.42.591088 (7b2b2dca23cca0862f674758c9a3933e685c27d5),platform=Windows NT 6.1.7601 SP1 x86_64)

ExecutionTime: 2018-12-21 14:15:41 ; Path：IsEDP.Login.login_st.LoginTest.test_accountBoundaryAfter ; TotalUserTime: 3.7700s ; Message: None
ExecutionTime: 2018-12-21 14:15:48 ; Path：IsEDP.Login.login_st.LoginTest.test_accountBoundaryAfter ; TotalUserTime: 3.5240s ; Message: None
ExecutionTime: 2018-12-21 14:15:51 ; Path：IsEDP.Login.login_st.LoginTest.test_accountBoundaryFront ; TotalUserTime: 3.3710s ; Message: None
ExecutionTime: 2018-12-21 14:15:58 ; Path：IsEDP.Login.login_st.LoginTest.test_accountBoundaryFront ; TotalUserTime: 3.3950s ; Message: None
ExecutionTime: 2018-12-21 14:16:22 ; Path：IsEDP.Login.login_st.LoginTest.test_accountBoundaryAfter ; TotalUserTime: 3.6820s ; Message: None
ExecutionTime: 2018-12-21 14:16:29 ; Path：IsEDP.Login.login_st.LoginTest.test_accountBoundaryAfter ; TotalUserTime: 3.4380s ; Message: None
ExecutionTime: 2018-12-21 14:16:32 ; Path：IsEDP.Login.login_st.LoginTest.test_accountBoundaryFront ; TotalUserTime: 3.3210s ; Message: None
ExecutionTime: 2018-12-21 14:16:39 ; Path：IsEDP.Login.login_st.LoginTest.test_accountBoundaryFront ; TotalUserTime: 3.4700s ; Message: None
ExecutionTime: 2018-12-21 14:16:43 ; Path：IsEDP.Login.login_st.LoginTest.test_accountError ; TotalUserTime: 3.3150s ; Message: None
ExecutionTime: 2018-12-21 14:16:50 ; Path：IsEDP.Login.login_st.LoginTest.test_accountError ; TotalUserTime: 3.4940s ; Message: None
ExecutionTime: 2018-12-21 14:16:54 ; Path：IsEDP.Login.login_st.LoginTest.test_accountLong ; TotalUserTime: 3.8490s ; Message: None
ExecutionTime: 2018-12-21 14:17:01 ; Path：IsEDP.Login.login_st.LoginTest.test_accountLong ; TotalUserTime: 3.9180s ; Message: None
ExecutionTime: 2018-12-21 14:17:05 ; Path：IsEDP.Login.login_st.LoginTest.test_accountNull ; TotalUserTime: 3.3020s ; Message: None
ExecutionTime: 2018-12-21 14:17:09 ; Path：IsEDP.Login.login_st.LoginTest.test_accountSpace ; TotalUserTime: 3.3990s ; Message: None
ExecutionTime: 2018-12-21 14:17:15 ; Path：IsEDP.Login.login_st.LoginTest.test_accountSpace ; TotalUserTime: 3.3750s ; Message: None
ExecutionTime: 2018-12-21 14:17:19 ; Path：IsEDP.Login.login_st.LoginTest.test_accountSymbol ; TotalUserTime: 3.4160s ; Message: None
ExecutionTime: 2018-12-21 14:17:26 ; Path：IsEDP.Login.login_st.LoginTest.test_accountSymbol ; TotalUserTime: 3.4490s ; Message: None
ExecutionTime: 2018-12-21 14:17:26 ; Path：IsEDP.Login.login_st.LoginTest.test_loginLogo ; TotalUserTime: 0.3660s ; Message: None
ExecutionTime: 2018-12-21 14:17:30 ; Path：IsEDP.Login.login_st.LoginTest.test_passwordBoundaryAfter ; TotalUserTime: 3.7360s ; Message: None
ExecutionTime: 2018-12-21 14:19:16 ; Path：IsEDP.Login.login_st.LoginTest.test_accountBoundaryAfter ; TotalUserTime: 4.3680s ; Message: None
ExecutionTime: 2018-12-21 14:19:21 ; Path：IsEDP.Login.login_st.LoginTest.test_accountBoundaryFront ; TotalUserTime: 4.3720s ; Message: None
ExecutionTime: 2018-12-21 14:19:25 ; Path：IsEDP.Login.login_st.LoginTest.test_accountError ; TotalUserTime: 4.4210s ; Message: None
ExecutionTime: 2018-12-21 14:19:30 ; Path：IsEDP.Login.login_st.LoginTest.test_accountLong ; TotalUserTime: 4.8340s ; Message: None
ExecutionTime: 2018-12-21 14:19:34 ; Path：IsEDP.Login.login_st.LoginTest.test_accountNull ; TotalUserTime: 3.3240s ; Message: None
ExecutionTime: 2018-12-21 14:19:38 ; Path：IsEDP.Login.login_st.LoginTest.test_accountSpace ; TotalUserTime: 4.2880s ; Message: None
ExecutionTime: 2018-12-21 14:19:43 ; Path：IsEDP.Login.login_st.LoginTest.test_accountSymbol ; TotalUserTime: 4.3830s ; Message: None
ExecutionTime: 2018-12-21 14:19:43 ; Path：IsEDP.Login.login_st.LoginTest.test_loginLogo ; TotalUserTime: 0.4450s ; Message: None
ExecutionTime: 2018-12-21 14:19:48 ; Path：IsEDP.Login.login_st.LoginTest.test_passwordBoundaryAfter ; TotalUserTime: 4.6710s ; Message: None
ExecutionTime: 2018-12-21 14:19:53 ; Path：IsEDP.Login.login_st.LoginTest.test_passwordBoundaryFront ; TotalUserTime: 4.3580s ; Message: None
ExecutionTime: 2018-12-21 14:19:57 ; Path：IsEDP.Login.login_st.LoginTest.test_passwordError ; TotalUserTime: 4.3800s ; Message: None
ExecutionTime: 2018-12-21 14:20:01 ; Path：IsEDP.Login.login_st.LoginTest.test_passwordForgetError ; TotalUserTime: 3.5760s ; Message: None
ExecutionTime: 2018-12-21 14:20:08 ; Path：IsEDP.Login.login_st.LoginTest.test_passwordForgetError ; TotalUserTime: 3.5040s ; Message: None
ExecutionTime: 2018-12-21 14:20:11 ; Path：IsEDP.Login.login_st.LoginTest.test_passwordForgetNull ; TotalUserTime: 3.2660s ; Message: None
ExecutionTime: 2018-12-21 14:20:18 ; Path：IsEDP.Login.login_st.LoginTest.test_passwordForgetNull ; TotalUserTime: 3.2660s ; Message: None
ExecutionTime: 2018-12-21 14:20:23 ; Path：IsEDP.Login.login_st.LoginTest.test_passwordLong ; TotalUserTime: 4.7770s ; Message: None
ExecutionTime: 2018-12-21 14:20:27 ; Path：IsEDP.Login.login_st.LoginTest.test_passwordNull ; TotalUserTime: 3.3120s ; Message: None
ExecutionTime: 2018-12-21 14:20:31 ; Path：IsEDP.Login.login_st.LoginTest.test_passwordSpace ; TotalUserTime: 4.3210s ; Message: None
ExecutionTime: 2018-12-21 14:22:26 ; Path：IsEDP.Login.login_st.LoginTest.test_accountBoundaryAfter ; TotalUserTime: 4.3960s ; Message: None
ExecutionTime: 2018-12-21 14:22:31 ; Path：IsEDP.Login.login_st.LoginTest.test_accountBoundaryFront ; TotalUserTime: 4.3440s ; Message: None
ExecutionTime: 2018-12-21 14:22:35 ; Path：IsEDP.Login.login_st.LoginTest.test_accountError ; TotalUserTime: 4.3590s ; Message: None
ExecutionTime: 2018-12-21 14:22:40 ; Path：IsEDP.Login.login_st.LoginTest.test_accountLong ; TotalUserTime: 4.8430s ; Message: None
ExecutionTime: 2018-12-21 14:22:44 ; Path：IsEDP.Login.login_st.LoginTest.test_accountNull ; TotalUserTime: 3.3500s ; Message: None
ExecutionTime: 2018-12-21 14:22:48 ; Path：IsEDP.Login.login_st.LoginTest.test_accountSpace ; TotalUserTime: 4.3110s ; Message: None
ExecutionTime: 2018-12-21 14:22:53 ; Path：IsEDP.Login.login_st.LoginTest.test_accountSymbol ; TotalUserTime: 4.3970s ; Message: None
ExecutionTime: 2018-12-21 14:22:54 ; Path：IsEDP.Login.login_st.LoginTest.test_loginLogo ; TotalUserTime: 0.3910s ; Message: None
ExecutionTime: 2018-12-21 14:22:58 ; Path：IsEDP.Login.login_st.LoginTest.test_passwordBoundaryAfter ; TotalUserTime: 4.6610s ; Message: None
ExecutionTime: 2018-12-21 14:23:03 ; Path：IsEDP.Login.login_st.LoginTest.test_passwordBoundaryFront ; TotalUserTime: 4.3510s ; Message: None
ExecutionTime: 2018-12-21 14:23:07 ; Path：IsEDP.Login.login_st.LoginTest.test_passwordError ; TotalUserTime: 4.3710s ; Message: None
ExecutionTime: 2018-12-21 14:23:13 ; Path：IsEDP.Login.login_st.LoginTest.test_passwordForgetError ; TotalUserTime: 5.4590s ; Message: None
ExecutionTime: 2018-12-21 14:23:17 ; Path：IsEDP.Login.login_st.LoginTest.test_passwordForgetNull ; TotalUserTime: 3.2870s ; Message: None
ExecutionTime: 2018-12-21 14:23:22 ; Path：IsEDP.Login.login_st.LoginTest.test_passwordLong ; TotalUserTime: 4.7580s ; Message: None
ExecutionTime: 2018-12-21 14:23:25 ; Path：IsEDP.Login.login_st.LoginTest.test_passwordNull ; TotalUserTime: 3.3500s ; Message: None
ExecutionTime: 2018-12-21 14:23:29 ; Path：IsEDP.Login.login_st.LoginTest.test_passwordSpace ; TotalUserTime: 4.3160s ; Message: None
ExecutionTime: 2018-12-21 14:42:03 ; Path：login_st.LoginTest.test_passwordError ; TotalUserTime: 4.4160s ; Message: None
ExecutionTime: 2018-12-21 14:44:32 ; Path：login_st.LoginTest.test_passwordError ; TotalUserTime: 4.3830s ; Message: None
ExecutionTime: 2018-12-21 14:45:21 ; Path：IsEDP.Login.login_st.LoginTest.test_accountBoundaryAfter ; TotalUserTime: 4.3740s ; Message: None
ExecutionTime: 2018-12-21 14:45:26 ; Path：IsEDP.Login.login_st.LoginTest.test_accountBoundaryFront ; TotalUserTime: 4.3380s ; Message: None
ExecutionTime: 2018-12-21 14:45:32 ; Path：IsEDP.Login.login_st.LoginTest.test_accountError ; TotalUserTime: 4.3710s ; Message: None
ExecutionTime: 2018-12-21 14:45:37 ; Path：IsEDP.Login.login_st.LoginTest.test_accountLong ; TotalUserTime: 4.8040s ; Message: None
ExecutionTime: 2018-12-21 14:45:42 ; Path：IsEDP.Login.login_st.LoginTest.test_accountNull ; TotalUserTime: 3.2880s ; Message: None
ExecutionTime: 2018-12-21 14:45:47 ; Path：IsEDP.Login.login_st.LoginTest.test_accountSpace ; TotalUserTime: 4.3280s ; Message: None
ExecutionTime: 2018-12-21 14:45:52 ; Path：IsEDP.Login.login_st.LoginTest.test_accountSymbol ; TotalUserTime: 4.3660s ; Message: None
ExecutionTime: 2018-12-21 14:45:54 ; Path：IsEDP.Login.login_st.LoginTest.test_loginLogo ; TotalUserTime: 0.6490s ; Message: None
ExecutionTime: 2018-12-21 14:45:59 ; Path：IsEDP.Login.login_st.LoginTest.test_passwordBoundaryAfter ; TotalUserTime: 4.6360s ; Message: None
ExecutionTime: 2018-12-21 14:46:05 ; Path：IsEDP.Login.login_st.LoginTest.test_passwordBoundaryFront ; TotalUserTime: 4.3950s ; Message: None
ExecutionTime: 2018-12-21 14:46:11 ; Path：IsEDP.Login.login_st.LoginTest.test_passwordError ; TotalUserTime: 4.3340s ; Message: None
ExecutionTime: 2018-12-21 14:46:17 ; Path：IsEDP.Login.login_st.LoginTest.test_passwordForgetError ; TotalUserTime: 5.4510s ; Message: None
ExecutionTime: 2018-12-21 14:46:21 ; Path：IsEDP.Login.login_st.LoginTest.test_passwordForgetNull ; TotalUserTime: 3.2730s ; Message: None
ExecutionTime: 2018-12-21 14:46:27 ; Path：IsEDP.Login.login_st.LoginTest.test_passwordLong ; TotalUserTime: 4.7580s ; Message: None
ExecutionTime: 2018-12-21 14:46:31 ; Path：IsEDP.Login.login_st.LoginTest.test_passwordNull ; TotalUserTime: 3.3310s ; Message: None
ExecutionTime: 2018-12-21 14:46:36 ; Path：IsEDP.Login.login_st.LoginTest.test_passwordSpace ; TotalUserTime: 4.2950s ; Message: None
ExecutionTime: 2018-12-21 14:48:32 ; Path：IsEDP.Login.login_st.LoginTest.test_accountBoundaryAfter ; TotalUserTime: 4.3680s ; Message: None
ExecutionTime: 2018-12-21 14:48:37 ; Path：IsEDP.Login.login_st.LoginTest.test_accountBoundaryFront ; TotalUserTime: 4.3290s ; Message: None
ExecutionTime: 2018-12-21 14:48:41 ; Path：IsEDP.Login.login_st.LoginTest.test_accountError ; TotalUserTime: 4.3700s ; Message: None
ExecutionTime: 2018-12-21 14:48:49 ; Path：IsEDP.Login.login_st.LoginTest.test_accountError ; TotalUserTime: 4.3640s ; Message: None
ExecutionTime: 2018-12-21 14:48:54 ; Path：IsEDP.Login.login_st.LoginTest.test_accountLong ; TotalUserTime: 4.8800s ; Message: None
ExecutionTime: 2018-12-21 14:48:57 ; Path：IsEDP.Login.login_st.LoginTest.test_accountNull ; TotalUserTime: 3.3650s ; Message: None
ExecutionTime: 2018-12-21 14:49:02 ; Path：IsEDP.Login.login_st.LoginTest.test_accountSpace ; TotalUserTime: 4.3090s ; Message: None
ExecutionTime: 2018-12-21 14:49:07 ; Path：IsEDP.Login.login_st.LoginTest.test_accountSymbol ; TotalUserTime: 4.3740s ; Message: None
ExecutionTime: 2018-12-21 14:49:07 ; Path：IsEDP.Login.login_st.LoginTest.test_loginLogo ; TotalUserTime: 0.4370s ; Message: None
ExecutionTime: 2018-12-21 14:49:12 ; Path：IsEDP.Login.login_st.LoginTest.test_passwordBoundaryAfter ; TotalUserTime: 4.6690s ; Message: None
ExecutionTime: 2018-12-21 14:49:17 ; Path：IsEDP.Login.login_st.LoginTest.test_passwordBoundaryFront ; TotalUserTime: 4.3280s ; Message: None
ExecutionTime: 2018-12-21 14:49:21 ; Path：IsEDP.Login.login_st.LoginTest.test_passwordError ; TotalUserTime: 4.3540s ; Message: None
ExecutionTime: 2018-12-21 14:49:27 ; Path：IsEDP.Login.login_st.LoginTest.test_passwordForgetError ; TotalUserTime: 5.4820s ; Message: None
ExecutionTime: 2018-12-21 14:49:30 ; Path：IsEDP.Login.login_st.LoginTest.test_passwordForgetNull ; TotalUserTime: 3.3000s ; Message: None
ExecutionTime: 2018-12-21 14:49:35 ; Path：IsEDP.Login.login_st.LoginTest.test_passwordLong ; TotalUserTime: 4.7690s ; Message: None
ExecutionTime: 2018-12-21 14:49:39 ; Path：IsEDP.Login.login_st.LoginTest.test_passwordNull ; TotalUserTime: 3.3440s ; Message: None
ExecutionTime: 2018-12-21 14:49:43 ; Path：IsEDP.Login.login_st.LoginTest.test_passwordSpace ; TotalUserTime: 4.3220s ; Message: None
ExecutionTime: 2018-12-21 15:38:48 ; Path：IsEDP.Login.login_st.LoginTest.test_accountBoundaryAfter ; TotalUserTime: 4.3860s ; Message: None
ExecutionTime: 2018-12-21 15:38:53 ; Path：IsEDP.Login.login_st.LoginTest.test_accountBoundaryFront ; TotalUserTime: 4.3550s ; Message: None
ExecutionTime: 2018-12-21 15:38:57 ; Path：IsEDP.Login.login_st.LoginTest.test_accountError ; TotalUserTime: 4.3380s ; Message: None
ExecutionTime: 2018-12-21 15:39:02 ; Path：IsEDP.Login.login_st.LoginTest.test_accountLong ; TotalUserTime: 4.8270s ; Message: None
ExecutionTime: 2018-12-21 15:39:06 ; Path：IsEDP.Login.login_st.LoginTest.test_accountNull ; TotalUserTime: 3.3280s ; Message: None
ExecutionTime: 2018-12-21 15:39:10 ; Path：IsEDP.Login.login_st.LoginTest.test_accountSpace ; TotalUserTime: 4.2880s ; Message: None
ExecutionTime: 2018-12-21 15:39:15 ; Path：IsEDP.Login.login_st.LoginTest.test_accountSymbol ; TotalUserTime: 4.4020s ; Message: None
ExecutionTime: 2018-12-21 15:39:15 ; Path：IsEDP.Login.login_st.LoginTest.test_loginLogo ; TotalUserTime: 0.4630s ; Message: None
ExecutionTime: 2018-12-21 15:39:20 ; Path：IsEDP.Login.login_st.LoginTest.test_passwordBoundaryAfter ; TotalUserTime: 4.6560s ; Message: None
ExecutionTime: 2018-12-21 15:39:25 ; Path：IsEDP.Login.login_st.LoginTest.test_passwordBoundaryFront ; TotalUserTime: 4.3610s ; Message: None
ExecutionTime: 2018-12-21 15:39:29 ; Path：IsEDP.Login.login_st.LoginTest.test_passwordError ; TotalUserTime: 4.3510s ; Message: None
ExecutionTime: 2018-12-21 15:39:35 ; Path：IsEDP.Login.login_st.LoginTest.test_passwordForgetError ; TotalUserTime: 5.4800s ; Message: None
ExecutionTime: 2018-12-21 15:39:38 ; Path：IsEDP.Login.login_st.LoginTest.test_passwordForgetNull ; TotalUserTime: 3.3090s ; Message: None
ExecutionTime: 2018-12-21 15:39:43 ; Path：IsEDP.Login.login_st.LoginTest.test_passwordLong ; TotalUserTime: 4.7660s ; Message: None
ExecutionTime: 2018-12-21 15:39:47 ; Path：IsEDP.Login.login_st.LoginTest.test_passwordNull ; TotalUserTime: 3.3450s ; Message: None
ExecutionTime: 2018-12-21 15:39:51 ; Path：IsEDP.Login.login_st.LoginTest.test_passwordSpace ; TotalUserTime: 4.2910s ; Message: None
ExecutionTime: 2018-12-21 15:39:57 ; Path：IsEDP.Login.login_st.LoginTest.test_passwordSuccessAccount ; TotalUserTime: 5.4360s ; Message: None
ExecutionTime: 2018-12-21 15:58:46 ; Path：IsEDP.Login.login_st.LoginTest.test_accountBoundaryAfter ; TotalUserTime: 4.3560s ; Message: None
ExecutionTime: 2018-12-21 15:58:51 ; Path：IsEDP.Login.login_st.LoginTest.test_accountBoundaryFront ; TotalUserTime: 4.3480s ; Message: None
ExecutionTime: 2018-12-21 15:58:55 ; Path：IsEDP.Login.login_st.LoginTest.test_accountError ; TotalUserTime: 4.3630s ; Message: None
ExecutionTime: 2018-12-21 15:59:00 ; Path：IsEDP.Login.login_st.LoginTest.test_accountLong ; TotalUserTime: 4.8290s ; Message: None
ExecutionTime: 2018-12-21 15:59:04 ; Path：IsEDP.Login.login_st.LoginTest.test_accountNull ; TotalUserTime: 3.3250s ; Message: None
ExecutionTime: 2018-12-21 15:59:08 ; Path：IsEDP.Login.login_st.LoginTest.test_accountSpace ; TotalUserTime: 4.3020s ; Message: None
ExecutionTime: 2018-12-21 15:59:13 ; Path：IsEDP.Login.login_st.LoginTest.test_accountSymbol ; TotalUserTime: 4.3780s ; Message: None
ExecutionTime: 2018-12-21 15:59:13 ; Path：IsEDP.Login.login_st.LoginTest.test_loginLogo ; TotalUserTime: 0.4010s ; Message: None
ExecutionTime: 2018-12-21 15:59:18 ; Path：IsEDP.Login.login_st.LoginTest.test_passwordBoundaryAfter ; TotalUserTime: 4.6720s ; Message: None
ExecutionTime: 2018-12-21 15:59:23 ; Path：IsEDP.Login.login_st.LoginTest.test_passwordBoundaryFront ; TotalUserTime: 4.3310s ; Message: None
ExecutionTime: 2018-12-21 15:59:27 ; Path：IsEDP.Login.login_st.LoginTest.test_passwordError ; TotalUserTime: 4.3590s ; Message: None
ExecutionTime: 2018-12-21 15:59:33 ; Path：IsEDP.Login.login_st.LoginTest.test_passwordForgetError ; TotalUserTime: 5.4710s ; Message: None
ExecutionTime: 2018-12-21 15:59:36 ; Path：IsEDP.Login.login_st.LoginTest.test_passwordForgetNull ; TotalUserTime: 3.2990s ; Message: None
ExecutionTime: 2018-12-21 15:59:41 ; Path：IsEDP.Login.login_st.LoginTest.test_passwordLong ; TotalUserTime: 4.7700s ; Message: None
ExecutionTime: 2018-12-21 15:59:45 ; Path：IsEDP.Login.login_st.LoginTest.test_passwordNull ; TotalUserTime: 3.3440s ; Message: None
ExecutionTime: 2018-12-21 15:59:49 ; Path：IsEDP.Login.login_st.LoginTest.test_passwordSpace ; TotalUserTime: 4.3350s ; Message: None
ExecutionTime: 2018-12-21 15:59:55 ; Path：IsEDP.Login.login_st.LoginTest.test_passwordSuccessAccount ; TotalUserTime: 5.3930s ; Message: None
ExecutionTime: 2018-12-21 16:10:39 ; Path：menu_st.MenuManager.test_createNull ; TotalUserTime: 0.0030s ; Message: list index out of range
ExecutionTime: 2018-12-21 16:11:56 ; Path：menu_st.MenuManager.test_createNull ; TotalUserTime: 0.0030s ; Message: list index out of range
ExecutionTime: 2018-12-21 16:11:59 ; Path：menu_st.MenuManager.test_createNull ; TotalUserTime: 0.0030s ; Message: <class 'Exception'>
ExecutionTime: 2018-12-21 16:14:20 ; Path：menu_st.MenuManager.test_createNull ; TotalUserTime: 0.0030s ; Message: list index out of range
ExecutionTime: 2018-12-21 16:14:23 ; Path：menu_st.MenuManager.test_createNull ; TotalUserTime: 0.0030s ; Message: <class 'Exception'>
ExecutionTime: 2018-12-21 16:16:45 ; Path：menu_st.MenuManager.test_createNull ; TotalUserTime: 0.0040s ; Message: list index out of range
ExecutionTime: 2018-12-21 16:16:48 ; Path：menu_st.MenuManager.test_createNull ; TotalUserTime: 0.0030s ; Message: <class 'Exception'>
ExecutionTime: 2018-12-21 16:19:01 ; Path：IsEDP.Login.login_st.LoginTest.test_accountBoundaryAfter ; TotalUserTime: 4.4080s ; Message: None
ExecutionTime: 2018-12-21 16:19:06 ; Path：IsEDP.Login.login_st.LoginTest.test_accountBoundaryFront ; TotalUserTime: 4.3610s ; Message: None
ExecutionTime: 2018-12-21 16:19:10 ; Path：IsEDP.Login.login_st.LoginTest.test_accountError ; TotalUserTime: 4.3690s ; Message: None
ExecutionTime: 2018-12-21 16:19:15 ; Path：IsEDP.Login.login_st.LoginTest.test_accountLong ; TotalUserTime: 4.7920s ; Message: None
ExecutionTime: 2018-12-21 16:19:19 ; Path：IsEDP.Login.login_st.LoginTest.test_accountNull ; TotalUserTime: 3.3340s ; Message: None
ExecutionTime: 2018-12-21 16:19:23 ; Path：IsEDP.Login.login_st.LoginTest.test_accountSpace ; TotalUserTime: 4.3110s ; Message: None
ExecutionTime: 2018-12-21 16:19:28 ; Path：IsEDP.Login.login_st.LoginTest.test_accountSymbol ; TotalUserTime: 4.3750s ; Message: None
ExecutionTime: 2018-12-21 16:19:29 ; Path：IsEDP.Login.login_st.LoginTest.test_loginLogo ; TotalUserTime: 0.3910s ; Message: None
ExecutionTime: 2018-12-21 16:19:33 ; Path：IsEDP.Login.login_st.LoginTest.test_passwordBoundaryAfter ; TotalUserTime: 4.6500s ; Message: None
ExecutionTime: 2018-12-21 16:19:38 ; Path：IsEDP.Login.login_st.LoginTest.test_passwordBoundaryFront ; TotalUserTime: 4.2880s ; Message: None
ExecutionTime: 2018-12-21 16:19:42 ; Path：IsEDP.Login.login_st.LoginTest.test_passwordError ; TotalUserTime: 4.3650s ; Message: None
ExecutionTime: 2018-12-21 16:19:48 ; Path：IsEDP.Login.login_st.LoginTest.test_passwordForgetError ; TotalUserTime: 5.4330s ; Message: None
ExecutionTime: 2018-12-21 16:19:52 ; Path：IsEDP.Login.login_st.LoginTest.test_passwordForgetNull ; TotalUserTime: 3.3090s ; Message: None
ExecutionTime: 2018-12-21 16:19:56 ; Path：IsEDP.Login.login_st.LoginTest.test_passwordLong ; TotalUserTime: 4.7120s ; Message: None
ExecutionTime: 2018-12-21 16:20:00 ; Path：IsEDP.Login.login_st.LoginTest.test_passwordNull ; TotalUserTime: 3.2910s ; Message: None
ExecutionTime: 2018-12-21 16:20:04 ; Path：IsEDP.Login.login_st.LoginTest.test_passwordSpace ; TotalUserTime: 4.3090s ; Message: None
ExecutionTime: 2018-12-21 16:20:10 ; Path：IsEDP.Login.login_st.LoginTest.test_passwordSuccessAccount ; TotalUserTime: 5.3860s ; Message: None
ExecutionTime: 2018-12-21 16:44:29 ; Path：menu_st.MenuManager.test_createNull ; TotalUserTime: 0.0010s ; Message: None
ExecutionTime: 2018-12-21 16:44:32 ; Path：menu_st.MenuManager.test_createNull ; TotalUserTime: 0.0020s ; Message: <class 'Exception'>
ExecutionTime: 2018-12-21 16:53:32 ; Path：menu_st.MenuManager.test_createNull ; TotalUserTime: 0.0010s ; Message: None
ExecutionTime: 2018-12-21 16:53:35 ; Path：menu_st.MenuManager.test_createNull ; TotalUserTime: 0.0010s ; Message: <class 'Exception'>
ExecutionTime: 2018-12-21 17:00:51 ; Path：menu_st.MenuManager.test_createNull ; TotalUserTime: 0.0010s ; Message: None
ExecutionTime: 2018-12-21 17:00:54 ; Path：menu_st.MenuManager.test_createNull ; TotalUserTime: 0.0010s ; Message: <class 'Exception'>
ExecutionTime: 2018-12-21 18:02:36 ; Path：IsEDP.Login.login_st.LoginTest.test_accountBoundaryAfter ; TotalUserTime: 4.3490s ; Message: None
ExecutionTime: 2018-12-21 18:02:41 ; Path：IsEDP.Login.login_st.LoginTest.test_accountBoundaryFront ; TotalUserTime: 4.2680s ; Message: None
ExecutionTime: 2018-12-21 18:02:45 ; Path：IsEDP.Login.login_st.LoginTest.test_accountError ; TotalUserTime: 4.3360s ; Message: None
ExecutionTime: 2018-12-21 18:02:50 ; Path：IsEDP.Login.login_st.LoginTest.test_accountLong ; TotalUserTime: 4.7890s ; Message: None
ExecutionTime: 2018-12-21 18:03:15 ; Path：IsEDP.Login.login_st.LoginTest.test_accountBoundaryAfter ; TotalUserTime: 4.3610s ; Message: None
ExecutionTime: 2018-12-21 18:03:20 ; Path：IsEDP.Login.login_st.LoginTest.test_accountBoundaryFront ; TotalUserTime: 4.3200s ; Message: None
ExecutionTime: 2018-12-21 18:03:24 ; Path：IsEDP.Login.login_st.LoginTest.test_accountError ; TotalUserTime: 4.3320s ; Message: None
ExecutionTime: 2018-12-21 18:03:29 ; Path：IsEDP.Login.login_st.LoginTest.test_accountLong ; TotalUserTime: 4.7470s ; Message: None
ExecutionTime: 2018-12-21 18:03:33 ; Path：IsEDP.Login.login_st.LoginTest.test_accountNull ; TotalUserTime: 3.2920s ; Message: None
ExecutionTime: 2018-12-21 18:03:37 ; Path：IsEDP.Login.login_st.LoginTest.test_accountSpace ; TotalUserTime: 4.2910s ; Message: None
ExecutionTime: 2018-12-21 18:03:42 ; Path：IsEDP.Login.login_st.LoginTest.test_accountSymbol ; TotalUserTime: 4.3470s ; Message: None
ExecutionTime: 2018-12-21 18:03:42 ; Path：IsEDP.Login.login_st.LoginTest.test_loginLogo ; TotalUserTime: 0.3910s ; Message: None
ExecutionTime: 2018-12-21 18:03:47 ; Path：IsEDP.Login.login_st.LoginTest.test_passwordBoundaryAfter ; TotalUserTime: 4.5580s ; Message: None
ExecutionTime: 2018-12-21 18:03:51 ; Path：IsEDP.Login.login_st.LoginTest.test_passwordBoundaryFront ; TotalUserTime: 4.3140s ; Message: None
ExecutionTime: 2018-12-21 18:03:56 ; Path：IsEDP.Login.login_st.LoginTest.test_passwordError ; TotalUserTime: 4.3440s ; Message: None
ExecutionTime: 2018-12-21 18:04:02 ; Path：IsEDP.Login.login_st.LoginTest.test_passwordForgetError ; TotalUserTime: 5.4700s ; Message: None
ExecutionTime: 2018-12-21 18:04:05 ; Path：IsEDP.Login.login_st.LoginTest.test_passwordForgetNull ; TotalUserTime: 3.2950s ; Message: None
ExecutionTime: 2018-12-21 18:04:10 ; Path：IsEDP.Login.login_st.LoginTest.test_passwordLong ; TotalUserTime: 4.6660s ; Message: None
ExecutionTime: 2018-12-21 18:04:13 ; Path：IsEDP.Login.login_st.LoginTest.test_passwordNull ; TotalUserTime: 3.2780s ; Message: None
ExecutionTime: 2018-12-21 18:04:18 ; Path：IsEDP.Login.login_st.LoginTest.test_passwordSpace ; TotalUserTime: 4.2880s ; Message: None
ExecutionTime: 2018-12-21 18:04:23 ; Path：IsEDP.Login.login_st.LoginTest.test_passwordSuccessAccount ; TotalUserTime: 5.3420s ; Message: None
ExecutionTime: 2018-12-21 18:10:47 ; Path：IsEDP.Login.login_st.LoginTest.test_accountBoundaryAfter ; TotalUserTime: 4.3640s ; Message: None
ExecutionTime: 2018-12-21 18:10:52 ; Path：IsEDP.Login.login_st.LoginTest.test_accountBoundaryFront ; TotalUserTime: 4.2980s ; Message: None
ExecutionTime: 2018-12-21 18:10:56 ; Path：IsEDP.Login.login_st.LoginTest.test_accountError ; TotalUserTime: 4.3380s ; Message: None
ExecutionTime: 2018-12-21 18:11:02 ; Path：IsEDP.Login.login_st.LoginTest.test_accountLong ; TotalUserTime: 5.1170s ; Message: None
ExecutionTime: 2018-12-21 18:11:05 ; Path：IsEDP.Login.login_st.LoginTest.test_accountNull ; TotalUserTime: 3.3450s ; Message: None
ExecutionTime: 2018-12-21 18:11:10 ; Path：IsEDP.Login.login_st.LoginTest.test_accountSpace ; TotalUserTime: 4.2790s ; Message: None
ExecutionTime: 2018-12-21 18:11:14 ; Path：IsEDP.Login.login_st.LoginTest.test_accountSymbol ; TotalUserTime: 4.3780s ; Message: None
ExecutionTime: 2018-12-21 18:11:15 ; Path：IsEDP.Login.login_st.LoginTest.test_loginLogo ; TotalUserTime: 0.4290s ; Message: None
ExecutionTime: 2018-12-21 18:11:19 ; Path：IsEDP.Login.login_st.LoginTest.test_passwordBoundaryAfter ; TotalUserTime: 4.5640s ; Message: None
ExecutionTime: 2018-12-21 18:11:24 ; Path：IsEDP.Login.login_st.LoginTest.test_passwordBoundaryFront ; TotalUserTime: 4.3330s ; Message: None
ExecutionTime: 2018-12-21 18:11:28 ; Path：IsEDP.Login.login_st.LoginTest.test_passwordError ; TotalUserTime: 4.3270s ; Message: None
ExecutionTime: 2018-12-21 18:11:34 ; Path：IsEDP.Login.login_st.LoginTest.test_passwordForgetError ; TotalUserTime: 5.4330s ; Message: None
ExecutionTime: 2018-12-21 18:11:37 ; Path：IsEDP.Login.login_st.LoginTest.test_passwordForgetNull ; TotalUserTime: 3.2660s ; Message: None
ExecutionTime: 2018-12-21 18:11:42 ; Path：IsEDP.Login.login_st.LoginTest.test_passwordLong ; TotalUserTime: 4.6530s ; Message: None
ExecutionTime: 2018-12-21 18:11:46 ; Path：IsEDP.Login.login_st.LoginTest.test_passwordNull ; TotalUserTime: 3.2710s ; Message: None
ExecutionTime: 2018-12-21 18:11:50 ; Path：IsEDP.Login.login_st.LoginTest.test_passwordSpace ; TotalUserTime: 4.2940s ; Message: None
ExecutionTime: 2018-12-21 18:11:56 ; Path：IsEDP.Login.login_st.LoginTest.test_passwordSuccessAccount ; TotalUserTime: 5.3180s ; Message: None
ExecutionTime: 2018-12-21 18:46:00 ; Path：IsEDP.Login.login_st.LoginTest.test_accountBoundaryAfter ; TotalUserTime: 4.3530s ; Message: None
ExecutionTime: 2018-12-21 18:46:04 ; Path：IsEDP.Login.login_st.LoginTest.test_accountBoundaryFront ; TotalUserTime: 4.3070s ; Message: None
ExecutionTime: 2018-12-21 18:46:09 ; Path：IsEDP.Login.login_st.LoginTest.test_accountError ; TotalUserTime: 4.3390s ; Message: None
ExecutionTime: 2018-12-21 18:46:14 ; Path：IsEDP.Login.login_st.LoginTest.test_accountLong ; TotalUserTime: 4.7380s ; Message: None
ExecutionTime: 2018-12-21 18:46:17 ; Path：IsEDP.Login.login_st.LoginTest.test_accountNull ; TotalUserTime: 3.3150s ; Message: None
ExecutionTime: 2018-12-21 18:46:22 ; Path：IsEDP.Login.login_st.LoginTest.test_accountSpace ; TotalUserTime: 4.2970s ; Message: None
ExecutionTime: 2018-12-21 18:46:26 ; Path：IsEDP.Login.login_st.LoginTest.test_accountSymbol ; TotalUserTime: 4.3830s ; Message: None
ExecutionTime: 2018-12-21 18:46:27 ; Path：IsEDP.Login.login_st.LoginTest.test_loginLogo ; TotalUserTime: 0.3800s ; Message: None
ExecutionTime: 2018-12-21 18:46:32 ; Path：IsEDP.Login.login_st.LoginTest.test_passwordBoundaryAfter ; TotalUserTime: 4.5600s ; Message: None
ExecutionTime: 2018-12-21 18:46:36 ; Path：IsEDP.Login.login_st.LoginTest.test_passwordBoundaryFront ; TotalUserTime: 4.3090s ; Message: None
ExecutionTime: 2018-12-21 18:46:41 ; Path：IsEDP.Login.login_st.LoginTest.test_passwordError ; TotalUserTime: 4.3160s ; Message: None
ExecutionTime: 2018-12-21 18:46:46 ; Path：IsEDP.Login.login_st.LoginTest.test_passwordForgetError ; TotalUserTime: 5.4250s ; Message: None
ExecutionTime: 2018-12-21 18:46:50 ; Path：IsEDP.Login.login_st.LoginTest.test_passwordForgetNull ; TotalUserTime: 3.3400s ; Message: None
ExecutionTime: 2018-12-21 18:46:55 ; Path：IsEDP.Login.login_st.LoginTest.test_passwordLong ; TotalUserTime: 4.6580s ; Message: None
ExecutionTime: 2018-12-21 18:46:58 ; Path：IsEDP.Login.login_st.LoginTest.test_passwordNull ; TotalUserTime: 3.2750s ; Message: None
ExecutionTime: 2018-12-21 18:47:02 ; Path：IsEDP.Login.login_st.LoginTest.test_passwordSpace ; TotalUserTime: 4.3050s ; Message: None
ExecutionTime: 2018-12-21 18:47:08 ; Path：IsEDP.Login.login_st.LoginTest.test_passwordSuccessAccount ; TotalUserTime: 5.3440s ; Message: None
