ExecutionTime: 2018-12-19 09:15:16 ; Path：login_st.LoginTest.test_accountError ; TotalUserTime: 2.3610s ; Message: None
ExecutionTime: 2018-12-19 09:15:19 ; Path：login_st.LoginTest.test_accountLong ; TotalUserTime: 3.2370s ; Message:  :: user admin_admin not exist != user admin_adminadmin_adminadmin_adminadmin_adminadmin_adminadmin_adminadmin_adminadmin_adminadmin_adminadmin_adminadmin_adminadmin_admin not exist
ExecutionTime: 2018-12-19 12:03:14 ; Path：login_st.LoginTest.test_accountError ; TotalUserTime: 2.3400s ; Message: None
ExecutionTime: 2018-12-19 12:03:16 ; Path：login_st.LoginTest.test_accountLong ; TotalUserTime: 2.6420s ; Message: None
ExecutionTime: 2018-12-19 12:04:26 ; Path：login_st.LoginTest.test_accountError ; TotalUserTime: 2.3480s ; Message: None
ExecutionTime: 2018-12-19 12:04:28 ; Path：login_st.LoginTest.test_accountLong ; TotalUserTime: 2.6770s ; Message: None
ExecutionTime: 2018-12-19 12:06:14 ; Path：login_st.LoginTest.test_accountError ; TotalUserTime: 2.3350s ; Message: None
ExecutionTime: 2018-12-19 12:06:17 ; Path：login_st.LoginTest.test_accountLong ; TotalUserTime: 2.6610s ; Message: None
ExecutionTime: 2018-12-19 12:23:03 ; Path：login_st.LoginTest.test_accountError ; TotalUserTime: 2.3320s ; Message: None
ExecutionTime: 2018-12-19 12:23:05 ; Path：login_st.LoginTest.test_accountLong ; TotalUserTime: 2.6610s ; Message:  :: user admin_admin not exist != user admin_adminadmin_adminadmin_adminadmin_adminadmin_adminadmin_adminadmin_adminadmin_adminadmin_adminadmin_adminadmin_adminadmin_admin not exist
ExecutionTime: 2018-12-19 12:23:33 ; Path：login_st.LoginTest.test_accountError ; TotalUserTime: 2.3530s ; Message: None
ExecutionTime: 2018-12-19 12:23:36 ; Path：login_st.LoginTest.test_accountLong ; TotalUserTime: 2.6570s ; Message: None
ExecutionTime: 2018-12-19 12:25:07 ; Path：login_st.LoginTest.test_accountError ; TotalUserTime: 2.3510s ; Message: None
ExecutionTime: 2018-12-19 12:25:10 ; Path：login_st.LoginTest.test_accountLong ; TotalUserTime: 2.6660s ; Message: None
ExecutionTime: 2018-12-19 13:43:32 ; Path：login_st.LoginTest.test_accountError ; TotalUserTime: 4.7610s ; Message: None
ExecutionTime: 2018-12-19 13:43:35 ; Path：login_st.LoginTest.test_accountLong ; TotalUserTime: 2.5120s ; Message: None
ExecutionTime: 2018-12-19 13:53:04 ; Path：login_st.LoginTest.test_accountError ; TotalUserTime: 2.3090s ; Message: None
ExecutionTime: 2018-12-19 13:53:06 ; Path：login_st.LoginTest.test_accountLong ; TotalUserTime: 2.5930s ; Message: None
ExecutionTime: 2018-12-19 13:55:06 ; Path：login_st.LoginTest.test_accountError ; TotalUserTime: 2.3560s ; Message: None
ExecutionTime: 2018-12-19 13:55:09 ; Path：login_st.LoginTest.test_accountLong ; TotalUserTime: 2.5110s ; Message: None
ExecutionTime: 2018-12-19 13:58:23 ; Path：login_st.LoginTest.test_accountError ; TotalUserTime: 2.3580s ; Message: None
ExecutionTime: 2018-12-19 13:58:26 ; Path：login_st.LoginTest.test_accountLong ; TotalUserTime: 2.4950s ; Message: None
ExecutionTime: 2018-12-19 13:59:36 ; Path：login_st.LoginTest.test_accountError ; TotalUserTime: 2.3360s ; Message: None
ExecutionTime: 2018-12-19 13:59:38 ; Path：login_st.LoginTest.test_accountLong ; TotalUserTime: 2.5020s ; Message: None
ExecutionTime: 2018-12-19 14:00:47 ; Path：login_st.LoginTest.test_accountError ; TotalUserTime: 2.3460s ; Message: None
ExecutionTime: 2018-12-19 14:00:50 ; Path：login_st.LoginTest.test_accountLong ; TotalUserTime: 2.5020s ; Message: None
ExecutionTime: 2018-12-19 14:01:33 ; Path：login_st.LoginTest.test_accountError ; TotalUserTime: 2.3400s ; Message: None
ExecutionTime: 2018-12-19 14:01:36 ; Path：login_st.LoginTest.test_accountLong ; TotalUserTime: 2.4990s ; Message: None
ExecutionTime: 2018-12-19 14:06:32 ; Path：login_st.LoginTest.test_accountError ; TotalUserTime: 5.6880s ; Message: None
ExecutionTime: 2018-12-19 14:06:38 ; Path：login_st.LoginTest.test_accountLong ; TotalUserTime: 5.5380s ; Message: None
ExecutionTime: 2018-12-19 14:07:52 ; Path：login_st.LoginTest.test_accountError ; TotalUserTime: 5.3350s ; Message: None
ExecutionTime: 2018-12-19 14:07:58 ; Path：login_st.LoginTest.test_accountLong ; TotalUserTime: 5.5920s ; Message: None
ExecutionTime: 2018-12-19 14:09:51 ; Path：login_st.LoginTest.test_accountError ; TotalUserTime: 5.3570s ; Message: None
ExecutionTime: 2018-12-19 14:09:57 ; Path：login_st.LoginTest.test_accountLong ; TotalUserTime: 5.5110s ; Message: None
ExecutionTime: 2018-12-19 14:11:34 ; Path：login_st.LoginTest.test_accountError ; TotalUserTime: 5.3510s ; Message: None
ExecutionTime: 2018-12-19 14:11:40 ; Path：login_st.LoginTest.test_accountLong ; TotalUserTime: 5.5130s ; Message: None
ExecutionTime: 2018-12-19 14:12:20 ; Path：login_st.LoginTest.test_accountError ; TotalUserTime: 4.3390s ; Message: None
ExecutionTime: 2018-12-19 14:12:25 ; Path：login_st.LoginTest.test_accountLong ; TotalUserTime: 4.5280s ; Message: None
ExecutionTime: 2018-12-19 14:13:56 ; Path：login_st.LoginTest.test_accountError ; TotalUserTime: 4.3650s ; Message: None
ExecutionTime: 2018-12-19 14:14:00 ; Path：login_st.LoginTest.test_accountLong ; TotalUserTime: 4.4260s ; Message: None
ExecutionTime: 2018-12-19 14:14:53 ; Path：login_st.LoginTest.test_accountError ; TotalUserTime: 4.3380s ; Message: None
ExecutionTime: 2018-12-19 14:14:57 ; Path：login_st.LoginTest.test_accountLong ; TotalUserTime: 4.3480s ; Message: None
ExecutionTime: 2018-12-19 14:18:21 ; Path：login_st.LoginTest.test_accountLong ; TotalUserTime: 4.7900s ; Message: None
ExecutionTime: 2018-12-19 14:19:48 ; Path：login_st.LoginTest.test_accountLong ; TotalUserTime: 6.5430s ; Message: None
ExecutionTime: 2018-12-19 14:21:05 ; Path：login_st.LoginTest.test_accountLong ; TotalUserTime: 6.8860s ; Message: None
ExecutionTime: 2018-12-19 14:21:44 ; Path：login_st.LoginTest.test_accountError ; TotalUserTime: 4.3020s ; Message: None
ExecutionTime: 2018-12-19 14:21:51 ; Path：login_st.LoginTest.test_accountLong ; TotalUserTime: 6.7470s ; Message: None
ExecutionTime: 2018-12-19 14:22:33 ; Path：login_st.LoginTest.test_accountError ; TotalUserTime: 4.3500s ; Message: None
ExecutionTime: 2018-12-19 14:23:06 ; Path：login_st.LoginTest.test_accountLong ; TotalUserTime: 6.8060s ; Message: None
ExecutionTime: 2018-12-19 14:23:58 ; Path：login_st.LoginTest.test_accountLong ; TotalUserTime: 6.8080s ; Message: None
ExecutionTime: 2018-12-19 14:24:28 ; Path：login_st.LoginTest.test_accountError ; TotalUserTime: 4.3300s ; Message: None
ExecutionTime: 2018-12-19 14:24:35 ; Path：login_st.LoginTest.test_accountLong ; TotalUserTime: 6.8280s ; Message: None
ExecutionTime: 2018-12-19 14:27:45 ; Path：login_st.LoginTest.test_accountError ; TotalUserTime: 7.0710s ; Message: None
ExecutionTime: 2018-12-19 14:27:53 ; Path：login_st.LoginTest.test_accountLong ; TotalUserTime: 6.9670s ; Message: None
ExecutionTime: 2018-12-19 14:28:16 ; Path：login_st.LoginTest.test_accountError ; TotalUserTime: 4.4140s ; Message: None
ExecutionTime: 2018-12-19 14:28:23 ; Path：login_st.LoginTest.test_accountLong ; TotalUserTime: 7.0020s ; Message: None
ExecutionTime: 2018-12-19 14:28:53 ; Path：login_st.LoginTest.test_accountError ; TotalUserTime: 2.5250s ; Message: None
ExecutionTime: 2018-12-19 14:28:58 ; Path：login_st.LoginTest.test_accountLong ; TotalUserTime: 4.9250s ; Message: None
ExecutionTime: 2018-12-19 14:29:42 ; Path：login_st.LoginTest.test_accountError ; TotalUserTime: 2.3920s ; Message: None
ExecutionTime: 2018-12-19 14:29:48 ; Path：login_st.LoginTest.test_accountLong ; TotalUserTime: 5.0530s ; Message: None
ExecutionTime: 2018-12-19 14:30:15 ; Path：login_st.LoginTest.test_accountError ; TotalUserTime: 2.3960s ; Message: None
ExecutionTime: 2018-12-19 14:30:20 ; Path：login_st.LoginTest.test_accountLong ; TotalUserTime: 4.3930s ; Message: None
ExecutionTime: 2018-12-19 14:32:45 ; Path：login_st.LoginTest.test_accountError ; TotalUserTime: 3.7500s ; Message: None
ExecutionTime: 2018-12-19 14:32:50 ; Path：login_st.LoginTest.test_accountLong ; TotalUserTime: 3.9230s ; Message: None
ExecutionTime: 2018-12-19 14:34:05 ; Path：login_st.LoginTest.test_accountError ; TotalUserTime: 5.4320s ; Message: None
ExecutionTime: 2018-12-19 14:34:21 ; Path：login_st.LoginTest.test_accountLong ; TotalUserTime: 15.8610s ; Message: list index out of range
ExecutionTime: 2018-12-19 14:35:51 ; Path：login_st.LoginTest.test_accountError ; TotalUserTime: 5.7120s ; Message: None
ExecutionTime: 2018-12-19 14:36:02 ; Path：login_st.LoginTest.test_accountLong ; TotalUserTime: 11.3090s ; Message: None
ExecutionTime: 2018-12-19 14:36:35 ; Path：login_st.LoginTest.test_accountError ; TotalUserTime: 3.3790s ; Message: None
ExecutionTime: 2018-12-19 14:36:42 ; Path：login_st.LoginTest.test_accountLong ; TotalUserTime: 6.9430s ; Message: None
ExecutionTime: 2018-12-19 14:39:20 ; Path：login_st.LoginTest.test_accountError ; TotalUserTime: 3.4090s ; Message: None
ExecutionTime: 2018-12-19 14:39:27 ; Path：login_st.LoginTest.test_accountLong ; TotalUserTime: 6.9820s ; Message: None
ExecutionTime: 2018-12-19 14:44:41 ; Path：login_st.LoginTest.test_accountLong ; TotalUserTime: 7.0050s ; Message: None
ExecutionTime: 2018-12-19 14:46:35 ; Path：login_st.LoginTest.test_accountLong ; TotalUserTime: 6.9510s ; Message: None
ExecutionTime: 2018-12-19 14:47:32 ; Path：login_st.LoginTest.test_accountLong ; TotalUserTime: 6.9670s ; Message: None
ExecutionTime: 2018-12-19 14:48:43 ; Path：login_st.LoginTest.test_accountLong ; TotalUserTime: 7.0350s ; Message: None
ExecutionTime: 2018-12-19 14:49:29 ; Path：login_st.LoginTest.test_accountError ; TotalUserTime: 3.4280s ; Message: None
ExecutionTime: 2018-12-19 14:49:36 ; Path：login_st.LoginTest.test_accountLong ; TotalUserTime: 6.9420s ; Message: None
ExecutionTime: 2018-12-19 14:50:46 ; Path：login_st.LoginTest.test_accountError ; TotalUserTime: 3.4250s ; Message: None
ExecutionTime: 2018-12-19 14:50:53 ; Path：login_st.LoginTest.test_accountLong ; TotalUserTime: 6.9360s ; Message: None
ExecutionTime: 2018-12-19 14:51:23 ; Path：IsEDP.Login.login_st.LoginTest.test_accountError ; TotalUserTime: 3.3820s ; Message: None
ExecutionTime: 2018-12-19 14:51:30 ; Path：IsEDP.Login.login_st.LoginTest.test_accountLong ; TotalUserTime: 6.8590s ; Message: None
ExecutionTime: 2018-12-19 14:51:57 ; Path：IsEDP.SysManager.menu_st.MenuManager.test_createMenuNull ; TotalUserTime: 4.0250s ; Message: list index out of range
ExecutionTime: 2018-12-19 14:52:01 ; Path：IsEDP.SysManager.menu_st.MenuManager.test_createNull ; TotalUserTime: 0.0020s ; Message: list index out of range
ExecutionTime: 2018-12-19 15:03:31 ; Path：login_st.LoginTest.test_accountBoundaryAfter ; TotalUserTime: 6.4610s ; Message: None
ExecutionTime: 2018-12-19 15:03:38 ; Path：login_st.LoginTest.test_accountBoundaryFront ; TotalUserTime: 6.3850s ; Message: None
ExecutionTime: 2018-12-19 15:03:41 ; Path：login_st.LoginTest.test_accountError ; TotalUserTime: 3.3010s ; Message: None
ExecutionTime: 2018-12-19 15:03:48 ; Path：login_st.LoginTest.test_accountLong ; TotalUserTime: 6.8230s ; Message: None
ExecutionTime: 2018-12-19 15:04:02 ; Path：login_st.LoginTest.test_accountNull ; TotalUserTime: 13.3030s ; Message: list index out of range
ExecutionTime: 2018-12-19 15:04:09 ; Path：login_st.LoginTest.test_accountSpace ; TotalUserTime: 6.3690s ; Message: None
ExecutionTime: 2018-12-19 15:04:16 ; Path：login_st.LoginTest.test_accountSymbol ; TotalUserTime: 6.4910s ; Message: None
ExecutionTime: 2018-12-19 15:17:54 ; Path：login_st.LoginTest.test_accountBoundaryAfter ; TotalUserTime: 6.4480s ; Message: None
ExecutionTime: 2018-12-19 15:18:01 ; Path：login_st.LoginTest.test_accountBoundaryFront ; TotalUserTime: 6.4250s ; Message: None
ExecutionTime: 2018-12-19 15:18:04 ; Path：login_st.LoginTest.test_accountError ; TotalUserTime: 3.3510s ; Message: None
ExecutionTime: 2018-12-19 15:18:11 ; Path：login_st.LoginTest.test_accountLong ; TotalUserTime: 6.8290s ; Message: None
ExecutionTime: 2018-12-19 15:18:25 ; Path：login_st.LoginTest.test_accountNull ; TotalUserTime: 13.2750s ; Message: list index out of range
ExecutionTime: 2018-12-19 15:18:32 ; Path：login_st.LoginTest.test_accountSpace ; TotalUserTime: 6.4120s ; Message: None
ExecutionTime: 2018-12-19 15:18:38 ; Path：login_st.LoginTest.test_accountSymbol ; TotalUserTime: 6.5000s ; Message: None
ExecutionTime: 2018-12-19 15:21:30 ; Path：login_st.LoginTest.test_accountBoundaryAfter ; TotalUserTime: 6.4470s ; Message: None
ExecutionTime: 2018-12-19 15:21:37 ; Path：login_st.LoginTest.test_accountBoundaryFront ; TotalUserTime: 6.4100s ; Message: None
ExecutionTime: 2018-12-19 15:21:40 ; Path：login_st.LoginTest.test_accountError ; TotalUserTime: 3.3100s ; Message: None
ExecutionTime: 2018-12-19 15:21:47 ; Path：login_st.LoginTest.test_accountLong ; TotalUserTime: 6.7810s ; Message: None
ExecutionTime: 2018-12-19 15:21:51 ; Path：login_st.LoginTest.test_accountNull ; TotalUserTime: 3.2860s ; Message: None
ExecutionTime: 2018-12-19 15:21:57 ; Path：login_st.LoginTest.test_accountSpace ; TotalUserTime: 6.3820s ; Message: None
ExecutionTime: 2018-12-19 15:22:04 ; Path：login_st.LoginTest.test_accountSymbol ; TotalUserTime: 6.5260s ; Message: None
ExecutionTime: 2018-12-19 15:49:18 ; Path：login_st.LoginTest.test_loginLogo ; TotalUserTime: 1.5290s ; Message: None
ExecutionTime: 2018-12-19 15:49:36 ; Path：login_st.LoginTest.test_loginLogo ; TotalUserTime: 0.2860s ; Message: None
ExecutionTime: 2018-12-19 15:54:16 ; Path：login_st.LoginTest.test_loginLogo ; TotalUserTime: 0.2790s ; Message: None
ExecutionTime: 2018-12-19 15:54:57 ; Path：login_st.LoginTest.test_loginLogo ; TotalUserTime: 0.2960s ; Message: None
ExecutionTime: 2018-12-19 15:56:45 ; Path：login_st.LoginTest.test_loginLogo ; TotalUserTime: 0.2610s ; Message: None
ExecutionTime: 2018-12-19 16:04:49 ; Path：login_st.LoginTest.test_loginLogo ; TotalUserTime: 0.2800s ; Message: None
ExecutionTime: 2018-12-19 16:18:43 ; Path：login_st.LoginTest.test_passwordForgetNull ; TotalUserTime: 10.3070s ; Message: Message: no such element: Unable to locate element: {"method":"xpath","selector":"//*[contains(text(), "确定")]"}
  (Session info: headless chrome=69.0.3497.92)
  (Driver info: chromedriver=2.42.591088 (7b2b2dca23cca0862f674758c9a3933e685c27d5),platform=Windows NT 6.1.7601 SP1 x86_64)

ExecutionTime: 2018-12-19 16:19:35 ; Path：login_st.LoginTest.test_passwordForgetNull ; TotalUserTime: 10.3180s ; Message: Message: no such element: Unable to locate element: {"method":"xpath","selector":"//*[contains(text(), "确定")]"}
  (Session info: chrome=69.0.3497.92)
  (Driver info: chromedriver=2.42.591088 (7b2b2dca23cca0862f674758c9a3933e685c27d5),platform=Windows NT 6.1.7601 SP1 x86_64)

ExecutionTime: 2018-12-19 16:20:24 ; Path：login_st.LoginTest.test_passwordForgetNull ; TotalUserTime: 10.3410s ; Message: Message: no such element: Unable to locate element: {"method":"xpath","selector":"//*[contains(text(), "确定")]"}
  (Session info: chrome=69.0.3497.92)
  (Driver info: chromedriver=2.42.591088 (7b2b2dca23cca0862f674758c9a3933e685c27d5),platform=Windows NT 6.1.7601 SP1 x86_64)

ExecutionTime: 2018-12-19 16:20:41 ; Path：login_st.LoginTest.test_passwordForgetNull ; TotalUserTime: 0.3410s ; Message: None
ExecutionTime: 2018-12-19 16:27:00 ; Path：login_st.LoginTest.test_passwordForgetNull ; TotalUserTime: 0.3290s ; Message: None
ExecutionTime: 2018-12-19 16:27:50 ; Path：login_st.LoginTest.test_passwordForgetNull ; TotalUserTime: 10.3080s ; Message: Message: no such element: Unable to locate element: {"method":"xpath","selector":"//*[contains(text(), "确定")]"}
  (Session info: chrome=69.0.3497.92)
  (Driver info: chromedriver=2.42.591088 (7b2b2dca23cca0862f674758c9a3933e685c27d5),platform=Windows NT 6.1.7601 SP1 x86_64)

ExecutionTime: 2018-12-19 16:28:57 ; Path：login_st.LoginTest.test_passwordForgetNull ; TotalUserTime: 10.3220s ; Message: Message: no such element: Unable to locate element: {"method":"xpath","selector":"//*[contains(text(), "确定")]"}
  (Session info: chrome=69.0.3497.92)
  (Driver info: chromedriver=2.42.591088 (7b2b2dca23cca0862f674758c9a3933e685c27d5),platform=Windows NT 6.1.7601 SP1 x86_64)

ExecutionTime: 2018-12-19 16:31:24 ; Path：login_st.LoginTest.test_passwordForgetNull ; TotalUserTime: 10.3420s ; Message: list index out of range
ExecutionTime: 2018-12-19 16:31:58 ; Path：login_st.LoginTest.test_passwordForgetNull ; TotalUserTime: 10.3190s ; Message: list index out of range
ExecutionTime: 2018-12-19 16:32:47 ; Path：login_st.LoginTest.test_passwordForgetNull ; TotalUserTime: 0.3290s ; Message: None
ExecutionTime: 2018-12-19 16:33:36 ; Path：login_st.LoginTest.test_passwordForgetNull ; TotalUserTime: 2.3590s ; Message: None
ExecutionTime: 2018-12-19 16:37:45 ; Path：login_st.LoginTest.test_passwordForgetError ; TotalUserTime: 2.7960s ; Message: None
ExecutionTime: 2018-12-19 16:38:32 ; Path：login_st.LoginTest.test_passwordForgetError ; TotalUserTime: 2.4340s ; Message: None
ExecutionTime: 2018-12-19 16:41:30 ; Path：login_st.LoginTest.test_passwordForgetError ; TotalUserTime: 2.5150s ; Message: None
ExecutionTime: 2018-12-19 16:43:53 ; Path：login_st.LoginTest.test_accountBoundaryAfter ; TotalUserTime: 3.3520s ; Message: None
ExecutionTime: 2018-12-19 16:43:57 ; Path：login_st.LoginTest.test_accountBoundaryFront ; TotalUserTime: 3.3860s ; Message: None
ExecutionTime: 2018-12-19 16:44:08 ; Path：login_st.LoginTest.test_passwordForgetError ; TotalUserTime: 2.5590s ; Message: None
ExecutionTime: 2018-12-19 16:45:23 ; Path：login_st.LoginTest.test_passwordForgetError ; TotalUserTime: 2.5040s ; Message: None
ExecutionTime: 2018-12-19 16:51:18 ; Path：login_st.LoginTest.test_passwordForgetError ; TotalUserTime: 2.4830s ; Message: None
ExecutionTime: 2018-12-19 16:57:08 ; Path：login_st.LoginTest.test_passwordForgetError ; TotalUserTime: 2.4790s ; Message: None
ExecutionTime: 2018-12-19 16:58:14 ; Path：login_st.LoginTest.test_passwordForgetError ; TotalUserTime: 2.6730s ; Message: None
ExecutionTime: 2018-12-19 16:59:49 ; Path：login_st.LoginTest.test_passwordForgetError ; TotalUserTime: 2.6780s ; Message: None
ExecutionTime: 2018-12-19 17:00:31 ; Path：login_st.LoginTest.test_passwordForgetError ; TotalUserTime: 2.6790s ; Message: None
ExecutionTime: 2018-12-19 17:01:12 ; Path：login_st.LoginTest.test_passwordForgetError ; TotalUserTime: 2.6380s ; Message: None
ExecutionTime: 2018-12-19 17:01:29 ; Path：login_st.LoginTest.test_passwordForgetError ; TotalUserTime: 2.6280s ; Message: None
ExecutionTime: 2018-12-19 17:01:57 ; Path：login_st.LoginTest.test_passwordForgetError ; TotalUserTime: 2.6430s ; Message: None
ExecutionTime: 2018-12-19 17:02:37 ; Path：login_st.LoginTest.test_passwordForgetError ; TotalUserTime: 2.6990s ; Message: None
ExecutionTime: 2018-12-19 17:03:52 ; Path：login_st.LoginTest.test_passwordForgetError ; TotalUserTime: 2.6200s ; Message: None
ExecutionTime: 2018-12-19 17:09:12 ; Path：login_st.LoginTest.test_passwordForgetError ; TotalUserTime: 2.6190s ; Message: None
ExecutionTime: 2018-12-19 17:10:11 ; Path：login_st.LoginTest.test_passwordForgetError ; TotalUserTime: 2.6300s ; Message: None
ExecutionTime: 2018-12-19 17:11:22 ; Path：login_st.LoginTest.test_passwordForgetError ; TotalUserTime: 2.6520s ; Message: None
ExecutionTime: 2018-12-19 17:12:30 ; Path：login_st.LoginTest.test_passwordForgetError ; TotalUserTime: 2.6900s ; Message: None
ExecutionTime: 2018-12-19 17:13:09 ; Path：login_st.LoginTest.test_passwordForgetError ; TotalUserTime: 2.6700s ; Message: None
ExecutionTime: 2018-12-19 17:13:33 ; Path：login_st.LoginTest.test_passwordForgetError ; TotalUserTime: 2.6680s ; Message: None
ExecutionTime: 2018-12-19 17:16:41 ; Path：login_st.LoginTest.test_passwordForgetError ; TotalUserTime: 2.6570s ; Message: None
ExecutionTime: 2018-12-19 17:17:35 ; Path：login_st.LoginTest.test_passwordForgetError ; TotalUserTime: 2.6870s ; Message: None
ExecutionTime: 2018-12-19 17:18:52 ; Path：login_st.LoginTest.test_passwordForgetError ; TotalUserTime: 2.6820s ; Message: None
ExecutionTime: 2018-12-19 17:19:50 ; Path：login_st.LoginTest.test_passwordForgetError ; TotalUserTime: 2.6380s ; Message: None
ExecutionTime: 2018-12-19 17:20:53 ; Path：login_st.LoginTest.test_passwordForgetError ; TotalUserTime: 2.6430s ; Message: None
ExecutionTime: 2018-12-19 17:21:54 ; Path：login_st.LoginTest.test_passwordForgetError ; TotalUserTime: 2.6110s ; Message: None
ExecutionTime: 2018-12-19 17:22:26 ; Path：login_st.LoginTest.test_passwordForgetError ; TotalUserTime: 2.6380s ; Message: None
ExecutionTime: 2018-12-19 17:22:43 ; Path：login_st.LoginTest.test_passwordForgetError ; TotalUserTime: 2.7110s ; Message: None
ExecutionTime: 2018-12-19 17:31:09 ; Path：login_st.LoginTest.test_passwordForgetError ; TotalUserTime: 2.6790s ; Message: None
ExecutionTime: 2018-12-19 17:31:45 ; Path：login_st.LoginTest.test_passwordForgetError ; TotalUserTime: 2.6140s ; Message: None
ExecutionTime: 2018-12-19 17:32:10 ; Path：login_st.LoginTest.test_passwordForgetError ; TotalUserTime: 2.6540s ; Message: None
ExecutionTime: 2018-12-19 17:32:39 ; Path：login_st.LoginTest.test_passwordForgetError ; TotalUserTime: 2.5950s ; Message: None
ExecutionTime: 2018-12-19 17:33:04 ; Path：login_st.LoginTest.test_passwordForgetError ; TotalUserTime: 2.6330s ; Message: None
ExecutionTime: 2018-12-19 17:47:25 ; Path：login_st.LoginTest.test_passwordForgetError ; TotalUserTime: 2.6710s ; Message: None
ExecutionTime: 2018-12-19 17:49:45 ; Path：login_st.LoginTest.test_passwordForgetError ; TotalUserTime: 2.6570s ; Message: None
ExecutionTime: 2018-12-19 17:50:33 ; Path：login_st.LoginTest.test_passwordForgetError ; TotalUserTime: 2.6530s ; Message: None
ExecutionTime: 2018-12-19 17:51:06 ; Path：login_st.LoginTest.test_passwordForgetError ; TotalUserTime: 2.6490s ; Message: None
ExecutionTime: 2018-12-19 17:57:20 ; Path：login_st.LoginTest.test_passwordForgetError ; TotalUserTime: 2.6530s ; Message: None
ExecutionTime: 2018-12-19 17:58:43 ; Path：login_st.LoginTest.test_passwordForgetError ; TotalUserTime: 2.6530s ; Message: None
ExecutionTime: 2018-12-19 18:08:59 ; Path：login_st.LoginTest.test_passwordForgetError ; TotalUserTime: 2.6170s ; Message: None
