ExecutionTime: 2018-12-13 09:29:47 ; Path：SCRM.login.login_st.LoginTestIn.test_accountAndEnglish ; TotalUserTime: 0.7109999656677246 ; Message: 账号未注册
ExecutionTime: 2018-12-13 09:29:48 ; Path：SCRM.login.login_st.LoginTestIn.test_accountAndEnglishLong ; TotalUserTime: 1.0500001907348633 ; Message: 手机号/邮箱格式不正确
ExecutionTime: 2018-12-13 09:29:48 ; Path：SCRM.login.login_st.LoginTestIn.test_accountBoundary ; TotalUserTime: 0.564000129699707 ; Message: 密码错误请重新输入
ExecutionTime: 2018-12-13 09:29:49 ; Path：SCRM.login.login_st.LoginTestIn.test_accountEnglish ; TotalUserTime: 0.619999885559082 ; Message: 账号未注册
ExecutionTime: 2018-12-13 09:29:50 ; Path：SCRM.login.login_st.LoginTestIn.test_accountEnglishLong ; TotalUserTime: 0.748999834060669 ; Message: 手机号/邮箱格式不正确
ExecutionTime: 2018-12-13 09:29:50 ; Path：SCRM.login.login_st.LoginTestIn.test_accountError ; TotalUserTime: 0.5380003452301025 ; Message: 手机号未注册
ExecutionTime: 2018-12-13 09:29:51 ; Path：SCRM.login.login_st.LoginTestIn.test_accountLong ; TotalUserTime: 0.5909996032714844 ; Message: 账号未注册
ExecutionTime: 2018-12-13 09:29:51 ; Path：SCRM.login.login_st.LoginTestIn.test_accountMerge ; TotalUserTime: 0.6550002098083496 ; Message: 手机号/邮箱格式不正确
ExecutionTime: 2018-12-13 09:29:52 ; Path：SCRM.login.login_st.LoginTestIn.test_accountSpace ; TotalUserTime: 0.307999849319458 ; Message: 请输入账号
ExecutionTime: 2018-12-13 09:29:52 ; Path：SCRM.login.login_st.LoginTestIn.test_accountStr ; TotalUserTime: 0.6000001430511475 ; Message: 账号未注册
ExecutionTime: 2018-12-13 09:30:47 ; Path：SCRM.login.login_st.LoginTestIn.test_accountAndEnglish ; TotalUserTime: 0.6970000267028809 ; Message: 账号未注册
ExecutionTime: 2018-12-13 09:30:49 ; Path：SCRM.login.login_st.LoginTestIn.test_accountAndEnglishLong ; TotalUserTime: 1.0250000953674316 ; Message: 手机号/邮箱格式不正确
ExecutionTime: 2018-12-13 09:30:49 ; Path：SCRM.login.login_st.LoginTestIn.test_accountBoundary ; TotalUserTime: 0.6140000820159912 ; Message: 密码错误请重新输入
ExecutionTime: 2018-12-13 09:30:50 ; Path：SCRM.login.login_st.LoginTestIn.test_accountEnglish ; TotalUserTime: 0.6529998779296875 ; Message: 账号未注册
ExecutionTime: 2018-12-13 09:30:51 ; Path：SCRM.login.login_st.LoginTestIn.test_accountEnglishLong ; TotalUserTime: 0.7719998359680176 ; Message: 手机号/邮箱格式不正确
ExecutionTime: 2018-12-13 09:30:52 ; Path：SCRM.login.login_st.LoginTestIn.test_accountError ; TotalUserTime: 0.5769999027252197 ; Message: 手机号未注册
ExecutionTime: 2018-12-13 09:30:52 ; Path：SCRM.login.login_st.LoginTestIn.test_accountLong ; TotalUserTime: 0.5789999961853027 ; Message: 账号未注册
ExecutionTime: 2018-12-13 09:30:53 ; Path：SCRM.login.login_st.LoginTestIn.test_accountMerge ; TotalUserTime: 0.7829999923706055 ; Message: 手机号/邮箱格式不正确
ExecutionTime: 2018-12-13 09:30:54 ; Path：SCRM.login.login_st.LoginTestIn.test_accountSpace ; TotalUserTime: 0.2909998893737793 ; Message: 请输入账号
ExecutionTime: 2018-12-13 09:30:55 ; Path：SCRM.login.login_st.LoginTestIn.test_accountStr ; TotalUserTime: 0.625999927520752 ; Message: 账号未注册
ExecutionTime: 2018-12-13 10:15:27 ; Path：SCRM.login.login_st.LoginTestIn.test_accountAndEnglish ; TotalUserTime: 0.6959998607635498 ; Message: 账号未注册
ExecutionTime: 2018-12-13 10:15:29 ; Path：SCRM.login.login_st.LoginTestIn.test_accountAndEnglishLong ; TotalUserTime: 1.0909998416900635 ; Message: 手机号/邮箱格式不正确
ExecutionTime: 2018-12-13 10:15:30 ; Path：SCRM.login.login_st.LoginTestIn.test_accountBoundary ; TotalUserTime: 0.6189999580383301 ; Message: 密码错误请重新输入
ExecutionTime: 2018-12-13 10:15:30 ; Path：SCRM.login.login_st.LoginTestIn.test_accountEnglish ; TotalUserTime: 0.6450002193450928 ; Message: 账号未注册
ExecutionTime: 2018-12-13 10:15:31 ; Path：SCRM.login.login_st.LoginTestIn.test_accountEnglishLong ; TotalUserTime: 0.7829997539520264 ; Message: 手机号/邮箱格式不正确
ExecutionTime: 2018-12-13 10:15:32 ; Path：SCRM.login.login_st.LoginTestIn.test_accountError ; TotalUserTime: 0.6489999294281006 ; Message: 手机号未注册
ExecutionTime: 2018-12-13 10:15:33 ; Path：SCRM.login.login_st.LoginTestIn.test_accountLong ; TotalUserTime: 0.5780000686645508 ; Message: 账号未注册
ExecutionTime: 2018-12-13 10:15:34 ; Path：SCRM.login.login_st.LoginTestIn.test_accountMerge ; TotalUserTime: 0.6610000133514404 ; Message: 手机号/邮箱格式不正确
ExecutionTime: 2018-12-13 10:15:34 ; Path：SCRM.login.login_st.LoginTestIn.test_accountSpace ; TotalUserTime: 0.2890000343322754 ; Message: 请输入账号
ExecutionTime: 2018-12-13 10:15:35 ; Path：SCRM.login.login_st.LoginTestIn.test_accountStr ; TotalUserTime: 0.6779999732971191 ; Message: 账号未注册
ExecutionTime: 2018-12-13 11:35:03 ; Path：SCRM.login.login_st.LoginTestIn.test_accountAndEnglish ; TotalUserTime: 0.7419998645782471 ; Message: 账号未注册
ExecutionTime: 2018-12-13 11:35:04 ; Path：SCRM.login.login_st.LoginTestIn.test_accountAndEnglishLong ; TotalUserTime: 1.056999921798706 ; Message: 手机号/邮箱格式不正确
ExecutionTime: 2018-12-13 11:35:05 ; Path：SCRM.login.login_st.LoginTestIn.test_accountBoundary ; TotalUserTime: 0.8880000114440918 ; Message: 密码错误请重新输入
ExecutionTime: 2018-12-13 11:35:07 ; Path：SCRM.login.login_st.LoginTestIn.test_accountEnglish ; TotalUserTime: 1.4619998931884766 ; Message: 账号未注册
ExecutionTime: 2018-12-13 11:35:08 ; Path：SCRM.login.login_st.LoginTestIn.test_accountEnglishLong ; TotalUserTime: 0.7730000019073486 ; Message: 手机号/邮箱格式不正确
ExecutionTime: 2018-12-13 11:35:09 ; Path：SCRM.login.login_st.LoginTestIn.test_accountError ; TotalUserTime: 0.5710000991821289 ; Message: 手机号未注册
ExecutionTime: 2018-12-13 11:35:09 ; Path：SCRM.login.login_st.LoginTestIn.test_accountLong ; TotalUserTime: 0.5570001602172852 ; Message: 账号未注册
ExecutionTime: 2018-12-13 11:35:10 ; Path：SCRM.login.login_st.LoginTestIn.test_accountSpace ; TotalUserTime: 0.30900001525878906 ; Message: None
ExecutionTime: 2018-12-13 11:35:10 ; Path：SCRM.login.login_st.LoginTestIn.test_accountStr ; TotalUserTime: 0.5490000247955322 ; Message: 账号未注册
ExecutionTime: 2018-12-13 11:36:54 ; Path：SCRM.login.login_st.LoginTestIn.test_accountAndEnglish ; TotalUserTime: 0.7409999370574951 ; Message: 账号未注册
ExecutionTime: 2018-12-13 11:36:55 ; Path：SCRM.login.login_st.LoginTestIn.test_accountAndEnglishLong ; TotalUserTime: 1.2019999027252197 ; Message: 手机号/邮箱格式不正确
ExecutionTime: 2018-12-13 11:36:56 ; Path：SCRM.login.login_st.LoginTestIn.test_accountBoundary ; TotalUserTime: 0.5920000076293945 ; Message: 密码错误请重新输入
ExecutionTime: 2018-12-13 11:36:57 ; Path：SCRM.login.login_st.LoginTestIn.test_accountEnglish ; TotalUserTime: 0.5669999122619629 ; Message: 账号未注册
ExecutionTime: 2018-12-13 11:36:58 ; Path：SCRM.login.login_st.LoginTestIn.test_accountEnglishLong ; TotalUserTime: 0.7990000247955322 ; Message: 手机号/邮箱格式不正确
ExecutionTime: 2018-12-13 11:36:59 ; Path：SCRM.login.login_st.LoginTestIn.test_accountError ; TotalUserTime: 0.932999849319458 ; Message: 手机号未注册
ExecutionTime: 2018-12-13 11:37:00 ; Path：SCRM.login.login_st.LoginTestIn.test_accountLong ; TotalUserTime: 0.5889999866485596 ; Message: 账号未注册
ExecutionTime: 2018-12-13 11:37:00 ; Path：SCRM.login.login_st.LoginTestIn.test_accountSpace ; TotalUserTime: 0.3019998073577881 ; Message: None
ExecutionTime: 2018-12-13 11:37:01 ; Path：SCRM.login.login_st.LoginTestIn.test_accountStr ; TotalUserTime: 0.5929999351501465 ; Message: 账号未注册
ExecutionTime: 2018-12-13 13:52:59 ; Path：home_st.HomeTestIn.test_search ; TotalUserTime: 0.22900009155273438 ; Message: None
ExecutionTime: 2018-12-13 13:53:35 ; Path：home_st.HomeTestIn.test_search ; TotalUserTime: 0.0820002555847168 ; Message: None
ExecutionTime: 2018-12-13 13:54:41 ; Path：home_st.HomeTestIn.test_search ; TotalUserTime: 0.1119999885559082 ; Message: None
ExecutionTime: 2018-12-13 13:55:34 ; Path：home_st.HomeTestIn.test_search ; TotalUserTime: 0.7339997291564941 ; Message: 全能搜索
ExecutionTime: 2018-12-13 13:57:05 ; Path：home_st.HomeTestIn.test_search ; TotalUserTime: 1.5929999351501465 ; Message: 全能搜索
ExecutionTime: 2018-12-13 14:01:34 ; Path：SCRM.home.home_st.HomeTestIn.test_helpCenter ; TotalUserTime: 10.383000135421753 ; Message: None
ExecutionTime: 2018-12-13 14:01:36 ; Path：SCRM.home.home_st.HomeTestIn.test_search ; TotalUserTime: 2.5299997329711914 ; Message: 全能搜索
ExecutionTime: 2018-12-13 14:01:49 ; Path：SCRM.login.login_st.LoginTestIn.test_accountAndEnglish ; TotalUserTime: 0.7039999961853027 ; Message: 账号未注册
ExecutionTime: 2018-12-13 14:01:50 ; Path：SCRM.login.login_st.LoginTestIn.test_accountAndEnglishLong ; TotalUserTime: 1.0199997425079346 ; Message: 手机号/邮箱格式不正确
ExecutionTime: 2018-12-13 14:01:51 ; Path：SCRM.login.login_st.LoginTestIn.test_accountBoundary ; TotalUserTime: 0.5610001087188721 ; Message: 密码错误请重新输入
ExecutionTime: 2018-12-13 14:01:52 ; Path：SCRM.login.login_st.LoginTestIn.test_accountEnglish ; TotalUserTime: 0.6129999160766602 ; Message: 账号未注册
ExecutionTime: 2018-12-13 14:01:53 ; Path：SCRM.login.login_st.LoginTestIn.test_accountEnglishLong ; TotalUserTime: 0.7850000858306885 ; Message: 手机号/邮箱格式不正确
ExecutionTime: 2018-12-13 14:01:53 ; Path：SCRM.login.login_st.LoginTestIn.test_accountError ; TotalUserTime: 0.5910000801086426 ; Message: 手机号未注册
ExecutionTime: 2018-12-13 14:01:54 ; Path：SCRM.login.login_st.LoginTestIn.test_accountLong ; TotalUserTime: 0.5530002117156982 ; Message: 账号未注册
ExecutionTime: 2018-12-13 14:01:54 ; Path：SCRM.login.login_st.LoginTestIn.test_accountSpace ; TotalUserTime: 0.30100011825561523 ; Message: None
ExecutionTime: 2018-12-13 14:01:55 ; Path：SCRM.login.login_st.LoginTestIn.test_accountStr ; TotalUserTime: 0.5399997234344482 ; Message: 账号未注册
ExecutionTime: 2018-12-13 14:03:16 ; Path：SCRM.home.home_st.HomeTestIn.test_helpCenter ; TotalUserTime: 10.343000173568726 ; Message: None
ExecutionTime: 2018-12-13 14:03:17 ; Path：SCRM.home.home_st.HomeTestIn.test_search ; TotalUserTime: 1.192000150680542 ; Message: 全能搜索
ExecutionTime: 2018-12-13 14:03:29 ; Path：SCRM.login.login_st.LoginTestIn.test_accountAndEnglish ; TotalUserTime: 0.6289999485015869 ; Message: 账号未注册
ExecutionTime: 2018-12-13 14:03:30 ; Path：SCRM.login.login_st.LoginTestIn.test_accountAndEnglishLong ; TotalUserTime: 1.1240003108978271 ; Message: 手机号/邮箱格式不正确
ExecutionTime: 2018-12-13 14:03:31 ; Path：SCRM.login.login_st.LoginTestIn.test_accountBoundary ; TotalUserTime: 0.8569998741149902 ; Message: 密码错误请重新输入
ExecutionTime: 2018-12-13 14:03:32 ; Path：SCRM.login.login_st.LoginTestIn.test_accountEnglish ; TotalUserTime: 0.5020003318786621 ; Message: 账号未注册
ExecutionTime: 2018-12-13 14:03:33 ; Path：SCRM.login.login_st.LoginTestIn.test_accountEnglishLong ; TotalUserTime: 0.7269999980926514 ; Message: 手机号/邮箱格式不正确
ExecutionTime: 2018-12-13 14:03:33 ; Path：SCRM.login.login_st.LoginTestIn.test_accountError ; TotalUserTime: 0.5279998779296875 ; Message: 手机号未注册
ExecutionTime: 2018-12-13 14:03:34 ; Path：SCRM.login.login_st.LoginTestIn.test_accountLong ; TotalUserTime: 0.4910001754760742 ; Message: 账号未注册
ExecutionTime: 2018-12-13 14:03:34 ; Path：SCRM.login.login_st.LoginTestIn.test_accountSpace ; TotalUserTime: 0.32599973678588867 ; Message: None
ExecutionTime: 2018-12-13 14:03:35 ; Path：SCRM.login.login_st.LoginTestIn.test_accountStr ; TotalUserTime: 0.495999813079834 ; Message: 账号未注册
ExecutionTime: 2018-12-13 14:05:13 ; Path：SCRM.home.home_st.HomeTestIn.test_helpCenter ; TotalUserTime: 10.252000093460083 ; Message: None
ExecutionTime: 2018-12-13 14:05:14 ; Path：SCRM.home.home_st.HomeTestIn.test_search ; TotalUserTime: 1.1089999675750732 ; Message: 全能搜索
ExecutionTime: 2018-12-13 14:05:25 ; Path：SCRM.login.login_st.LoginTestIn.test_accountAndEnglish ; TotalUserTime: 0.6049997806549072 ; Message: 账号未注册
ExecutionTime: 2018-12-13 14:05:31 ; Path：SCRM.login.login_st.LoginTestIn.test_accountAndEnglishLong ; TotalUserTime: 6.23799991607666 ; Message: 手机号/邮箱格式不正确
ExecutionTime: 2018-12-13 14:05:37 ; Path：SCRM.login.login_st.LoginTestIn.test_accountBoundary ; TotalUserTime: 5.586000204086304 ; Message: 密码错误请重新输入
ExecutionTime: 2018-12-13 14:05:43 ; Path：SCRM.login.login_st.LoginTestIn.test_accountEnglish ; TotalUserTime: 5.563999891281128 ; Message: 账号未注册
ExecutionTime: 2018-12-13 14:05:49 ; Path：SCRM.login.login_st.LoginTestIn.test_accountEnglishLong ; TotalUserTime: 5.714000225067139 ; Message: 手机号/邮箱格式不正确
ExecutionTime: 2018-12-13 14:05:55 ; Path：SCRM.login.login_st.LoginTestIn.test_accountError ; TotalUserTime: 6.120999813079834 ; Message: 手机号未注册
ExecutionTime: 2018-12-13 14:05:57 ; Path：SCRM.login.login_st.LoginTestIn.test_accountLong ; TotalUserTime: 1.383000135421753 ; Message: 账号未注册
ExecutionTime: 2018-12-13 14:05:58 ; Path：SCRM.login.login_st.LoginTestIn.test_accountSpace ; TotalUserTime: 0.34399986267089844 ; Message: 请输入账号
ExecutionTime: 2018-12-13 14:06:03 ; Path：SCRM.login.login_st.LoginTestIn.test_accountStr ; TotalUserTime: 5.578999996185303 ; Message: 账号未注册
ExecutionTime: 2018-12-13 14:11:12 ; Path：SCRM.home.home_st.HomeTestIn.test_helpCenter ; TotalUserTime: 10.56000018119812 ; Message: None
ExecutionTime: 2018-12-13 14:11:16 ; Path：SCRM.home.home_st.HomeTestIn.test_search ; TotalUserTime: 3.924999952316284 ; Message: 全能搜索
ExecutionTime: 2018-12-13 14:11:29 ; Path：SCRM.login.login_st.LoginTestIn.test_accountAndEnglish ; TotalUserTime: 0.7119998931884766 ; Message: 账号未注册
ExecutionTime: 2018-12-13 14:11:30 ; Path：SCRM.login.login_st.LoginTestIn.test_accountAndEnglishLong ; TotalUserTime: 1.0390000343322754 ; Message: 手机号/邮箱格式不正确
ExecutionTime: 2018-12-13 14:11:31 ; Path：SCRM.login.login_st.LoginTestIn.test_accountBoundary ; TotalUserTime: 0.5880000591278076 ; Message: 密码错误请重新输入
ExecutionTime: 2018-12-13 14:11:31 ; Path：SCRM.login.login_st.LoginTestIn.test_accountEnglish ; TotalUserTime: 0.6050000190734863 ; Message: 账号未注册
ExecutionTime: 2018-12-13 14:11:32 ; Path：SCRM.login.login_st.LoginTestIn.test_accountEnglishLong ; TotalUserTime: 0.7720000743865967 ; Message: 手机号/邮箱格式不正确
ExecutionTime: 2018-12-13 14:11:33 ; Path：SCRM.login.login_st.LoginTestIn.test_accountError ; TotalUserTime: 0.562999963760376 ; Message: 手机号未注册
ExecutionTime: 2018-12-13 14:11:34 ; Path：SCRM.login.login_st.LoginTestIn.test_accountLong ; TotalUserTime: 0.5759999752044678 ; Message: 账号未注册
ExecutionTime: 2018-12-13 14:11:34 ; Path：SCRM.login.login_st.LoginTestIn.test_accountSpace ; TotalUserTime: 0.3250000476837158 ; Message: 请输入账号
ExecutionTime: 2018-12-13 14:11:35 ; Path：SCRM.login.login_st.LoginTestIn.test_accountStr ; TotalUserTime: 0.5389997959136963 ; Message: 账号未注册
ExecutionTime: 2018-12-13 14:13:15 ; Path：SCRM.home.home_st.HomeTestIn.test_helpCenter ; TotalUserTime: 1.4620001316070557 ; Message: 邮箱绑定
ExecutionTime: 2018-12-13 14:13:19 ; Path：SCRM.home.home_st.HomeTestIn.test_search ; TotalUserTime: 3.2090001106262207 ; Message: 全能搜索
ExecutionTime: 2018-12-13 14:13:32 ; Path：SCRM.login.login_st.LoginTestIn.test_accountAndEnglish ; TotalUserTime: 0.7210001945495605 ; Message: 账号未注册
ExecutionTime: 2018-12-13 14:13:33 ; Path：SCRM.login.login_st.LoginTestIn.test_accountAndEnglishLong ; TotalUserTime: 1.0540001392364502 ; Message: 手机号/邮箱格式不正确
ExecutionTime: 2018-12-13 14:13:34 ; Path：SCRM.login.login_st.LoginTestIn.test_accountBoundary ; TotalUserTime: 0.5770001411437988 ; Message: 密码错误请重新输入
ExecutionTime: 2018-12-13 14:13:34 ; Path：SCRM.login.login_st.LoginTestIn.test_accountEnglish ; TotalUserTime: 0.5789999961853027 ; Message: 账号未注册
ExecutionTime: 2018-12-13 14:13:36 ; Path：SCRM.login.login_st.LoginTestIn.test_accountEnglishLong ; TotalUserTime: 1.7130000591278076 ; Message: 手机号/邮箱格式不正确
ExecutionTime: 2018-12-13 14:13:37 ; Path：SCRM.login.login_st.LoginTestIn.test_accountError ; TotalUserTime: 0.5809998512268066 ; Message: 手机号未注册
ExecutionTime: 2018-12-13 14:13:38 ; Path：SCRM.login.login_st.LoginTestIn.test_accountLong ; TotalUserTime: 0.8539998531341553 ; Message: 账号未注册
ExecutionTime: 2018-12-13 14:13:38 ; Path：SCRM.login.login_st.LoginTestIn.test_accountSpace ; TotalUserTime: 0.3660001754760742 ; Message: 请输入账号
ExecutionTime: 2018-12-13 14:13:40 ; Path：SCRM.login.login_st.LoginTestIn.test_accountStr ; TotalUserTime: 1.4589998722076416 ; Message: 账号未注册
ExecutionTime: 2018-12-13 15:10:31 ; Path：home_st.HomeTestIn.test_helpCenter ; TotalUserTime: 1.3370001316070557 ; Message: 邮箱绑定
ExecutionTime: 2018-12-13 16:25:36 ; Path：SCRM.home.home_st.HomeTestIn.test_helpCenter ; TotalUserTime: 1.2769999504089355 ; Message: 邮箱绑定
ExecutionTime: 2018-12-13 16:25:40 ; Path：SCRM.home.home_st.HomeTestIn.test_search ; TotalUserTime: 3.5500001907348633 ; Message: 全能搜索
ExecutionTime: 2018-12-13 16:25:52 ; Path：SCRM.login.login_st.LoginTestIn.test_accountAndEnglish ; TotalUserTime: 0.7259998321533203 ; Message: 账号未注册
ExecutionTime: 2018-12-13 16:25:53 ; Path：SCRM.login.login_st.LoginTestIn.test_accountAndEnglishLong ; TotalUserTime: 1.055999994277954 ; Message: 手机号/邮箱格式不正确
ExecutionTime: 2018-12-13 16:25:54 ; Path：SCRM.login.login_st.LoginTestIn.test_accountBoundary ; TotalUserTime: 0.5920000076293945 ; Message: 密码错误请重新输入
ExecutionTime: 2018-12-13 16:25:55 ; Path：SCRM.login.login_st.LoginTestIn.test_accountEnglish ; TotalUserTime: 0.6649999618530273 ; Message: 账号未注册
ExecutionTime: 2018-12-13 16:25:56 ; Path：SCRM.login.login_st.LoginTestIn.test_accountEnglishLong ; TotalUserTime: 0.7849998474121094 ; Message: 手机号/邮箱格式不正确
ExecutionTime: 2018-12-13 16:25:56 ; Path：SCRM.login.login_st.LoginTestIn.test_accountError ; TotalUserTime: 0.5909998416900635 ; Message: 手机号未注册
ExecutionTime: 2018-12-13 16:25:57 ; Path：SCRM.login.login_st.LoginTestIn.test_accountLong ; TotalUserTime: 0.5950000286102295 ; Message: 账号未注册
ExecutionTime: 2018-12-13 16:25:57 ; Path：SCRM.login.login_st.LoginTestIn.test_accountSpace ; TotalUserTime: 0.3900003433227539 ; Message: 请输入账号
ExecutionTime: 2018-12-13 16:25:58 ; Path：SCRM.login.login_st.LoginTestIn.test_accountStr ; TotalUserTime: 0.6189999580383301 ; Message: 账号未注册
ExecutionTime: 2018-12-13 16:34:05 ; Path：SCRM.home.home_st.HomeTestIn.test_helpCenter ; TotalUserTime: 3.0209999084472656 ; Message: 邮箱绑定
ExecutionTime: 2018-12-13 16:34:08 ; Path：SCRM.home.home_st.HomeTestIn.test_search ; TotalUserTime: 3.1089999675750732 ; Message: 全能搜索
ExecutionTime: 2018-12-13 16:34:20 ; Path：SCRM.login.login_st.LoginTestIn.test_accountAndEnglish ; TotalUserTime: 0.7360000610351562 ; Message: 账号未注册
ExecutionTime: 2018-12-13 16:34:21 ; Path：SCRM.login.login_st.LoginTestIn.test_accountAndEnglishLong ; TotalUserTime: 1.182999849319458 ; Message: 手机号/邮箱格式不正确
ExecutionTime: 2018-12-13 16:34:22 ; Path：SCRM.login.login_st.LoginTestIn.test_accountBoundary ; TotalUserTime: 0.6369998455047607 ; Message: 密码错误请重新输入
ExecutionTime: 2018-12-13 16:34:23 ; Path：SCRM.login.login_st.LoginTestIn.test_accountEnglish ; TotalUserTime: 0.6319999694824219 ; Message: 账号未注册
ExecutionTime: 2018-12-13 16:34:24 ; Path：SCRM.login.login_st.LoginTestIn.test_accountEnglishLong ; TotalUserTime: 0.7799999713897705 ; Message: 手机号/邮箱格式不正确
ExecutionTime: 2018-12-13 16:34:24 ; Path：SCRM.login.login_st.LoginTestIn.test_accountError ; TotalUserTime: 0.5639996528625488 ; Message: 手机号未注册
ExecutionTime: 2018-12-13 16:34:25 ; Path：SCRM.login.login_st.LoginTestIn.test_accountLong ; TotalUserTime: 0.6499998569488525 ; Message: 账号未注册
ExecutionTime: 2018-12-13 16:34:25 ; Path：SCRM.login.login_st.LoginTestIn.test_accountSpace ; TotalUserTime: 0.3399996757507324 ; Message: 请输入账号
ExecutionTime: 2018-12-13 16:34:26 ; Path：SCRM.login.login_st.LoginTestIn.test_accountStr ; TotalUserTime: 0.5300002098083496 ; Message: 账号未注册
ExecutionTime: 2018-12-13 16:37:17 ; Path：SCRM.home.home_st.HomeTestIn.test_helpCenter ; TotalUserTime: 1.555999994277954 ; Message: 邮箱绑定
ExecutionTime: 2018-12-13 16:37:20 ; Path：SCRM.home.home_st.HomeTestIn.test_search ; TotalUserTime: 3.3909997940063477 ; Message: 全能搜索
ExecutionTime: 2018-12-13 16:37:32 ; Path：SCRM.login.login_st.LoginTestIn.test_accountAndEnglish ; TotalUserTime: 0.695000171661377 ; Message: 账号未注册
ExecutionTime: 2018-12-13 16:39:37 ; Path：SCRM.home.home_st.HomeTestIn.test_helpCenter ; TotalUserTime: 1.4759998321533203 ; Message: 邮箱绑定
ExecutionTime: 2018-12-13 16:39:40 ; Path：SCRM.home.home_st.HomeTestIn.test_search ; TotalUserTime: 3.546999931335449 ; Message: 全能搜索
ExecutionTime: 2018-12-13 16:39:54 ; Path：SCRM.login.login_st.LoginTestIn.test_accountAndEnglish ; TotalUserTime: 0.687999963760376 ; Message: 账号未注册
ExecutionTime: 2018-12-13 16:39:55 ; Path：SCRM.login.login_st.LoginTestIn.test_accountAndEnglishLong ; TotalUserTime: 1.0340001583099365 ; Message: 手机号/邮箱格式不正确
ExecutionTime: 2018-12-13 16:39:56 ; Path：SCRM.login.login_st.LoginTestIn.test_accountBoundary ; TotalUserTime: 0.6020002365112305 ; Message: 密码错误请重新输入
ExecutionTime: 2018-12-13 16:39:57 ; Path：SCRM.login.login_st.LoginTestIn.test_accountEnglish ; TotalUserTime: 0.7390000820159912 ; Message: 账号未注册
ExecutionTime: 2018-12-13 16:39:57 ; Path：SCRM.login.login_st.LoginTestIn.test_accountEnglishLong ; TotalUserTime: 0.7890000343322754 ; Message: 手机号/邮箱格式不正确
ExecutionTime: 2018-12-13 16:39:58 ; Path：SCRM.login.login_st.LoginTestIn.test_accountError ; TotalUserTime: 0.6090002059936523 ; Message: 手机号未注册
ExecutionTime: 2018-12-13 16:39:59 ; Path：SCRM.login.login_st.LoginTestIn.test_accountLong ; TotalUserTime: 0.6369998455047607 ; Message: 账号未注册
ExecutionTime: 2018-12-13 16:39:59 ; Path：SCRM.login.login_st.LoginTestIn.test_accountSpace ; TotalUserTime: 0.32900023460388184 ; Message: 请输入账号
ExecutionTime: 2018-12-13 16:40:00 ; Path：SCRM.login.login_st.LoginTestIn.test_accountStr ; TotalUserTime: 0.5380001068115234 ; Message: 账号未注册
ExecutionTime: 2018-12-13 17:09:51 ; Path：home_st.HomeTestIn.test_helpCenter ; TotalUserTime: 1.0799999237060547 ; Message: 邮箱绑定
ExecutionTime: 2018-12-13 17:15:54 ; Path：home_st.HomeTestIn.test_helpCenter ; TotalUserTime: 1.5390000343322754 ; Message: 邮箱绑定
ExecutionTime: 2018-12-13 17:50:03 ; Path：SCRM.home.home_st.HomeTestIn.test_helpCenter ; TotalUserTime: 1.180999994277954 ; Message: 邮箱绑定
ExecutionTime: 2018-12-13 17:50:07 ; Path：SCRM.home.home_st.HomeTestIn.test_search ; TotalUserTime: 4.177999973297119 ; Message: 全能搜索
ExecutionTime: 2018-12-13 17:50:19 ; Path：SCRM.login.login_st.LoginTestIn.test_accountAndEnglish ; TotalUserTime: 0.7259998321533203 ; Message: 账号未注册
ExecutionTime: 2018-12-13 17:50:21 ; Path：SCRM.login.login_st.LoginTestIn.test_accountAndEnglishLong ; TotalUserTime: 1.1019999980926514 ; Message: 手机号/邮箱格式不正确
ExecutionTime: 2018-12-13 17:50:21 ; Path：SCRM.login.login_st.LoginTestIn.test_accountBoundary ; TotalUserTime: 0.6109998226165771 ; Message: 密码错误请重新输入
ExecutionTime: 2018-12-13 17:50:22 ; Path：SCRM.login.login_st.LoginTestIn.test_accountEnglish ; TotalUserTime: 0.6199996471405029 ; Message: 账号未注册
ExecutionTime: 2018-12-13 17:50:23 ; Path：SCRM.login.login_st.LoginTestIn.test_accountEnglishLong ; TotalUserTime: 0.7880001068115234 ; Message: 手机号/邮箱格式不正确
ExecutionTime: 2018-12-13 17:50:23 ; Path：SCRM.login.login_st.LoginTestIn.test_accountError ; TotalUserTime: 0.5520000457763672 ; Message: 手机号未注册
ExecutionTime: 2018-12-13 17:50:24 ; Path：SCRM.login.login_st.LoginTestIn.test_accountLong ; TotalUserTime: 0.560999870300293 ; Message: 账号未注册
ExecutionTime: 2018-12-13 17:50:24 ; Path：SCRM.login.login_st.LoginTestIn.test_accountSpace ; TotalUserTime: 0.31399989128112793 ; Message: 请输入账号
ExecutionTime: 2018-12-13 17:50:25 ; Path：SCRM.login.login_st.LoginTestIn.test_accountStr ; TotalUserTime: 0.565000057220459 ; Message: 账号未注册
ExecutionTime: 2018-12-13 17:51:25 ; Path：SCRM.home.home_st.HomeTestIn.test_helpCenter ; TotalUserTime: 1.809999704360962 ; Message: 邮箱绑定
ExecutionTime: 2018-12-13 17:51:29 ; Path：SCRM.home.home_st.HomeTestIn.test_search ; TotalUserTime: 3.3420000076293945 ; Message: 全能搜索
ExecutionTime: 2018-12-13 17:51:41 ; Path：SCRM.login.login_st.LoginTestIn.test_accountAndEnglish ; TotalUserTime: 0.8059999942779541 ; Message: 账号未注册
ExecutionTime: 2018-12-13 17:51:42 ; Path：SCRM.login.login_st.LoginTestIn.test_accountAndEnglishLong ; TotalUserTime: 1.0689997673034668 ; Message: 手机号/邮箱格式不正确
ExecutionTime: 2018-12-13 17:51:43 ; Path：SCRM.login.login_st.LoginTestIn.test_accountBoundary ; TotalUserTime: 0.6500000953674316 ; Message: 密码错误请重新输入
ExecutionTime: 2018-12-13 17:51:43 ; Path：SCRM.login.login_st.LoginTestIn.test_accountEnglish ; TotalUserTime: 0.685999870300293 ; Message: 账号未注册
ExecutionTime: 2018-12-13 17:51:44 ; Path：SCRM.login.login_st.LoginTestIn.test_accountEnglishLong ; TotalUserTime: 0.8290002346038818 ; Message: 手机号/邮箱格式不正确
ExecutionTime: 2018-12-13 17:51:45 ; Path：SCRM.login.login_st.LoginTestIn.test_accountError ; TotalUserTime: 0.6110000610351562 ; Message: 手机号未注册
ExecutionTime: 2018-12-13 17:51:46 ; Path：SCRM.login.login_st.LoginTestIn.test_accountLong ; TotalUserTime: 0.7200000286102295 ; Message: 账号未注册
ExecutionTime: 2018-12-13 17:51:46 ; Path：SCRM.login.login_st.LoginTestIn.test_accountSpace ; TotalUserTime: 0.33100008964538574 ; Message: 请输入账号
ExecutionTime: 2018-12-13 17:51:47 ; Path：SCRM.login.login_st.LoginTestIn.test_accountStr ; TotalUserTime: 0.5649998188018799 ; Message: 账号未注册
ExecutionTime: 2018-12-13 17:55:47 ; Path：SCRM.home.home_st.HomeTestIn.test_helpCenter ; TotalUserTime: 1.5949997901916504 ; Message: 邮箱绑定
ExecutionTime: 2018-12-13 17:55:51 ; Path：SCRM.home.home_st.HomeTestIn.test_search ; TotalUserTime: 3.3510000705718994 ; Message: 全能搜索
ExecutionTime: 2018-12-13 17:56:03 ; Path：SCRM.login.login_st.LoginTestIn.test_accountAndEnglish ; TotalUserTime: 0.6889998912811279 ; Message: 账号未注册
ExecutionTime: 2018-12-13 17:56:04 ; Path：SCRM.login.login_st.LoginTestIn.test_accountAndEnglishLong ; TotalUserTime: 1.0300002098083496 ; Message: 手机号/邮箱格式不正确
ExecutionTime: 2018-12-13 17:56:05 ; Path：SCRM.login.login_st.LoginTestIn.test_accountBoundary ; TotalUserTime: 0.624000072479248 ; Message: 密码错误请重新输入
ExecutionTime: 2018-12-13 17:56:06 ; Path：SCRM.login.login_st.LoginTestIn.test_accountEnglish ; TotalUserTime: 0.6500003337860107 ; Message: 账号未注册
ExecutionTime: 2018-12-13 17:56:07 ; Path：SCRM.login.login_st.LoginTestIn.test_accountEnglishLong ; TotalUserTime: 0.872999906539917 ; Message: 手机号/邮箱格式不正确
ExecutionTime: 2018-12-13 17:56:07 ; Path：SCRM.login.login_st.LoginTestIn.test_accountError ; TotalUserTime: 0.5669999122619629 ; Message: 手机号未注册
ExecutionTime: 2018-12-13 17:56:08 ; Path：SCRM.login.login_st.LoginTestIn.test_accountLong ; TotalUserTime: 0.6319999694824219 ; Message: 账号未注册
ExecutionTime: 2018-12-13 17:56:08 ; Path：SCRM.login.login_st.LoginTestIn.test_accountSpace ; TotalUserTime: 0.32000017166137695 ; Message: 请输入账号
ExecutionTime: 2018-12-13 17:56:09 ; Path：SCRM.login.login_st.LoginTestIn.test_accountStr ; TotalUserTime: 0.6050002574920654 ; Message: 账号未注册
ExecutionTime: 2018-12-13 17:58:05 ; Path：SCRM.home.home_st.HomeTestIn.test_helpCenter ; TotalUserTime: 1.8259999752044678 ; Message: 邮箱绑定
ExecutionTime: 2018-12-13 17:58:08 ; Path：SCRM.home.home_st.HomeTestIn.test_search ; TotalUserTime: 3.500999927520752 ; Message: 全能搜索
ExecutionTime: 2018-12-13 17:58:21 ; Path：SCRM.login.login_st.LoginTestIn.test_accountAndEnglish ; TotalUserTime: 0.7000000476837158 ; Message: 账号未注册
ExecutionTime: 2018-12-13 17:58:22 ; Path：SCRM.login.login_st.LoginTestIn.test_accountAndEnglishLong ; TotalUserTime: 1.0419998168945312 ; Message: 手机号/邮箱格式不正确
ExecutionTime: 2018-12-13 17:58:23 ; Path：SCRM.login.login_st.LoginTestIn.test_accountBoundary ; TotalUserTime: 0.5940003395080566 ; Message: 密码错误请重新输入
ExecutionTime: 2018-12-13 17:58:23 ; Path：SCRM.login.login_st.LoginTestIn.test_accountEnglish ; TotalUserTime: 0.6020002365112305 ; Message: 账号未注册
ExecutionTime: 2018-12-13 17:58:24 ; Path：SCRM.login.login_st.LoginTestIn.test_accountEnglishLong ; TotalUserTime: 0.7879998683929443 ; Message: 手机号/邮箱格式不正确
ExecutionTime: 2018-12-13 17:58:25 ; Path：SCRM.login.login_st.LoginTestIn.test_accountError ; TotalUserTime: 0.6269996166229248 ; Message: 手机号未注册
ExecutionTime: 2018-12-13 17:58:26 ; Path：SCRM.login.login_st.LoginTestIn.test_accountLong ; TotalUserTime: 0.6499998569488525 ; Message: 账号未注册
ExecutionTime: 2018-12-13 17:58:26 ; Path：SCRM.login.login_st.LoginTestIn.test_accountSpace ; TotalUserTime: 0.3280000686645508 ; Message: 请输入账号
ExecutionTime: 2018-12-13 17:58:27 ; Path：SCRM.login.login_st.LoginTestIn.test_accountStr ; TotalUserTime: 0.5339996814727783 ; Message: 账号未注册
