ExecutionTime: 2018-12-11 09:17:16 ; Path：login_st.LoginTestIn.test_accountAndEnglish ; TotalUserTime: 4.492999792098999 ; Message: 账号未注册
ExecutionTime: 2018-12-11 09:17:17 ; Path：login_st.LoginTestIn.test_accountAndEnglishLong ; TotalUserTime: 0.9170002937316895 ; Message: 手机号/邮箱格式不正确
ExecutionTime: 2018-12-11 09:17:18 ; Path：login_st.LoginTestIn.test_accountEnglish ; TotalUserTime: 0.4069998264312744 ; Message: 手机号/邮箱格式不正确
ExecutionTime: 2018-12-11 09:17:19 ; Path：login_st.LoginTestIn.test_accountEnglishLong ; TotalUserTime: 0.7200000286102295 ; Message: 手机号/邮箱格式不正确
ExecutionTime: 2018-12-11 09:17:19 ; Path：login_st.LoginTestIn.test_accountError ; TotalUserTime: 0.6470000743865967 ; Message: 手机号/邮箱格式不正确
ExecutionTime: 2018-12-11 09:17:20 ; Path：login_st.LoginTestIn.test_accountLong ; TotalUserTime: 0.34400010108947754 ; Message: 手机号/邮箱格式不正确
ExecutionTime: 2018-12-11 09:17:46 ; Path：login_st.LoginTestIn.test_accountAndEnglish ; TotalUserTime: 5.497999906539917 ; Message: 账号未注册
ExecutionTime: 2018-12-11 09:17:47 ; Path：login_st.LoginTestIn.test_accountAndEnglishLong ; TotalUserTime: 0.8859999179840088 ; Message: 手机号/邮箱格式不正确
ExecutionTime: 2018-12-11 09:17:47 ; Path：login_st.LoginTestIn.test_accountEnglish ; TotalUserTime: 0.7070000171661377 ; Message: 手机号/邮箱格式不正确
ExecutionTime: 2018-12-11 09:17:48 ; Path：login_st.LoginTestIn.test_accountEnglishLong ; TotalUserTime: 0.623999834060669 ; Message: 手机号/邮箱格式不正确
ExecutionTime: 2018-12-11 09:17:51 ; Path：login_st.LoginTestIn.test_accountError ; TotalUserTime: 2.6040000915527344 ; Message: 手机号/邮箱格式不正确
ExecutionTime: 2018-12-11 09:17:51 ; Path：login_st.LoginTestIn.test_accountLong ; TotalUserTime: 0.3579998016357422 ; Message: 手机号/邮箱格式不正确
ExecutionTime: 2018-12-11 09:18:23 ; Path：login_st.LoginTestIn.test_accountAndEnglishLong ; TotalUserTime: 4.959000110626221 ; Message: 手机号/邮箱格式不正确
ExecutionTime: 2018-12-11 09:18:37 ; Path：login_st.LoginTestIn.test_accountAndEnglish ; TotalUserTime: 4.687000036239624 ; Message: 账号未注册
ExecutionTime: 2018-12-11 09:18:50 ; Path：login_st.LoginTestIn.test_accountEnglishLong ; TotalUserTime: 4.628000020980835 ; Message: 手机号/邮箱格式不正确
ExecutionTime: 2018-12-11 09:19:02 ; Path：login_st.LoginTestIn.test_accountEnglish ; TotalUserTime: 5.0279998779296875 ; Message: 账号未注册
ExecutionTime: 2018-12-11 09:19:14 ; Path：login_st.LoginTestIn.test_accountLong ; TotalUserTime: 4.7250001430511475 ; Message: 账号未注册
ExecutionTime: 2018-12-11 09:19:26 ; Path：login_st.LoginTestIn.test_accountError ; TotalUserTime: 4.587000131607056 ; Message: 手机号未注册
ExecutionTime: 2018-12-11 09:22:12 ; Path：login_st.LoginTestIn.test_accountAndEnglish ; TotalUserTime: 6.885999917984009 ; Message: 账号未注册
ExecutionTime: 2018-12-11 09:22:18 ; Path：login_st.LoginTestIn.test_accountAndEnglishLong ; TotalUserTime: 0.9869999885559082 ; Message: 手机号/邮箱格式不正确
ExecutionTime: 2018-12-11 09:22:23 ; Path：login_st.LoginTestIn.test_accountEnglish ; TotalUserTime: 0.6570000648498535 ; Message: 手机号/邮箱格式不正确
ExecutionTime: 2018-12-11 09:22:29 ; Path：login_st.LoginTestIn.test_accountEnglishLong ; TotalUserTime: 0.6670000553131104 ; Message: 手机号/邮箱格式不正确
ExecutionTime: 2018-12-11 09:22:34 ; Path：login_st.LoginTestIn.test_accountError ; TotalUserTime: 0.39099979400634766 ; Message: 手机号/邮箱格式不正确
ExecutionTime: 2018-12-11 09:22:40 ; Path：login_st.LoginTestIn.test_accountLong ; TotalUserTime: 0.38899993896484375 ; Message: 手机号/邮箱格式不正确
ExecutionTime: 2018-12-11 09:26:25 ; Path：login_st.LoginTestIn.test_accountAndEnglish ; TotalUserTime: 5.809000253677368 ; Message: 账号未注册
ExecutionTime: 2018-12-11 09:26:25 ; Path：login_st.LoginTestIn.test_accountAndEnglishLong ; TotalUserTime: 0.9489998817443848 ; Message: 手机号/邮箱格式不正确
ExecutionTime: 2018-12-11 09:26:26 ; Path：login_st.LoginTestIn.test_accountEnglish ; TotalUserTime: 0.40400004386901855 ; Message: 手机号/邮箱格式不正确
ExecutionTime: 2018-12-11 09:26:27 ; Path：login_st.LoginTestIn.test_accountEnglishLong ; TotalUserTime: 0.6619999408721924 ; Message: 手机号/邮箱格式不正确
ExecutionTime: 2018-12-11 09:26:27 ; Path：login_st.LoginTestIn.test_accountError ; TotalUserTime: 0.41300010681152344 ; Message: 手机号/邮箱格式不正确
ExecutionTime: 2018-12-11 09:26:28 ; Path：login_st.LoginTestIn.test_accountLong ; TotalUserTime: 0.7140002250671387 ; Message: 手机号/邮箱格式不正确
ExecutionTime: 2018-12-11 09:31:20 ; Path：login_st.LoginTestIn.test_accountAndEnglish ; TotalUserTime: 4.693000316619873 ; Message: 账号未注册
ExecutionTime: 2018-12-11 09:31:21 ; Path：login_st.LoginTestIn.test_accountAndEnglishLong ; TotalUserTime: 1.241999864578247 ; Message: 手机号/邮箱格式不正确
ExecutionTime: 2018-12-11 09:31:24 ; Path：login_st.LoginTestIn.test_accountEnglish ; TotalUserTime: 3.116999864578247 ; Message: 手机号/邮箱格式不正确
ExecutionTime: 2018-12-11 09:31:25 ; Path：login_st.LoginTestIn.test_accountEnglishLong ; TotalUserTime: 0.9950001239776611 ; Message: 手机号/邮箱格式不正确
ExecutionTime: 2018-12-11 09:31:32 ; Path：login_st.LoginTestIn.test_accountError ; TotalUserTime: 6.806000232696533 ; Message: 手机号/邮箱格式不正确
ExecutionTime: 2018-12-11 09:31:32 ; Path：login_st.LoginTestIn.test_accountLong ; TotalUserTime: 0.5169999599456787 ; Message: 手机号/邮箱格式不正确
ExecutionTime: 2018-12-11 09:33:57 ; Path：login_st.LoginTestIn.test_accountAndEnglish ; TotalUserTime: 4.757999897003174 ; Message: 账号未注册
ExecutionTime: 2018-12-11 09:33:58 ; Path：login_st.LoginTestIn.test_accountAndEnglishLong ; TotalUserTime: 1.069000244140625 ; Message: 手机号/邮箱格式不正确
ExecutionTime: 2018-12-11 09:33:58 ; Path：login_st.LoginTestIn.test_accountEnglish ; TotalUserTime: 0.4230000972747803 ; Message: 手机号/邮箱格式不正确
ExecutionTime: 2018-12-11 09:33:59 ; Path：login_st.LoginTestIn.test_accountEnglishLong ; TotalUserTime: 0.7289998531341553 ; Message: 手机号/邮箱格式不正确
ExecutionTime: 2018-12-11 09:33:59 ; Path：login_st.LoginTestIn.test_accountError ; TotalUserTime: 0.38499999046325684 ; Message: 手机号/邮箱格式不正确
ExecutionTime: 2018-12-11 09:34:00 ; Path：login_st.LoginTestIn.test_accountLong ; TotalUserTime: 0.3749997615814209 ; Message: 手机号/邮箱格式不正确
ExecutionTime: 2018-12-11 09:35:57 ; Path：login_st.LoginTestIn.test_accountAndEnglish ; TotalUserTime: 8.366000175476074 ; Message: 账号未注册
ExecutionTime: 2018-12-11 09:36:01 ; Path：login_st.LoginTestIn.test_accountAndEnglishLong ; TotalUserTime: 4.008000135421753 ; Message: 手机号/邮箱格式不正确
ExecutionTime: 2018-12-11 09:36:05 ; Path：login_st.LoginTestIn.test_accountEnglish ; TotalUserTime: 3.684000015258789 ; Message: 手机号/邮箱格式不正确
ExecutionTime: 2018-12-11 09:36:08 ; Path：login_st.LoginTestIn.test_accountEnglishLong ; TotalUserTime: 3.692999839782715 ; Message: 手机号/邮箱格式不正确
ExecutionTime: 2018-12-11 09:36:39 ; Path：login_st.LoginTestIn.test_accountAndEnglish ; TotalUserTime: 10.898000001907349 ; Message: 账号未注册
ExecutionTime: 2018-12-11 09:36:46 ; Path：login_st.LoginTestIn.test_accountAndEnglishLong ; TotalUserTime: 7.053999900817871 ; Message: 手机号/邮箱格式不正确
ExecutionTime: 2018-12-11 09:36:53 ; Path：login_st.LoginTestIn.test_accountEnglish ; TotalUserTime: 6.460000038146973 ; Message: 手机号/邮箱格式不正确
ExecutionTime: 2018-12-11 09:41:30 ; Path：login_st.LoginTestIn.test_accountAndEnglish ; TotalUserTime: 4.698999881744385 ; Message: 账号未注册
ExecutionTime: 2018-12-11 09:41:31 ; Path：login_st.LoginTestIn.test_accountAndEnglishLong ; TotalUserTime: 0.9220001697540283 ; Message: 手机号/邮箱格式不正确
ExecutionTime: 2018-12-11 09:41:31 ; Path：login_st.LoginTestIn.test_accountEnglish ; TotalUserTime: 0.3959999084472656 ; Message: 手机号/邮箱格式不正确
ExecutionTime: 2018-12-11 09:41:32 ; Path：login_st.LoginTestIn.test_accountEnglishLong ; TotalUserTime: 0.7060000896453857 ; Message: 手机号/邮箱格式不正确
ExecutionTime: 2018-12-11 09:41:33 ; Path：login_st.LoginTestIn.test_accountError ; TotalUserTime: 0.3960001468658447 ; Message: 手机号/邮箱格式不正确
ExecutionTime: 2018-12-11 09:41:33 ; Path：login_st.LoginTestIn.test_accountLong ; TotalUserTime: 0.3960001468658447 ; Message: 手机号/邮箱格式不正确
ExecutionTime: 2018-12-11 09:43:29 ; Path：login_st.LoginTestIn.test_accountAndEnglish ; TotalUserTime: 4.233999967575073 ; Message: None
ExecutionTime: 2018-12-11 09:43:29 ; Path：login_st.LoginTestIn.test_accountAndEnglishLong ; TotalUserTime: 0.03699994087219238 ; Message: None
ExecutionTime: 2018-12-11 09:43:29 ; Path：login_st.LoginTestIn.test_accountEnglish ; TotalUserTime: 0.037999868392944336 ; Message: None
ExecutionTime: 2018-12-11 09:43:29 ; Path：login_st.LoginTestIn.test_accountEnglishLong ; TotalUserTime: 0.03900003433227539 ; Message: None
ExecutionTime: 2018-12-11 09:43:29 ; Path：login_st.LoginTestIn.test_accountError ; TotalUserTime: 0.04200005531311035 ; Message: None
ExecutionTime: 2018-12-11 09:43:29 ; Path：login_st.LoginTestIn.test_accountLong ; TotalUserTime: 0.03600001335144043 ; Message: None
ExecutionTime: 2018-12-11 09:56:36 ; Path：login_st.LoginTestIn.test_accountAndEnglish ; TotalUserTime: 4.473999977111816 ; Message: None
ExecutionTime: 2018-12-11 09:56:36 ; Path：login_st.LoginTestIn.test_accountAndEnglishLong ; TotalUserTime: 0.04200005531311035 ; Message: None
ExecutionTime: 2018-12-11 09:56:36 ; Path：login_st.LoginTestIn.test_accountEnglish ; TotalUserTime: 0.03900003433227539 ; Message: None
ExecutionTime: 2018-12-11 09:56:36 ; Path：login_st.LoginTestIn.test_accountEnglishLong ; TotalUserTime: 0.04200005531311035 ; Message: None
ExecutionTime: 2018-12-11 09:56:36 ; Path：login_st.LoginTestIn.test_accountError ; TotalUserTime: 0.037000179290771484 ; Message: None
ExecutionTime: 2018-12-11 09:56:36 ; Path：login_st.LoginTestIn.test_accountLong ; TotalUserTime: 0.037000179290771484 ; Message: None
ExecutionTime: 2018-12-11 09:59:45 ; Path：login_st.LoginTestIn.test_accountAndEnglish ; TotalUserTime: 4.671999931335449 ; Message: 账号未注册
ExecutionTime: 2018-12-11 09:59:46 ; Path：login_st.LoginTestIn.test_accountAndEnglishLong ; TotalUserTime: 0.8959999084472656 ; Message: 手机号/邮箱格式不正确
ExecutionTime: 2018-12-11 09:59:46 ; Path：login_st.LoginTestIn.test_accountEnglish ; TotalUserTime: 0.4680001735687256 ; Message: 手机号/邮箱格式不正确
ExecutionTime: 2018-12-11 09:59:47 ; Path：login_st.LoginTestIn.test_accountEnglishLong ; TotalUserTime: 0.6909997463226318 ; Message: 手机号/邮箱格式不正确
ExecutionTime: 2018-12-11 09:59:47 ; Path：login_st.LoginTestIn.test_accountError ; TotalUserTime: 0.41499972343444824 ; Message: 手机号/邮箱格式不正确
ExecutionTime: 2018-12-11 09:59:48 ; Path：login_st.LoginTestIn.test_accountLong ; TotalUserTime: 0.40199995040893555 ; Message: 手机号/邮箱格式不正确
ExecutionTime: 2018-12-11 10:00:27 ; Path：login_st.LoginTestIn.test_accountAndEnglish ; TotalUserTime: 4.772000074386597 ; Message: 账号未注册
ExecutionTime: 2018-12-11 10:00:28 ; Path：login_st.LoginTestIn.test_accountAndEnglishLong ; TotalUserTime: 0.9600000381469727 ; Message: 手机号/邮箱格式不正确
ExecutionTime: 2018-12-11 10:00:28 ; Path：login_st.LoginTestIn.test_accountEnglish ; TotalUserTime: 0.4399998188018799 ; Message: 手机号/邮箱格式不正确
ExecutionTime: 2018-12-11 10:00:29 ; Path：login_st.LoginTestIn.test_accountEnglishLong ; TotalUserTime: 0.6940000057220459 ; Message: 手机号/邮箱格式不正确
ExecutionTime: 2018-12-11 10:00:29 ; Path：login_st.LoginTestIn.test_accountError ; TotalUserTime: 0.43600010871887207 ; Message: 手机号/邮箱格式不正确
ExecutionTime: 2018-12-11 10:00:30 ; Path：login_st.LoginTestIn.test_accountLong ; TotalUserTime: 0.3899998664855957 ; Message: 手机号/邮箱格式不正确
ExecutionTime: 2018-12-11 10:05:05 ; Path：login_st.LoginTestIn.test_accountAndEnglish ; TotalUserTime: 5.397000074386597 ; Message: 账号未注册
ExecutionTime: 2018-12-11 10:05:06 ; Path：login_st.LoginTestIn.test_accountAndEnglishLong ; TotalUserTime: 1.003000020980835 ; Message: 手机号/邮箱格式不正确
ExecutionTime: 2018-12-11 10:05:06 ; Path：login_st.LoginTestIn.test_accountEnglish ; TotalUserTime: 0.46199989318847656 ; Message: 手机号/邮箱格式不正确
ExecutionTime: 2018-12-11 10:05:07 ; Path：login_st.LoginTestIn.test_accountEnglishLong ; TotalUserTime: 0.6480000019073486 ; Message: 手机号/邮箱格式不正确
ExecutionTime: 2018-12-11 10:05:07 ; Path：login_st.LoginTestIn.test_accountError ; TotalUserTime: 0.3860001564025879 ; Message: 手机号/邮箱格式不正确
ExecutionTime: 2018-12-11 10:05:08 ; Path：login_st.LoginTestIn.test_accountLong ; TotalUserTime: 0.4119999408721924 ; Message: 手机号/邮箱格式不正确
ExecutionTime: 2018-12-11 10:05:41 ; Path：login_st.LoginTestIn.test_accountAndEnglish ; TotalUserTime: 7.88700008392334 ; Message: 账号未注册
ExecutionTime: 2018-12-11 10:05:45 ; Path：login_st.LoginTestIn.test_accountAndEnglishLong ; TotalUserTime: 3.996000289916992 ; Message: 手机号/邮箱格式不正确
ExecutionTime: 2018-12-11 10:05:49 ; Path：login_st.LoginTestIn.test_accountEnglish ; TotalUserTime: 3.4709999561309814 ; Message: 手机号/邮箱格式不正确
ExecutionTime: 2018-12-11 10:05:53 ; Path：login_st.LoginTestIn.test_accountEnglishLong ; TotalUserTime: 3.932000160217285 ; Message: 手机号/邮箱格式不正确
ExecutionTime: 2018-12-11 10:05:56 ; Path：login_st.LoginTestIn.test_accountError ; TotalUserTime: 3.444999933242798 ; Message: 手机号/邮箱格式不正确
ExecutionTime: 2018-12-11 10:06:00 ; Path：login_st.LoginTestIn.test_accountLong ; TotalUserTime: 3.4240000247955322 ; Message: 手机号/邮箱格式不正确
ExecutionTime: 2018-12-11 10:08:46 ; Path：login_st.LoginTestIn.test_accountAndEnglishLong ; TotalUserTime: 5.4649999141693115 ; Message: 手机号/邮箱格式不正确
ExecutionTime: 2018-12-11 10:09:12 ; Path：login_st.LoginTestIn.test_accountAndEnglish ; TotalUserTime: 4.585000038146973 ; Message: 账号未注册
ExecutionTime: 2018-12-11 10:09:13 ; Path：login_st.LoginTestIn.test_accountAndEnglishLong ; TotalUserTime: 1.051999807357788 ; Message: 手机号/邮箱格式不正确
ExecutionTime: 2018-12-11 10:18:06 ; Path：login_st.LoginTestIn.test_accountAndEnglish ; TotalUserTime: 4.633000135421753 ; Message: 账号未注册
ExecutionTime: 2018-12-11 10:18:07 ; Path：login_st.LoginTestIn.test_accountAndEnglishLong ; TotalUserTime: 0.9570000171661377 ; Message: 手机号/邮箱格式不正确
ExecutionTime: 2018-12-11 10:18:07 ; Path：login_st.LoginTestIn.test_accountEnglish ; TotalUserTime: 0.38900017738342285 ; Message: 手机号/邮箱格式不正确
ExecutionTime: 2018-12-11 10:18:08 ; Path：login_st.LoginTestIn.test_accountEnglishLong ; TotalUserTime: 0.6610002517700195 ; Message: 手机号/邮箱格式不正确
ExecutionTime: 2018-12-11 10:18:08 ; Path：login_st.LoginTestIn.test_accountError ; TotalUserTime: 0.37799978256225586 ; Message: 手机号/邮箱格式不正确
ExecutionTime: 2018-12-11 10:18:09 ; Path：login_st.LoginTestIn.test_accountLong ; TotalUserTime: 0.38000011444091797 ; Message: 手机号/邮箱格式不正确
ExecutionTime: 2018-12-11 10:23:00 ; Path：login_st.LoginTestIn.test_accountAndEnglish ; TotalUserTime: 4.800000190734863 ; Message: 账号未注册
ExecutionTime: 2018-12-11 10:23:01 ; Path：login_st.LoginTestIn.test_accountAndEnglishLong ; TotalUserTime: 0.9270000457763672 ; Message: 手机号/邮箱格式不正确
ExecutionTime: 2018-12-11 10:23:01 ; Path：login_st.LoginTestIn.test_accountEnglish ; TotalUserTime: 0.38700008392333984 ; Message: 手机号/邮箱格式不正确
ExecutionTime: 2018-12-11 10:23:02 ; Path：login_st.LoginTestIn.test_accountEnglishLong ; TotalUserTime: 0.6500000953674316 ; Message: 手机号/邮箱格式不正确
ExecutionTime: 2018-12-11 10:23:02 ; Path：login_st.LoginTestIn.test_accountError ; TotalUserTime: 0.4119999408721924 ; Message: 手机号/邮箱格式不正确
ExecutionTime: 2018-12-11 10:23:03 ; Path：login_st.LoginTestIn.test_accountLong ; TotalUserTime: 0.37400007247924805 ; Message: 手机号/邮箱格式不正确
ExecutionTime: 2018-12-11 10:25:06 ; Path：login_st.LoginTestIn.test_accountAndEnglish ; TotalUserTime: 4.565999984741211 ; Message: 账号未注册
ExecutionTime: 2018-12-11 10:25:07 ; Path：login_st.LoginTestIn.test_accountAndEnglishLong ; TotalUserTime: 0.9730002880096436 ; Message: 手机号/邮箱格式不正确
ExecutionTime: 2018-12-11 10:25:17 ; Path：login_st.LoginTestIn.test_accountEnglish ; TotalUserTime: 10.443999528884888 ; Message: None
ExecutionTime: 2018-12-11 10:25:27 ; Path：login_st.LoginTestIn.test_accountAndEnglish ; TotalUserTime: 4.873000144958496 ; Message: 账号未注册
ExecutionTime: 2018-12-11 10:25:28 ; Path：login_st.LoginTestIn.test_accountAndEnglishLong ; TotalUserTime: 0.9960000514984131 ; Message: 手机号/邮箱格式不正确
ExecutionTime: 2018-12-11 10:25:28 ; Path：login_st.LoginTestIn.test_accountEnglish ; TotalUserTime: 0.4249999523162842 ; Message: 手机号/邮箱格式不正确
ExecutionTime: 2018-12-11 10:25:29 ; Path：login_st.LoginTestIn.test_accountEnglishLong ; TotalUserTime: 0.6570003032684326 ; Message: 手机号/邮箱格式不正确
ExecutionTime: 2018-12-11 10:25:29 ; Path：login_st.LoginTestIn.test_accountError ; TotalUserTime: 0.37399983406066895 ; Message: 手机号/邮箱格式不正确
ExecutionTime: 2018-12-11 10:25:30 ; Path：login_st.LoginTestIn.test_accountLong ; TotalUserTime: 0.38299989700317383 ; Message: 手机号/邮箱格式不正确
ExecutionTime: 2018-12-11 10:26:04 ; Path：login_st.LoginTestIn.test_accountAndEnglish ; TotalUserTime: 4.492999792098999 ; Message: 账号未注册
ExecutionTime: 2018-12-11 10:26:05 ; Path：login_st.LoginTestIn.test_accountAndEnglishLong ; TotalUserTime: 0.9380002021789551 ; Message: 手机号/邮箱格式不正确
ExecutionTime: 2018-12-11 10:26:06 ; Path：login_st.LoginTestIn.test_accountEnglish ; TotalUserTime: 0.3620002269744873 ; Message: 手机号/邮箱格式不正确
ExecutionTime: 2018-12-11 10:26:06 ; Path：login_st.LoginTestIn.test_accountEnglishLong ; TotalUserTime: 0.6130001544952393 ; Message: 手机号/邮箱格式不正确
ExecutionTime: 2018-12-11 10:26:38 ; Path：login_st.LoginTestIn.test_accountAndEnglish ; TotalUserTime: 4.762999773025513 ; Message: 账号未注册
ExecutionTime: 2018-12-11 10:26:39 ; Path：login_st.LoginTestIn.test_accountAndEnglishLong ; TotalUserTime: 0.9940001964569092 ; Message: 手机号/邮箱格式不正确
ExecutionTime: 2018-12-11 10:26:40 ; Path：login_st.LoginTestIn.test_accountEnglish ; TotalUserTime: 0.41899991035461426 ; Message: 手机号/邮箱格式不正确
ExecutionTime: 2018-12-11 10:26:41 ; Path：login_st.LoginTestIn.test_accountEnglishLong ; TotalUserTime: 0.7969999313354492 ; Message: 手机号/邮箱格式不正确
ExecutionTime: 2018-12-11 10:26:41 ; Path：login_st.LoginTestIn.test_accountError ; TotalUserTime: 0.3900001049041748 ; Message: 手机号/邮箱格式不正确
ExecutionTime: 2018-12-11 10:26:41 ; Path：login_st.LoginTestIn.test_accountLong ; TotalUserTime: 0.3900001049041748 ; Message: 手机号/邮箱格式不正确
ExecutionTime: 2018-12-11 10:28:14 ; Path：login_st.LoginTestIn.test_accountAndEnglish ; TotalUserTime: 5.000999927520752 ; Message: 账号未注册
ExecutionTime: 2018-12-11 10:28:37 ; Path：login_st.LoginTestIn.test_accountAndEnglish ; TotalUserTime: 4.889999866485596 ; Message: 账号未注册
ExecutionTime: 2018-12-11 10:28:38 ; Path：login_st.LoginTestIn.test_accountAndEnglishLong ; TotalUserTime: 0.9560000896453857 ; Message: 手机号/邮箱格式不正确
ExecutionTime: 2018-12-11 10:28:39 ; Path：login_st.LoginTestIn.test_accountEnglish ; TotalUserTime: 0.934999942779541 ; Message: 手机号/邮箱格式不正确
ExecutionTime: 2018-12-11 10:28:39 ; Path：login_st.LoginTestIn.test_accountEnglishLong ; TotalUserTime: 0.7100000381469727 ; Message: 手机号/邮箱格式不正确
ExecutionTime: 2018-12-11 10:28:40 ; Path：login_st.LoginTestIn.test_accountError ; TotalUserTime: 0.40199995040893555 ; Message: 手机号/邮箱格式不正确
ExecutionTime: 2018-12-11 10:28:40 ; Path：login_st.LoginTestIn.test_accountLong ; TotalUserTime: 0.3859996795654297 ; Message: 手机号/邮箱格式不正确
ExecutionTime: 2018-12-11 10:31:19 ; Path：login_st.LoginTestIn.test_accountAndEnglish ; TotalUserTime: 10.764000177383423 ; Message: 账号未注册
ExecutionTime: 2018-12-11 10:31:20 ; Path：login_st.LoginTestIn.test_accountAndEnglishLong ; TotalUserTime: 0.9239997863769531 ; Message: 手机号/邮箱格式不正确
ExecutionTime: 2018-12-11 10:31:21 ; Path：login_st.LoginTestIn.test_accountEnglish ; TotalUserTime: 0.43400025367736816 ; Message: 手机号/邮箱格式不正确
ExecutionTime: 2018-12-11 10:31:21 ; Path：login_st.LoginTestIn.test_accountEnglishLong ; TotalUserTime: 0.6770002841949463 ; Message: 手机号/邮箱格式不正确
ExecutionTime: 2018-12-11 10:31:22 ; Path：login_st.LoginTestIn.test_accountError ; TotalUserTime: 0.3839998245239258 ; Message: 手机号/邮箱格式不正确
ExecutionTime: 2018-12-11 10:31:22 ; Path：login_st.LoginTestIn.test_accountLong ; TotalUserTime: 0.4330000877380371 ; Message: 手机号/邮箱格式不正确
ExecutionTime: 2018-12-11 10:32:03 ; Path：login_st.LoginTestIn.test_accountAndEnglish ; TotalUserTime: 8.624000072479248 ; Message: 账号未注册
ExecutionTime: 2018-12-11 10:32:04 ; Path：login_st.LoginTestIn.test_accountAndEnglishLong ; TotalUserTime: 1.0479998588562012 ; Message: 手机号/邮箱格式不正确
ExecutionTime: 2018-12-11 10:32:04 ; Path：login_st.LoginTestIn.test_accountEnglish ; TotalUserTime: 0.4460000991821289 ; Message: 手机号/邮箱格式不正确
ExecutionTime: 2018-12-11 10:32:05 ; Path：login_st.LoginTestIn.test_accountEnglishLong ; TotalUserTime: 0.7430002689361572 ; Message: 手机号/邮箱格式不正确
ExecutionTime: 2018-12-11 10:32:06 ; Path：login_st.LoginTestIn.test_accountError ; TotalUserTime: 0.46699976921081543 ; Message: 手机号/邮箱格式不正确
ExecutionTime: 2018-12-11 10:32:06 ; Path：login_st.LoginTestIn.test_accountLong ; TotalUserTime: 0.46199989318847656 ; Message: 手机号/邮箱格式不正确
ExecutionTime: 2018-12-11 10:33:08 ; Path：login_st.LoginTestIn.test_accountAndEnglish ; TotalUserTime: 19.27999997138977 ; Message: 账号未注册
ExecutionTime: 2018-12-11 10:33:14 ; Path：login_st.LoginTestIn.test_accountAndEnglishLong ; TotalUserTime: 6.134999990463257 ; Message: 手机号/邮箱格式不正确
ExecutionTime: 2018-12-11 10:33:47 ; Path：login_st.LoginTestIn.test_accountAndEnglish ; TotalUserTime: 13.124000072479248 ; Message: 账号未注册
ExecutionTime: 2018-12-11 10:33:53 ; Path：login_st.LoginTestIn.test_accountAndEnglishLong ; TotalUserTime: 6.204999923706055 ; Message: 手机号/邮箱格式不正确
ExecutionTime: 2018-12-11 10:33:59 ; Path：login_st.LoginTestIn.test_accountEnglish ; TotalUserTime: 5.7250001430511475 ; Message: 账号未注册
ExecutionTime: 2018-12-11 10:34:04 ; Path：login_st.LoginTestIn.test_accountEnglishLong ; TotalUserTime: 5.724999904632568 ; Message: 手机号/邮箱格式不正确
ExecutionTime: 2018-12-11 10:34:10 ; Path：login_st.LoginTestIn.test_accountError ; TotalUserTime: 5.552999973297119 ; Message: 手机号未注册
ExecutionTime: 2018-12-11 10:34:16 ; Path：login_st.LoginTestIn.test_accountLong ; TotalUserTime: 6.17300009727478 ; Message: 账号未注册
ExecutionTime: 2018-12-11 10:34:37 ; Path：login_st.LoginTestIn.test_accountAndEnglish ; TotalUserTime: 12.543999910354614 ; Message: 账号未注册
ExecutionTime: 2018-12-11 10:34:38 ; Path：login_st.LoginTestIn.test_accountAndEnglishLong ; TotalUserTime: 1.1129999160766602 ; Message: 手机号/邮箱格式不正确
ExecutionTime: 2018-12-11 10:34:38 ; Path：login_st.LoginTestIn.test_accountEnglish ; TotalUserTime: 0.4789998531341553 ; Message: 账号未注册
ExecutionTime: 2018-12-11 10:34:39 ; Path：login_st.LoginTestIn.test_accountEnglishLong ; TotalUserTime: 0.7800002098083496 ; Message: 手机号/邮箱格式不正确
ExecutionTime: 2018-12-11 10:34:39 ; Path：login_st.LoginTestIn.test_accountError ; TotalUserTime: 0.5179998874664307 ; Message: 手机号未注册
ExecutionTime: 2018-12-11 10:34:40 ; Path：login_st.LoginTestIn.test_accountLong ; TotalUserTime: 0.5199999809265137 ; Message: 账号未注册
ExecutionTime: 2018-12-11 10:35:38 ; Path：login_st.LoginTestIn.test_accountAndEnglish ; TotalUserTime: 10.542999982833862 ; Message: 账号未注册
ExecutionTime: 2018-12-11 10:35:39 ; Path：login_st.LoginTestIn.test_accountAndEnglishLong ; TotalUserTime: 1.0119998455047607 ; Message: 手机号/邮箱格式不正确
ExecutionTime: 2018-12-11 10:35:40 ; Path：login_st.LoginTestIn.test_accountEnglish ; TotalUserTime: 0.7450001239776611 ; Message: 账号未注册
ExecutionTime: 2018-12-11 10:35:40 ; Path：login_st.LoginTestIn.test_accountEnglishLong ; TotalUserTime: 0.685999870300293 ; Message: 手机号/邮箱格式不正确
ExecutionTime: 2018-12-11 10:35:41 ; Path：login_st.LoginTestIn.test_accountError ; TotalUserTime: 0.4680001735687256 ; Message: 手机号未注册
ExecutionTime: 2018-12-11 10:35:41 ; Path：login_st.LoginTestIn.test_accountLong ; TotalUserTime: 0.6000001430511475 ; Message: 账号未注册
ExecutionTime: 2018-12-11 10:39:44 ; Path：login_st.LoginTestIn.test_accountBoundary ; TotalUserTime: 4.64300012588501 ; Message: 密码错误请重新输入
ExecutionTime: 2018-12-11 10:43:03 ; Path：login_st.LoginTestIn.test_accountStr ; TotalUserTime: 4.528000116348267 ; Message: 账号未注册
ExecutionTime: 2018-12-11 10:45:29 ; Path：login_st.LoginTestIn.test_accountMerge ; TotalUserTime: 5.000999927520752 ; Message: 手机号/邮箱格式不正确
ExecutionTime: 2018-12-11 10:46:51 ; Path：login_st.LoginTestIn.test_accountSpace ; TotalUserTime: 4.375 ; Message: None
ExecutionTime: 2018-12-11 10:47:16 ; Path：login_st.LoginTestIn.test_accountSpace ; TotalUserTime: 4.359999895095825 ; Message: 请输入账号
ExecutionTime: 2018-12-11 10:47:42 ; Path：login_st.LoginTestIn.test_accountSpace ; TotalUserTime: 4.358999967575073 ; Message: 请输入账号
ExecutionTime: 2018-12-11 10:49:12 ; Path：login_st.LoginTestIn.test_accountAndEnglish ; TotalUserTime: 4.53600001335144 ; Message: 账号未注册
ExecutionTime: 2018-12-11 10:49:13 ; Path：login_st.LoginTestIn.test_accountAndEnglishLong ; TotalUserTime: 1.0359997749328613 ; Message: 手机号/邮箱格式不正确
ExecutionTime: 2018-12-11 10:49:13 ; Path：login_st.LoginTestIn.test_accountBoundary ; TotalUserTime: 0.5039999485015869 ; Message: 密码错误请重新输入
ExecutionTime: 2018-12-11 10:49:14 ; Path：login_st.LoginTestIn.test_accountEnglish ; TotalUserTime: 0.48200011253356934 ; Message: 账号未注册
ExecutionTime: 2018-12-11 10:49:15 ; Path：login_st.LoginTestIn.test_accountEnglishLong ; TotalUserTime: 0.6969997882843018 ; Message: 手机号/邮箱格式不正确
ExecutionTime: 2018-12-11 10:49:15 ; Path：login_st.LoginTestIn.test_accountError ; TotalUserTime: 0.7329998016357422 ; Message: 手机号未注册
ExecutionTime: 2018-12-11 10:49:16 ; Path：login_st.LoginTestIn.test_accountLong ; TotalUserTime: 0.4760000705718994 ; Message: 账号未注册
ExecutionTime: 2018-12-11 10:49:16 ; Path：login_st.LoginTestIn.test_accountMerge ; TotalUserTime: 0.5929999351501465 ; Message: 手机号/邮箱格式不正确
ExecutionTime: 2018-12-11 10:49:17 ; Path：login_st.LoginTestIn.test_accountSpace ; TotalUserTime: 0.3320000171661377 ; Message: 请输入账号
ExecutionTime: 2018-12-11 10:49:17 ; Path：login_st.LoginTestIn.test_accountStr ; TotalUserTime: 0.5089998245239258 ; Message: 账号未注册
ExecutionTime: 2018-12-11 11:06:01 ; Path：login_st.LoginTestIn.test_accountAndEnglish ; TotalUserTime: 5.01099967956543 ; Message: 账号未注册
ExecutionTime: 2018-12-11 11:06:02 ; Path：login_st.LoginTestIn.test_accountAndEnglishLong ; TotalUserTime: 0.9900002479553223 ; Message: 手机号/邮箱格式不正确
ExecutionTime: 2018-12-11 11:06:03 ; Path：login_st.LoginTestIn.test_accountBoundary ; TotalUserTime: 0.7339999675750732 ; Message: 密码错误请重新输入
ExecutionTime: 2018-12-11 11:06:03 ; Path：login_st.LoginTestIn.test_accountEnglish ; TotalUserTime: 0.504000186920166 ; Message: 账号未注册
ExecutionTime: 2018-12-11 11:06:04 ; Path：login_st.LoginTestIn.test_accountEnglishLong ; TotalUserTime: 0.7590000629425049 ; Message: 手机号/邮箱格式不正确
ExecutionTime: 2018-12-11 11:06:04 ; Path：login_st.LoginTestIn.test_accountError ; TotalUserTime: 0.4699997901916504 ; Message: 手机号未注册
ExecutionTime: 2018-12-11 11:06:05 ; Path：login_st.LoginTestIn.test_accountLong ; TotalUserTime: 0.500999927520752 ; Message: 账号未注册
ExecutionTime: 2018-12-11 11:06:06 ; Path：login_st.LoginTestIn.test_accountMerge ; TotalUserTime: 0.5920000076293945 ; Message: 手机号/邮箱格式不正确
ExecutionTime: 2018-12-11 11:06:06 ; Path：login_st.LoginTestIn.test_accountSpace ; TotalUserTime: 0.3300001621246338 ; Message: 请输入账号
ExecutionTime: 2018-12-11 11:06:06 ; Path：login_st.LoginTestIn.test_accountStr ; TotalUserTime: 0.4509999752044678 ; Message: 账号未注册
ExecutionTime: 2018-12-11 11:20:49 ; Path：SCRM.login.login_st.LoginTestIn.test_accountAndEnglish ; TotalUserTime: 4.676999807357788 ; Message: 账号未注册
ExecutionTime: 2018-12-11 11:20:50 ; Path：SCRM.login.login_st.LoginTestIn.test_accountAndEnglishLong ; TotalUserTime: 0.9620001316070557 ; Message: 手机号/邮箱格式不正确
ExecutionTime: 2018-12-11 11:20:51 ; Path：SCRM.login.login_st.LoginTestIn.test_accountBoundary ; TotalUserTime: 0.818000078201294 ; Message: 密码错误请重新输入
ExecutionTime: 2018-12-11 11:20:51 ; Path：SCRM.login.login_st.LoginTestIn.test_accountEnglish ; TotalUserTime: 0.5459997653961182 ; Message: 账号未注册
ExecutionTime: 2018-12-11 11:20:52 ; Path：SCRM.login.login_st.LoginTestIn.test_accountEnglishLong ; TotalUserTime: 0.7190001010894775 ; Message: 手机号/邮箱格式不正确
ExecutionTime: 2018-12-11 11:20:53 ; Path：SCRM.login.login_st.LoginTestIn.test_accountError ; TotalUserTime: 0.4609999656677246 ; Message: 手机号未注册
ExecutionTime: 2018-12-11 11:20:53 ; Path：SCRM.login.login_st.LoginTestIn.test_accountLong ; TotalUserTime: 0.4509999752044678 ; Message: 账号未注册
ExecutionTime: 2018-12-11 11:20:54 ; Path：SCRM.login.login_st.LoginTestIn.test_accountMerge ; TotalUserTime: 0.629000186920166 ; Message: 手机号/邮箱格式不正确
ExecutionTime: 2018-12-11 11:20:54 ; Path：SCRM.login.login_st.LoginTestIn.test_accountSpace ; TotalUserTime: 0.32399988174438477 ; Message: 请输入账号
ExecutionTime: 2018-12-11 11:20:55 ; Path：SCRM.login.login_st.LoginTestIn.test_accountStr ; TotalUserTime: 0.4719998836517334 ; Message: 账号未注册
ExecutionTime: 2018-12-11 12:01:18 ; Path：SCRM.login.login_st.LoginTestIn.test_accountAndEnglish ; TotalUserTime: 1.5450000762939453 ; Message: 账号未注册
ExecutionTime: 2018-12-11 12:02:15 ; Path：SCRM.login.login_st.LoginTestIn.test_accountAndEnglish ; TotalUserTime: 0.6110000610351562 ; Message: 账号未注册
ExecutionTime: 2018-12-11 12:02:40 ; Path：SCRM.login.login_st.LoginTestIn.test_accountAndEnglish ; TotalUserTime: 0.6190001964569092 ; Message: 账号未注册
ExecutionTime: 2018-12-11 12:02:41 ; Path：SCRM.login.login_st.LoginTestIn.test_accountAndEnglishLong ; TotalUserTime: 1.0119998455047607 ; Message: 手机号/邮箱格式不正确
ExecutionTime: 2018-12-11 12:02:42 ; Path：SCRM.login.login_st.LoginTestIn.test_accountBoundary ; TotalUserTime: 0.6809999942779541 ; Message: 密码错误请重新输入
ExecutionTime: 2018-12-11 12:02:42 ; Path：SCRM.login.login_st.LoginTestIn.test_accountEnglish ; TotalUserTime: 0.4649999141693115 ; Message: 账号未注册
ExecutionTime: 2018-12-11 12:02:43 ; Path：SCRM.login.login_st.LoginTestIn.test_accountEnglishLong ; TotalUserTime: 0.8040001392364502 ; Message: 手机号/邮箱格式不正确
ExecutionTime: 2018-12-11 12:02:44 ; Path：SCRM.login.login_st.LoginTestIn.test_accountError ; TotalUserTime: 0.6979999542236328 ; Message: 手机号未注册
ExecutionTime: 2018-12-11 12:02:44 ; Path：SCRM.login.login_st.LoginTestIn.test_accountLong ; TotalUserTime: 0.5720000267028809 ; Message: 账号未注册
ExecutionTime: 2018-12-11 12:02:45 ; Path：SCRM.login.login_st.LoginTestIn.test_accountMerge ; TotalUserTime: 0.6410000324249268 ; Message: 手机号/邮箱格式不正确
ExecutionTime: 2018-12-11 12:02:45 ; Path：SCRM.login.login_st.LoginTestIn.test_accountSpace ; TotalUserTime: 0.37199997901916504 ; Message: 请输入账号
ExecutionTime: 2018-12-11 12:02:46 ; Path：SCRM.login.login_st.LoginTestIn.test_accountStr ; TotalUserTime: 0.5180001258850098 ; Message: 账号未注册
ExecutionTime: 2018-12-11 14:42:25 ; Path：SCRM.login.login_st.LoginTestIn.test_accountAndEnglish ; TotalUserTime: 0.625999927520752 ; Message: 账号未注册
ExecutionTime: 2018-12-11 14:42:26 ; Path：SCRM.login.login_st.LoginTestIn.test_accountAndEnglishLong ; TotalUserTime: 1.0260000228881836 ; Message: 手机号/邮箱格式不正确
ExecutionTime: 2018-12-11 14:42:26 ; Path：SCRM.login.login_st.LoginTestIn.test_accountBoundary ; TotalUserTime: 0.7390000820159912 ; Message: 密码错误请重新输入
ExecutionTime: 2018-12-11 14:42:27 ; Path：SCRM.login.login_st.LoginTestIn.test_accountEnglish ; TotalUserTime: 0.46200013160705566 ; Message: 账号未注册
ExecutionTime: 2018-12-11 14:42:28 ; Path：SCRM.login.login_st.LoginTestIn.test_accountEnglishLong ; TotalUserTime: 0.7039999961853027 ; Message: 手机号/邮箱格式不正确
ExecutionTime: 2018-12-11 14:42:28 ; Path：SCRM.login.login_st.LoginTestIn.test_accountError ; TotalUserTime: 0.4849998950958252 ; Message: 手机号未注册
ExecutionTime: 2018-12-11 14:42:29 ; Path：SCRM.login.login_st.LoginTestIn.test_accountLong ; TotalUserTime: 0.4419999122619629 ; Message: 账号未注册
ExecutionTime: 2018-12-11 14:42:29 ; Path：SCRM.login.login_st.LoginTestIn.test_accountMerge ; TotalUserTime: 0.5889999866485596 ; Message: 手机号/邮箱格式不正确
ExecutionTime: 2018-12-11 14:42:30 ; Path：SCRM.login.login_st.LoginTestIn.test_accountSpace ; TotalUserTime: 0.3489999771118164 ; Message: 请输入账号
ExecutionTime: 2018-12-11 14:42:30 ; Path：SCRM.login.login_st.LoginTestIn.test_accountStr ; TotalUserTime: 0.7480001449584961 ; Message: 账号未注册
ExecutionTime: 2018-12-11 14:44:49 ; Path：SCRM.login.login_st.LoginTestIn.test_accountAndEnglish ; TotalUserTime: 0.6150000095367432 ; Message: 账号未注册
ExecutionTime: 2018-12-11 14:44:50 ; Path：SCRM.login.login_st.LoginTestIn.test_accountAndEnglishLong ; TotalUserTime: 0.9919998645782471 ; Message: 手机号/邮箱格式不正确
ExecutionTime: 2018-12-11 14:44:51 ; Path：SCRM.login.login_st.LoginTestIn.test_accountBoundary ; TotalUserTime: 0.7770001888275146 ; Message: 密码错误请重新输入
ExecutionTime: 2018-12-11 14:44:51 ; Path：SCRM.login.login_st.LoginTestIn.test_accountEnglish ; TotalUserTime: 0.4930000305175781 ; Message: 账号未注册
ExecutionTime: 2018-12-11 14:44:52 ; Path：SCRM.login.login_st.LoginTestIn.test_accountEnglishLong ; TotalUserTime: 0.748999834060669 ; Message: 手机号/邮箱格式不正确
ExecutionTime: 2018-12-11 14:44:53 ; Path：SCRM.login.login_st.LoginTestIn.test_accountError ; TotalUserTime: 0.6800000667572021 ; Message: 手机号未注册
ExecutionTime: 2018-12-11 14:44:53 ; Path：SCRM.login.login_st.LoginTestIn.test_accountLong ; TotalUserTime: 0.5160000324249268 ; Message: 账号未注册
ExecutionTime: 2018-12-11 14:44:54 ; Path：SCRM.login.login_st.LoginTestIn.test_accountMerge ; TotalUserTime: 0.5950000286102295 ; Message: 手机号/邮箱格式不正确
ExecutionTime: 2018-12-11 14:44:54 ; Path：SCRM.login.login_st.LoginTestIn.test_accountSpace ; TotalUserTime: 0.3539998531341553 ; Message: 请输入账号
ExecutionTime: 2018-12-11 14:44:55 ; Path：SCRM.login.login_st.LoginTestIn.test_accountStr ; TotalUserTime: 0.5130000114440918 ; Message: 账号未注册
ExecutionTime: 2018-12-11 14:45:21 ; Path：SCRM.login.login_st.LoginTestIn.test_accountAndEnglish ; TotalUserTime: 0.6440000534057617 ; Message: 账号未注册
ExecutionTime: 2018-12-11 14:45:22 ; Path：SCRM.login.login_st.LoginTestIn.test_accountAndEnglishLong ; TotalUserTime: 1.0769999027252197 ; Message: 手机号/邮箱格式不正确
ExecutionTime: 2018-12-11 14:45:22 ; Path：SCRM.login.login_st.LoginTestIn.test_accountBoundary ; TotalUserTime: 0.7219998836517334 ; Message: 密码错误请重新输入
ExecutionTime: 2018-12-11 14:45:23 ; Path：SCRM.login.login_st.LoginTestIn.test_accountEnglish ; TotalUserTime: 0.4810001850128174 ; Message: 账号未注册
ExecutionTime: 2018-12-11 14:45:24 ; Path：SCRM.login.login_st.LoginTestIn.test_accountEnglishLong ; TotalUserTime: 0.6970000267028809 ; Message: 手机号/邮箱格式不正确
ExecutionTime: 2018-12-11 14:45:24 ; Path：SCRM.login.login_st.LoginTestIn.test_accountError ; TotalUserTime: 0.43399977684020996 ; Message: 手机号未注册
ExecutionTime: 2018-12-11 14:45:25 ; Path：SCRM.login.login_st.LoginTestIn.test_accountLong ; TotalUserTime: 0.7279999256134033 ; Message: 账号未注册
ExecutionTime: 2018-12-11 14:45:25 ; Path：SCRM.login.login_st.LoginTestIn.test_accountMerge ; TotalUserTime: 0.5880000591278076 ; Message: 手机号/邮箱格式不正确
ExecutionTime: 2018-12-11 14:45:26 ; Path：SCRM.login.login_st.LoginTestIn.test_accountSpace ; TotalUserTime: 0.32700014114379883 ; Message: 请输入账号
ExecutionTime: 2018-12-11 14:45:26 ; Path：SCRM.login.login_st.LoginTestIn.test_accountStr ; TotalUserTime: 0.6219997406005859 ; Message: 账号未注册
ExecutionTime: 2018-12-11 14:47:10 ; Path：SCRM.login.login_st.LoginTestIn.test_accountAndEnglish ; TotalUserTime: 0.5969998836517334 ; Message: 账号未注册
ExecutionTime: 2018-12-11 14:47:11 ; Path：SCRM.login.login_st.LoginTestIn.test_accountAndEnglishLong ; TotalUserTime: 0.9880001544952393 ; Message: 手机号/邮箱格式不正确
ExecutionTime: 2018-12-11 14:47:11 ; Path：SCRM.login.login_st.LoginTestIn.test_accountBoundary ; TotalUserTime: 0.6899998188018799 ; Message: 密码错误请重新输入
ExecutionTime: 2018-12-11 14:47:12 ; Path：SCRM.login.login_st.LoginTestIn.test_accountEnglish ; TotalUserTime: 0.48600006103515625 ; Message: 账号未注册
ExecutionTime: 2018-12-11 14:47:12 ; Path：SCRM.login.login_st.LoginTestIn.test_accountEnglishLong ; TotalUserTime: 0.7039999961853027 ; Message: 手机号/邮箱格式不正确
ExecutionTime: 2018-12-11 14:47:13 ; Path：SCRM.login.login_st.LoginTestIn.test_accountError ; TotalUserTime: 0.4460000991821289 ; Message: 手机号未注册
ExecutionTime: 2018-12-11 14:47:14 ; Path：SCRM.login.login_st.LoginTestIn.test_accountLong ; TotalUserTime: 0.6289999485015869 ; Message: 账号未注册
ExecutionTime: 2018-12-11 14:47:14 ; Path：SCRM.login.login_st.LoginTestIn.test_accountMerge ; TotalUserTime: 0.5750000476837158 ; Message: 手机号/邮箱格式不正确
ExecutionTime: 2018-12-11 14:47:14 ; Path：SCRM.login.login_st.LoginTestIn.test_accountSpace ; TotalUserTime: 0.3379998207092285 ; Message: 请输入账号
ExecutionTime: 2018-12-11 14:47:15 ; Path：SCRM.login.login_st.LoginTestIn.test_accountStr ; TotalUserTime: 0.5770003795623779 ; Message: 账号未注册
ExecutionTime: 2018-12-11 15:12:13 ; Path：SCRM.login.login_st.LoginTestIn.test_accountAndEnglish ; TotalUserTime: 0.6160001754760742 ; Message: 账号未注册
ExecutionTime: 2018-12-11 15:12:14 ; Path：SCRM.login.login_st.LoginTestIn.test_accountAndEnglishLong ; TotalUserTime: 1.0770001411437988 ; Message: 手机号/邮箱格式不正确
ExecutionTime: 2018-12-11 15:12:15 ; Path：SCRM.login.login_st.LoginTestIn.test_accountBoundary ; TotalUserTime: 0.753000020980835 ; Message: 密码错误请重新输入
ExecutionTime: 2018-12-11 15:12:15 ; Path：SCRM.login.login_st.LoginTestIn.test_accountEnglish ; TotalUserTime: 0.4630000591278076 ; Message: 账号未注册
ExecutionTime: 2018-12-11 15:12:16 ; Path：SCRM.login.login_st.LoginTestIn.test_accountEnglishLong ; TotalUserTime: 0.7259998321533203 ; Message: 手机号/邮箱格式不正确
ExecutionTime: 2018-12-11 15:12:17 ; Path：SCRM.login.login_st.LoginTestIn.test_accountError ; TotalUserTime: 0.6440000534057617 ; Message: 手机号未注册
ExecutionTime: 2018-12-11 15:12:17 ; Path：SCRM.login.login_st.LoginTestIn.test_accountLong ; TotalUserTime: 0.4909999370574951 ; Message: 账号未注册
ExecutionTime: 2018-12-11 15:12:18 ; Path：SCRM.login.login_st.LoginTestIn.test_accountMerge ; TotalUserTime: 0.564000129699707 ; Message: 手机号/邮箱格式不正确
ExecutionTime: 2018-12-11 15:12:18 ; Path：SCRM.login.login_st.LoginTestIn.test_accountSpace ; TotalUserTime: 0.33500003814697266 ; Message: 请输入账号
ExecutionTime: 2018-12-11 15:12:19 ; Path：SCRM.login.login_st.LoginTestIn.test_accountStr ; TotalUserTime: 0.48799991607666016 ; Message: 账号未注册
ExecutionTime: 2018-12-11 15:13:07 ; Path：SCRM.login.login_st.LoginTestIn.test_accountAndEnglish ; TotalUserTime: 0.6339998245239258 ; Message: 账号未注册
ExecutionTime: 2018-12-11 15:13:09 ; Path：SCRM.login.login_st.LoginTestIn.test_accountAndEnglishLong ; TotalUserTime: 1.3100001811981201 ; Message: 手机号/邮箱格式不正确
ExecutionTime: 2018-12-11 15:13:09 ; Path：SCRM.login.login_st.LoginTestIn.test_accountBoundary ; TotalUserTime: 0.5179998874664307 ; Message: 密码错误请重新输入
ExecutionTime: 2018-12-11 15:13:10 ; Path：SCRM.login.login_st.LoginTestIn.test_accountEnglish ; TotalUserTime: 0.5230000019073486 ; Message: 账号未注册
ExecutionTime: 2018-12-11 15:13:11 ; Path：SCRM.login.login_st.LoginTestIn.test_accountEnglishLong ; TotalUserTime: 0.7070000171661377 ; Message: 手机号/邮箱格式不正确
ExecutionTime: 2018-12-11 15:13:11 ; Path：SCRM.login.login_st.LoginTestIn.test_accountError ; TotalUserTime: 0.5950000286102295 ; Message: 手机号未注册
ExecutionTime: 2018-12-11 15:13:12 ; Path：SCRM.login.login_st.LoginTestIn.test_accountLong ; TotalUserTime: 0.5089998245239258 ; Message: 账号未注册
ExecutionTime: 2018-12-11 15:13:13 ; Path：SCRM.login.login_st.LoginTestIn.test_accountMerge ; TotalUserTime: 0.8910000324249268 ; Message: 手机号/邮箱格式不正确
ExecutionTime: 2018-12-11 15:13:13 ; Path：SCRM.login.login_st.LoginTestIn.test_accountSpace ; TotalUserTime: 0.3689999580383301 ; Message: 请输入账号
ExecutionTime: 2018-12-11 15:13:13 ; Path：SCRM.login.login_st.LoginTestIn.test_accountStr ; TotalUserTime: 0.6220002174377441 ; Message: 账号未注册
ExecutionTime: 2018-12-11 15:14:56 ; Path：SCRM.login.login_st.LoginTestIn.test_accountAndEnglish ; TotalUserTime: 0.6060001850128174 ; Message: 账号未注册
ExecutionTime: 2018-12-11 15:14:57 ; Path：SCRM.login.login_st.LoginTestIn.test_accountAndEnglishLong ; TotalUserTime: 0.9919998645782471 ; Message: 手机号/邮箱格式不正确
ExecutionTime: 2018-12-11 15:14:58 ; Path：SCRM.login.login_st.LoginTestIn.test_accountBoundary ; TotalUserTime: 0.6410000324249268 ; Message: 密码错误请重新输入
ExecutionTime: 2018-12-11 15:14:58 ; Path：SCRM.login.login_st.LoginTestIn.test_accountEnglish ; TotalUserTime: 0.4660000801086426 ; Message: 账号未注册
ExecutionTime: 2018-12-11 15:14:59 ; Path：SCRM.login.login_st.LoginTestIn.test_accountEnglishLong ; TotalUserTime: 0.7079999446868896 ; Message: 手机号/邮箱格式不正确
ExecutionTime: 2018-12-11 15:15:00 ; Path：SCRM.login.login_st.LoginTestIn.test_accountError ; TotalUserTime: 0.45399999618530273 ; Message: 手机号未注册
ExecutionTime: 2018-12-11 15:15:00 ; Path：SCRM.login.login_st.LoginTestIn.test_accountLong ; TotalUserTime: 0.6990001201629639 ; Message: 账号未注册
ExecutionTime: 2018-12-11 15:15:01 ; Path：SCRM.login.login_st.LoginTestIn.test_accountMerge ; TotalUserTime: 0.554999828338623 ; Message: 手机号/邮箱格式不正确
ExecutionTime: 2018-12-11 15:15:01 ; Path：SCRM.login.login_st.LoginTestIn.test_accountSpace ; TotalUserTime: 0.317000150680542 ; Message: 请输入账号
ExecutionTime: 2018-12-11 15:15:02 ; Path：SCRM.login.login_st.LoginTestIn.test_accountStr ; TotalUserTime: 0.5 ; Message: 账号未注册
ExecutionTime: 2018-12-11 15:22:30 ; Path：SCRM.login.login_st.LoginTestIn.test_accountAndEnglish ; TotalUserTime: 0.626000165939331 ; Message: 账号未注册
ExecutionTime: 2018-12-11 15:22:31 ; Path：SCRM.login.login_st.LoginTestIn.test_accountAndEnglishLong ; TotalUserTime: 1.2029998302459717 ; Message: 手机号/邮箱格式不正确
ExecutionTime: 2018-12-11 15:22:32 ; Path：SCRM.login.login_st.LoginTestIn.test_accountBoundary ; TotalUserTime: 0.5679998397827148 ; Message: 密码错误请重新输入
ExecutionTime: 2018-12-11 15:22:32 ; Path：SCRM.login.login_st.LoginTestIn.test_accountEnglish ; TotalUserTime: 0.4780001640319824 ; Message: 账号未注册
ExecutionTime: 2018-12-11 15:22:33 ; Path：SCRM.login.login_st.LoginTestIn.test_accountEnglishLong ; TotalUserTime: 0.7390000820159912 ; Message: 手机号/邮箱格式不正确
ExecutionTime: 2018-12-11 15:22:34 ; Path：SCRM.login.login_st.LoginTestIn.test_accountError ; TotalUserTime: 0.7660000324249268 ; Message: 手机号未注册
ExecutionTime: 2018-12-11 15:22:34 ; Path：SCRM.login.login_st.LoginTestIn.test_accountLong ; TotalUserTime: 0.45999979972839355 ; Message: 账号未注册
ExecutionTime: 2018-12-11 15:22:35 ; Path：SCRM.login.login_st.LoginTestIn.test_accountMerge ; TotalUserTime: 0.5720000267028809 ; Message: 手机号/邮箱格式不正确
ExecutionTime: 2018-12-11 15:22:35 ; Path：SCRM.login.login_st.LoginTestIn.test_accountSpace ; TotalUserTime: 0.38300013542175293 ; Message: 请输入账号
ExecutionTime: 2018-12-11 15:22:36 ; Path：SCRM.login.login_st.LoginTestIn.test_accountStr ; TotalUserTime: 0.5969998836517334 ; Message: 账号未注册
