ExecutionTime: 2018-12-24 15:03:01 ; Path：IsEDP.Login.login_st.LoginTest.test_accountBoundaryAfter ; TotalUserTime: 4.3530s ; Message: None
ExecutionTime: 2018-12-24 15:03:06 ; Path：IsEDP.Login.login_st.LoginTest.test_accountBoundaryFront ; TotalUserTime: 4.3010s ; Message: None
ExecutionTime: 2018-12-24 15:03:10 ; Path：IsEDP.Login.login_st.LoginTest.test_accountError ; TotalUserTime: 4.3460s ; Message: None
ExecutionTime: 2018-12-24 15:03:15 ; Path：IsEDP.Login.login_st.LoginTest.test_accountLong ; TotalUserTime: 4.7840s ; Message: None
ExecutionTime: 2018-12-24 15:03:19 ; Path：IsEDP.Login.login_st.LoginTest.test_accountNull ; TotalUserTime: 3.3160s ; Message: None
ExecutionTime: 2018-12-24 15:03:23 ; Path：IsEDP.Login.login_st.LoginTest.test_accountSpace ; TotalUserTime: 4.2930s ; Message: None
ExecutionTime: 2018-12-24 15:03:28 ; Path：IsEDP.Login.login_st.LoginTest.test_accountSymbol ; TotalUserTime: 4.3590s ; Message: None
ExecutionTime: 2018-12-24 15:03:28 ; Path：IsEDP.Login.login_st.LoginTest.test_loginLogo ; TotalUserTime: 0.4270s ; Message: None
ExecutionTime: 2018-12-24 15:03:33 ; Path：IsEDP.Login.login_st.LoginTest.test_passwordBoundaryAfter ; TotalUserTime: 5.0160s ; Message: None
ExecutionTime: 2018-12-24 15:03:38 ; Path：IsEDP.Login.login_st.LoginTest.test_passwordBoundaryFront ; TotalUserTime: 4.3190s ; Message: None
ExecutionTime: 2018-12-24 15:03:42 ; Path：IsEDP.Login.login_st.LoginTest.test_passwordError ; TotalUserTime: 4.3440s ; Message: None
ExecutionTime: 2018-12-24 15:03:48 ; Path：IsEDP.Login.login_st.LoginTest.test_passwordForgetError ; TotalUserTime: 5.4250s ; Message: None
ExecutionTime: 2018-12-24 15:03:52 ; Path：IsEDP.Login.login_st.LoginTest.test_passwordForgetNull ; TotalUserTime: 3.2660s ; Message: None
ExecutionTime: 2018-12-24 15:03:56 ; Path：IsEDP.Login.login_st.LoginTest.test_passwordLong ; TotalUserTime: 4.6770s ; Message: None
ExecutionTime: 2018-12-24 15:04:00 ; Path：IsEDP.Login.login_st.LoginTest.test_passwordNull ; TotalUserTime: 3.3120s ; Message: None
ExecutionTime: 2018-12-24 15:04:04 ; Path：IsEDP.Login.login_st.LoginTest.test_passwordSpace ; TotalUserTime: 4.3090s ; Message: None
ExecutionTime: 2018-12-24 15:04:10 ; Path：IsEDP.Login.login_st.LoginTest.test_passwordSuccessAccount ; TotalUserTime: 5.3570s ; Message: None
ExecutionTime: 2018-12-24 15:04:18 ; Path：IsEDP.Login.login_st.LoginTest.test_passwordSuccessAccount ; TotalUserTime: 5.3360s ; Message: None
ExecutionTime: 2018-12-24 15:27:53 ; Path：IsEDP.Login.login_st.LoginTest.test_accountBoundaryAfter ; TotalUserTime: 4.3540 ; Message: None
ExecutionTime: 2018-12-24 15:27:58 ; Path：IsEDP.Login.login_st.LoginTest.test_accountBoundaryFront ; TotalUserTime: 4.2970 ; Message: None
ExecutionTime: 2018-12-24 15:28:02 ; Path：IsEDP.Login.login_st.LoginTest.test_accountError ; TotalUserTime: 4.3500 ; Message: None
ExecutionTime: 2018-12-24 15:28:07 ; Path：IsEDP.Login.login_st.LoginTest.test_accountLong ; TotalUserTime: 4.7940 ; Message: None
ExecutionTime: 2018-12-24 15:28:10 ; Path：IsEDP.Login.login_st.LoginTest.test_accountNull ; TotalUserTime: 3.2990 ; Message: None
ExecutionTime: 2018-12-24 15:28:15 ; Path：IsEDP.Login.login_st.LoginTest.test_accountSpace ; TotalUserTime: 4.3110 ; Message: None
ExecutionTime: 2018-12-24 15:28:19 ; Path：IsEDP.Login.login_st.LoginTest.test_accountSymbol ; TotalUserTime: 4.3610 ; Message: None
ExecutionTime: 2018-12-24 15:28:21 ; Path：IsEDP.Login.login_st.LoginTest.test_loginLogo ; TotalUserTime: 1.2270 ; Message: None
ExecutionTime: 2018-12-24 15:31:57 ; Path：IsEDP.Login.login_st.LoginTest.test_accountBoundaryAfter ; TotalUserTime: 4.3600s ; Message: None
ExecutionTime: 2018-12-24 15:32:01 ; Path：IsEDP.Login.login_st.LoginTest.test_accountBoundaryFront ; TotalUserTime: 4.2840s ; Message: None
ExecutionTime: 2018-12-24 15:32:06 ; Path：IsEDP.Login.login_st.LoginTest.test_accountError ; TotalUserTime: 4.3800s ; Message: None
ExecutionTime: 2018-12-24 15:32:11 ; Path：IsEDP.Login.login_st.LoginTest.test_accountLong ; TotalUserTime: 4.9030s ; Message: None
ExecutionTime: 2018-12-24 15:32:15 ; Path：IsEDP.Login.login_st.LoginTest.test_accountNull ; TotalUserTime: 3.3270s ; Message: None
ExecutionTime: 2018-12-24 15:32:19 ; Path：IsEDP.Login.login_st.LoginTest.test_accountSpace ; TotalUserTime: 4.2940s ; Message: None
ExecutionTime: 2018-12-24 15:32:24 ; Path：IsEDP.Login.login_st.LoginTest.test_accountSymbol ; TotalUserTime: 4.4150s ; Message: None
ExecutionTime: 2018-12-24 15:32:26 ; Path：IsEDP.Login.login_st.LoginTest.test_loginLogo ; TotalUserTime: 2.1250s ; Message: None
ExecutionTime: 2018-12-24 15:32:31 ; Path：IsEDP.Login.login_st.LoginTest.test_passwordBoundaryAfter ; TotalUserTime: 4.5480s ; Message: None
ExecutionTime: 2018-12-24 15:32:35 ; Path：IsEDP.Login.login_st.LoginTest.test_passwordBoundaryFront ; TotalUserTime: 4.2950s ; Message: None
ExecutionTime: 2018-12-24 15:32:40 ; Path：IsEDP.Login.login_st.LoginTest.test_passwordError ; TotalUserTime: 4.3970s ; Message: None
ExecutionTime: 2018-12-24 15:32:45 ; Path：IsEDP.Login.login_st.LoginTest.test_passwordForgetError ; TotalUserTime: 5.4310s ; Message: None
ExecutionTime: 2018-12-24 15:32:49 ; Path：IsEDP.Login.login_st.LoginTest.test_passwordForgetNull ; TotalUserTime: 3.3220s ; Message: None
ExecutionTime: 2018-12-24 15:32:54 ; Path：IsEDP.Login.login_st.LoginTest.test_passwordLong ; TotalUserTime: 4.6810s ; Message: None
ExecutionTime: 2018-12-24 15:32:57 ; Path：IsEDP.Login.login_st.LoginTest.test_passwordNull ; TotalUserTime: 3.2860s ; Message: None
ExecutionTime: 2018-12-24 15:33:01 ; Path：IsEDP.Login.login_st.LoginTest.test_passwordSpace ; TotalUserTime: 4.2850s ; Message: None
ExecutionTime: 2018-12-24 15:33:07 ; Path：IsEDP.Login.login_st.LoginTest.test_passwordSuccessAccount ; TotalUserTime: 5.3280s ; Message: None
ExecutionTime: 2018-12-24 15:41:36; Path：menu_st.MenuManager.test_createNull; TotalUserTime: 0.0010s; Message: None
ExecutionTime: 2018-12-24 15:41:39; Path：menu_st.MenuManager.test_createNull; TotalUserTime: 0.0020s; Message: None
ExecutionTime: 2018-12-24 15:42:05; Path：IsEDP.Login.login_st.LoginTest.test_accountBoundaryAfter; TotalUserTime: 4.3590s; Message: None
ExecutionTime: 2018-12-24 15:42:09; Path：IsEDP.Login.login_st.LoginTest.test_accountBoundaryFront; TotalUserTime: 4.3190s; Message: None
ExecutionTime: 2018-12-24 15:42:14; Path：IsEDP.Login.login_st.LoginTest.test_accountError; TotalUserTime: 4.3370s; Message: None
ExecutionTime: 2018-12-24 15:42:19; Path：IsEDP.Login.login_st.LoginTest.test_accountLong; TotalUserTime: 4.7630s; Message: None
ExecutionTime: 2018-12-24 15:42:22; Path：IsEDP.Login.login_st.LoginTest.test_accountNull; TotalUserTime: 3.2860s; Message: None
ExecutionTime: 2018-12-24 15:42:27; Path：IsEDP.Login.login_st.LoginTest.test_accountSpace; TotalUserTime: 4.2940s; Message: None
ExecutionTime: 2018-12-24 15:42:31; Path：IsEDP.Login.login_st.LoginTest.test_accountSymbol; TotalUserTime: 4.3760s; Message: None
ExecutionTime: 2018-12-24 15:42:32; Path：IsEDP.Login.login_st.LoginTest.test_loginLogo; TotalUserTime: 0.3190s; Message: None
ExecutionTime: 2018-12-24 15:42:36; Path：IsEDP.Login.login_st.LoginTest.test_passwordBoundaryAfter; TotalUserTime: 4.5530s; Message: None
ExecutionTime: 2018-12-24 15:42:41; Path：IsEDP.Login.login_st.LoginTest.test_passwordBoundaryFront; TotalUserTime: 4.3060s; Message: None
ExecutionTime: 2018-12-24 15:42:45; Path：IsEDP.Login.login_st.LoginTest.test_passwordError; TotalUserTime: 4.2920s; Message: None
ExecutionTime: 2018-12-24 15:42:51; Path：IsEDP.Login.login_st.LoginTest.test_passwordForgetError; TotalUserTime: 5.4280s; Message: None
ExecutionTime: 2018-12-24 15:42:54; Path：IsEDP.Login.login_st.LoginTest.test_passwordForgetNull; TotalUserTime: 3.3060s; Message: None
ExecutionTime: 2018-12-24 15:42:59; Path：IsEDP.Login.login_st.LoginTest.test_passwordLong; TotalUserTime: 4.6660s; Message: None
ExecutionTime: 2018-12-24 15:43:03; Path：IsEDP.Login.login_st.LoginTest.test_passwordNull; TotalUserTime: 3.3000s; Message: None
ExecutionTime: 2018-12-24 15:43:07; Path：IsEDP.Login.login_st.LoginTest.test_passwordSpace; TotalUserTime: 4.2950s; Message: None
ExecutionTime: 2018-12-24 15:43:13; Path：IsEDP.Login.login_st.LoginTest.test_passwordSuccessAccount; TotalUserTime: 5.4300s; Message: None
ExecutionTime: 2018-12-24 15:43:26; Path：IsEDP.SysManager.menu_st.MenuManager.test_createNull; TotalUserTime: 0.0020s; Message: None
ExecutionTime: 2018-12-24 15:43:29; Path：IsEDP.SysManager.menu_st.MenuManager.test_createNull; TotalUserTime: 0.0010s; Message: None
