ExecutionTime: 2018-12-10 10:21:16 ; Path：login_st.LoginTestIn.test_accountError ; TotalUserTime: 0.05299997329711914 ; Message: None
ExecutionTime: 2018-12-10 10:34:03 ; Path：login_st.LoginTestIn.test_accountError ; TotalUserTime: 0.03900003433227539 ; Message: None
ExecutionTime: 2018-12-10 10:37:37 ; Path：login_st.LoginTestIn.test_accountError ; TotalUserTime: 0.02499985694885254 ; Message: None
ExecutionTime: 2018-12-10 10:38:23 ; Path：login_st.LoginTestIn.test_accountError ; TotalUserTime: 0.028999805450439453 ; Message: None
ExecutionTime: 2018-12-10 10:51:54 ; Path：login_st.LoginTestIn.test_accountError ; TotalUserTime: 3.9570000171661377 ; Message: None
ExecutionTime: 2018-12-10 10:52:46 ; Path：login_st.LoginTestIn.test_accountError ; TotalUserTime: 4.513999938964844 ; Message: None
ExecutionTime: 2018-12-10 10:55:36 ; Path：login_st.LoginTestIn.test_accountError ; TotalUserTime: 4.619999885559082 ; Message: None
ExecutionTime: 2018-12-10 11:12:13 ; Path：login_st.LoginTestIn.test_accountError ; TotalUserTime: 4.743000030517578 ; Message: 手机号未注册
ExecutionTime: 2018-12-10 11:12:46 ; Path：login_st.LoginTestIn.test_accountError ; TotalUserTime: 4.717999696731567 ; Message: 手机号未注册
ExecutionTime: 2018-12-10 11:13:14 ; Path：login_st.LoginTestIn.test_accountError ; TotalUserTime: 4.888000011444092 ; Message: 手机号未注册
ExecutionTime: 2018-12-10 11:28:36 ; Path：login_st.LoginTestIn.test_accountError ; TotalUserTime: 5.462000131607056 ; Message: 手机号未注册
ExecutionTime: 2018-12-10 11:29:03 ; Path：login_st.LoginTestIn.test_accountError ; TotalUserTime: 5.170000076293945 ; Message: 手机号未注册
ExecutionTime: 2018-12-10 11:30:20 ; Path：login_st.LoginTestIn.test_accountError ; TotalUserTime: 4.716000080108643 ; Message: 手机号未注册
ExecutionTime: 2018-12-10 11:32:26 ; Path：login_st.LoginTestIn.test_accountError ; TotalUserTime: 4.270999908447266 ; Message: 手机号未注册
ExecutionTime: 2018-12-10 11:33:56 ; Path：login_st.LoginTestIn.test_accountError ; TotalUserTime: 4.672999858856201 ; Message: 手机号未注册
ExecutionTime: 2018-12-10 11:34:26 ; Path：login_st.LoginTestIn.test_accountError ; TotalUserTime: 4.551000118255615 ; Message: 手机号未注册
ExecutionTime: 2018-12-10 11:34:52 ; Path：login_st.LoginTestIn.test_accountError ; TotalUserTime: 4.289999723434448 ; Message: 手机号未注册
ExecutionTime: 2018-12-10 11:36:29 ; Path：login_st.LoginTestIn.test_accountError ; TotalUserTime: 4.436999797821045 ; Message: 手机号未注册
ExecutionTime: 2018-12-10 11:51:15 ; Path：login_st.LoginTestIn.test_accountError ; TotalUserTime: 5.371999979019165 ; Message: 手机号未注册
ExecutionTime: 2018-12-10 11:51:42 ; Path：login_st.LoginTestIn.test_accountError ; TotalUserTime: 4.264999866485596 ; Message: 手机号未注册
ExecutionTime: 2018-12-10 11:52:07 ; Path：login_st.LoginTestIn.test_accountError ; TotalUserTime: 4.800000190734863 ; Message: 手机号未注册
ExecutionTime: 2018-12-10 11:58:15 ; Path：login_st.LoginTestIn.test_accountError ; TotalUserTime: 5.2209999561309814 ; Message: 手机号未注册
ExecutionTime: 2018-12-10 11:58:33 ; Path：SCRM.login.login_st.LoginTestIn.test_accountError ; TotalUserTime: 4.537999868392944 ; Message: 手机号未注册
ExecutionTime: 2018-12-10 12:00:16 ; Path：SCRM.login.login_st.LoginTestIn.test_accountError ; TotalUserTime: 4.724999904632568 ; Message: 手机号未注册
ExecutionTime: 2018-12-10 17:40:13 ; Path：login_st.LoginTestIn.test_accountError ; TotalUserTime: 5.3460001945495605 ; Message: None
ExecutionTime: 2018-12-10 17:51:37 ; Path：login_st.LoginTestIn.test_accountError ; TotalUserTime: 0.0009999275207519531 ; Message: None
ExecutionTime: 2018-12-10 17:54:04 ; Path：login_st.LoginTestIn.test_accountError ; TotalUserTime: 0.0009999275207519531 ; Message: None
ExecutionTime: 2018-12-10 17:55:10 ; Path：login_st.LoginTestIn.test_accountError ; TotalUserTime: 0.002000093460083008 ; Message: None
ExecutionTime: 2018-12-10 17:57:42 ; Path：login_st.LoginTestIn.test_accountError ; TotalUserTime: 0.002000093460083008 ; Message: None
ExecutionTime: 2018-12-10 17:58:14 ; Path：login_st.LoginTestIn.test_accountError ; TotalUserTime: 0.0010001659393310547 ; Message: None
ExecutionTime: 2018-12-10 18:08:55 ; Path：login_st.LoginTestIn.test_accountError ; TotalUserTime: 0.0009999275207519531 ; Message: None
ExecutionTime: 2018-12-10 18:09:35 ; Path：login_st.LoginTestIn.test_accountError ; TotalUserTime: 4.820000410079956 ; Message: 手机号未注册
ExecutionTime: 2018-12-10 18:16:57 ; Path：login_st.LoginTestIn.test_accountError ; TotalUserTime: 4.817000150680542 ; Message: 手机号未注册
ExecutionTime: 2018-12-10 18:17:54 ; Path：login_st.LoginTestIn.test_accountError ; TotalUserTime: 4.468999862670898 ; Message: 手机号未注册
ExecutionTime: 2018-12-10 18:19:17 ; Path：login_st.LoginTestIn.test_accountLong ; TotalUserTime: 4.435999870300293 ; Message: 账号未注册
ExecutionTime: 2018-12-10 18:20:01 ; Path：login_st.LoginTestIn.test_accountError ; TotalUserTime: 4.524000406265259 ; Message: 手机号未注册
ExecutionTime: 2018-12-10 18:20:01 ; Path：login_st.LoginTestIn.test_accountLong ; TotalUserTime: 0.46699976921081543 ; Message: 账号未注册
ExecutionTime: 2018-12-10 18:20:32 ; Path：login_st.LoginTestIn.test_accountLong ; TotalUserTime: 4.424999952316284 ; Message: 账号未注册
ExecutionTime: 2018-12-10 18:21:02 ; Path：login_st.LoginTestIn.test_accountError ; TotalUserTime: 4.540999889373779 ; Message: 手机号未注册
ExecutionTime: 2018-12-10 18:21:02 ; Path：login_st.LoginTestIn.test_accountLong ; TotalUserTime: 0.4119999408721924 ; Message: 账号未注册
ExecutionTime: 2018-12-10 18:23:33 ; Path：login_st.LoginTestIn.test_accountError ; TotalUserTime: 4.8409998416900635 ; Message: 手机号未注册
ExecutionTime: 2018-12-10 18:23:33 ; Path：login_st.LoginTestIn.test_accountLong ; TotalUserTime: 0.41500020027160645 ; Message: 账号未注册
ExecutionTime: 2018-12-10 18:25:39 ; Path：login_st.LoginTestIn.test_accountEnglish ; TotalUserTime: 4.5959999561309814 ; Message: 账号未注册
ExecutionTime: 2018-12-10 18:28:07 ; Path：login_st.LoginTestIn.test_accountEnglish ; TotalUserTime: 4.675999641418457 ; Message: 账号未注册
ExecutionTime: 2018-12-10 18:28:08 ; Path：login_st.LoginTestIn.test_accountEnglishLong ; TotalUserTime: 0.6519999504089355 ; Message: 手机号/邮箱格式不正确
ExecutionTime: 2018-12-10 18:28:09 ; Path：login_st.LoginTestIn.test_accountError ; TotalUserTime: 0.7380001544952393 ; Message: 手机号/邮箱格式不正确
ExecutionTime: 2018-12-10 18:28:09 ; Path：login_st.LoginTestIn.test_accountLong ; TotalUserTime: 0.41100001335144043 ; Message: 手机号/邮箱格式不正确
ExecutionTime: 2018-12-10 18:33:34 ; Path：login_st.LoginTestIn.test_accountAndEnglish ; TotalUserTime: 4.78600001335144 ; Message: 账号未注册
ExecutionTime: 2018-12-10 18:35:55 ; Path：login_st.LoginTestIn.test_accountAndEnglishLong ; TotalUserTime: 5.552999973297119 ; Message: 手机号/邮箱格式不正确
ExecutionTime: 2018-12-10 18:36:42 ; Path：login_st.LoginTestIn.test_accountAndEnglish ; TotalUserTime: 4.572000026702881 ; Message: 账号未注册
ExecutionTime: 2018-12-10 18:36:43 ; Path：login_st.LoginTestIn.test_accountAndEnglishLong ; TotalUserTime: 0.9110000133514404 ; Message: 手机号/邮箱格式不正确
ExecutionTime: 2018-12-10 18:36:43 ; Path：login_st.LoginTestIn.test_accountEnglish ; TotalUserTime: 0.4069998264312744 ; Message: 手机号/邮箱格式不正确
ExecutionTime: 2018-12-10 18:36:44 ; Path：login_st.LoginTestIn.test_accountEnglishLong ; TotalUserTime: 0.7009997367858887 ; Message: 手机号/邮箱格式不正确
ExecutionTime: 2018-12-10 18:36:44 ; Path：login_st.LoginTestIn.test_accountError ; TotalUserTime: 0.37200045585632324 ; Message: 手机号/邮箱格式不正确
ExecutionTime: 2018-12-10 18:36:44 ; Path：login_st.LoginTestIn.test_accountLong ; TotalUserTime: 0.3489997386932373 ; Message: 手机号/邮箱格式不正确
ExecutionTime: 2018-12-10 18:39:02 ; Path：login_st.LoginTestIn.test_accountAndEnglish ; TotalUserTime: 5.0849997997283936 ; Message: 账号未注册
ExecutionTime: 2018-12-10 18:39:04 ; Path：login_st.LoginTestIn.test_accountAndEnglishLong ; TotalUserTime: 0.9290003776550293 ; Message: 手机号/邮箱格式不正确
ExecutionTime: 2018-12-10 18:39:06 ; Path：login_st.LoginTestIn.test_accountEnglish ; TotalUserTime: 0.42099976539611816 ; Message: 手机号/邮箱格式不正确
ExecutionTime: 2018-12-10 18:39:07 ; Path：login_st.LoginTestIn.test_accountEnglishLong ; TotalUserTime: 0.6789999008178711 ; Message: 手机号/邮箱格式不正确
ExecutionTime: 2018-12-10 18:39:09 ; Path：login_st.LoginTestIn.test_accountError ; TotalUserTime: 0.40599989891052246 ; Message: 手机号/邮箱格式不正确
ExecutionTime: 2018-12-10 18:39:10 ; Path：login_st.LoginTestIn.test_accountLong ; TotalUserTime: 0.39300012588500977 ; Message: 手机号/邮箱格式不正确
ExecutionTime: 2018-12-10 18:41:49 ; Path：login_st.LoginTestIn.test_accountAndEnglish ; TotalUserTime: 5.953000068664551 ; Message: 账号未注册
ExecutionTime: 2018-12-10 18:41:51 ; Path：login_st.LoginTestIn.test_accountAndEnglishLong ; TotalUserTime: 1.8469998836517334 ; Message: 手机号/邮箱格式不正确
ExecutionTime: 2018-12-10 18:41:52 ; Path：login_st.LoginTestIn.test_accountEnglish ; TotalUserTime: 1.3000001907348633 ; Message: 手机号/邮箱格式不正确
ExecutionTime: 2018-12-10 18:41:54 ; Path：login_st.LoginTestIn.test_accountEnglishLong ; TotalUserTime: 1.621999740600586 ; Message: 手机号/邮箱格式不正确
ExecutionTime: 2018-12-10 18:41:55 ; Path：login_st.LoginTestIn.test_accountError ; TotalUserTime: 1.3269999027252197 ; Message: 手机号/邮箱格式不正确
ExecutionTime: 2018-12-10 18:41:57 ; Path：login_st.LoginTestIn.test_accountLong ; TotalUserTime: 1.2989997863769531 ; Message: 手机号/邮箱格式不正确
ExecutionTime: 2018-12-10 18:42:32 ; Path：login_st.LoginTestIn.test_accountAndEnglishLong ; TotalUserTime: 6.110000133514404 ; Message: 手机号/邮箱格式不正确
ExecutionTime: 2018-12-10 18:42:46 ; Path：login_st.LoginTestIn.test_accountAndEnglish ; TotalUserTime: 5.426000118255615 ; Message: 账号未注册
ExecutionTime: 2018-12-10 18:43:00 ; Path：login_st.LoginTestIn.test_accountEnglishLong ; TotalUserTime: 6.422999858856201 ; Message: 手机号/邮箱格式不正确
