Path：MyUnitTest.UnitTest.test_ ; TotalUserTime: 0.0 ; Message: None
Path：MyUnitTest.UnitTest.test_ ; TotalUserTime: 0.0 ; Message: None
Path：login_ts.TestLogin.test_errorAccount ; TotalUserTime: 0.0 ; Message: None
Path：KuaiQi.Login.login_ts.LoginTest.test_errorAccount ; TotalUserTime: 0.0 ; Message: None
Path：MyUnitTest.UnitTest.test_master ; TotalUserTime: 0.0 ; Message: None
Path：MyUnitTest.UnitTest.test_master ; TotalUserTime: 0.0 ; Message: None
Path：MyUnitTest.UnitTest.test_master ; TotalUserTime: 0.0 ; Message: None
Path：in_login_st.LoginTestIn.test_account_error ; TotalUserTime: 0.0 ; Message: None
Path：in_login_st.LoginTestIn.test_account_error ; TotalUserTime: 0.0 ; Message: None
Path：in_login_st.LoginTestIn.test_account_error ; TotalUserTime: 0.0 ; Message: None
Path：in_login_st.LoginTestIn.test_account_error ; TotalUserTime: 0.0 ; Message: None
Path：in_login_st.LoginTestIn.test_account_error ; TotalUserTime: 0.0 ; Message: None
Path：in_login_st.LoginTestIn.test_account_error ; TotalUserTime: 0.0 ; Message: None
Path：in_login_st.LoginTestIn.test_account_error ; TotalUserTime: 0.0 ; Message: None
Path：in_login_st.LoginTestIn.test_account_error ; TotalUserTime: 0.0 ; Message: None
Path：in_login_st.LoginTestIn.test_account_error ; TotalUserTime: 0.0 ; Message: None
Path：in_login_st.LoginTestIn.test_account_error ; TotalUserTime: 0.0 ; Message: None
Path：in_login_st.LoginTestIn.test_account_error ; TotalUserTime: 0.0 ; Message: None
Path：in_login_st.LoginTestIn.test_account_error ; TotalUserTime: 0.0 ; Message: None
Path：login_st.LoginTestIn.test_accountError ; TotalUserTime: 21.27300000190735 ; Message: None
Path：login_st.LoginTestIn.test_accountError ; TotalUserTime: 20.990000009536743 ; Message: None
Path：login_st.LoginTestIn.test_accountError ; TotalUserTime: 0.06200003623962402 ; Message: None
Path：login_st.LoginTestIn.test_accountError ; TotalUserTime: 0.056999921798706055 ; Message: None
Path：login_st.LoginTestIn.test_accountError ; TotalUserTime: 0.10399985313415527 ; Message: None
Path：login_st.LoginTestIn.test_accountError ; TotalUserTime: 2.309999942779541 ; Message: None
Path：login_st.LoginTestIn.test_accountError ; TotalUserTime: 2.203000068664551 ; Message: None
Path：login_st.LoginTestIn.test_accountError ; TotalUserTime: 4.681000232696533 ; Message: 手机号码或密码错误！请联系管理人员。
Path：login_st.LoginTestIn.test_accountError ; TotalUserTime: 3.441999673843384 ; Message: 手机号码或密码错误！请联系管理人员。
Path：login_st.LoginTestIn.test_accountError ; TotalUserTime: 3.3309998512268066 ; Message: 手机号码或密码错误！请联系管理人员。
Path：login_st.LoginTestIn.test_accountSort ; TotalUserTime: 3.746000289916992 ; Message: 手机号码或密码错误！请联系管理人员。
