ExecutionTime: 2018-12-18 10:20:11 ; Path：IsEDP.SysManager.menu_st.MenuManager.test_createMenu ; TotalUserTime: 0.0 ; Message: None
ExecutionTime: 2018-12-18 10:20:11 ; Path：IsEDP.SysManager.menu_st.MenuManager.test_createNull ; TotalUserTime: 0.0 ; Message: None
ExecutionTime: 2018-12-18 10:22:23 ; Path：IsEDP.SysManager.menu_st.MenuManager.test_createMenu ; TotalUserTime: 0.0010004043579101562 ; Message: None
ExecutionTime: 2018-12-18 10:22:23 ; Path：IsEDP.SysManager.menu_st.MenuManager.test_createNull ; TotalUserTime: 0.0 ; Message: None
ExecutionTime: 2018-12-18 10:22:31 ; Path：IsEDP.SysManager.role_st.MenuManager.test_createIsNull ; TotalUserTime: 0.0 ; Message: None
ExecutionTime: 2018-12-18 10:22:31 ; Path：IsEDP.SysManager.role_st.MenuManager.test_createRole ; TotalUserTime: 0.0009999275207519531 ; Message: None
ExecutionTime: 2018-12-18 10:54:32 ; Path：menu_st.MenuManager.test_createMenuNull ; TotalUserTime: 0.21800017356872559 ; Message: None
ExecutionTime: 2018-12-18 10:55:33 ; Path：menu_st.MenuManager.test_createMenuNull ; TotalUserTime: 0.434999942779541 ; Message: None
ExecutionTime: 2018-12-18 10:56:16 ; Path：menu_st.MenuManager.test_createMenuNull ; TotalUserTime: 2.43999981880188 ; Message: None
ExecutionTime: 2018-12-18 11:20:43 ; Path：menu_st.MenuManager.test_createMenuNull ; TotalUserTime: 0.5479998588562012 ; Message: None
ExecutionTime: 2018-12-18 11:21:13 ; Path：menu_st.MenuManager.test_createMenuNull ; TotalUserTime: 0.34400010108947754 ; Message: None
ExecutionTime: 2018-12-18 11:21:30 ; Path：menu_st.MenuManager.test_createMenuNull ; TotalUserTime: 0.5320000648498535 ; Message: None
ExecutionTime: 2018-12-18 12:05:28 ; Path：IsEDP.SysManager.menu_st.MenuManager.test_createMenuNull ; TotalUserTime: 0.3619997501373291 ; Message: None
ExecutionTime: 2018-12-18 12:05:28 ; Path：IsEDP.SysManager.menu_st.MenuManager.test_createNull ; TotalUserTime: 0.0009999275207519531 ; Message: None
ExecutionTime: 2018-12-18 13:39:29 ; Path：menu_st.MenuManager.test_createNull ; TotalUserTime: 0.0009999275207519531 ; Message: None
ExecutionTime: 2018-12-18 13:49:16 ; Path：IsEDP.SysManager.menu_st.MenuManager.test_createMenuNull ; TotalUserTime: 8.01799988746643 ; Message: None
ExecutionTime: 2018-12-18 13:49:16 ; Path：IsEDP.SysManager.menu_st.MenuManager.test_createNull ; TotalUserTime: 0.0010001659393310547 ; Message: None
ExecutionTime: 2018-12-18 13:50:25 ; Path：IsEDP.SysManager.menu_st.MenuManager.test_createMenuNull ; TotalUserTime: 8.03600025177002.3f ; Message: None
ExecutionTime: 2018-12-18 13:50:25 ; Path：IsEDP.SysManager.menu_st.MenuManager.test_createNull ; TotalUserTime: 0.0010004043579101562.3f ; Message: None
ExecutionTime: 2018-12-18 13:51:02 ; Path：IsEDP.SysManager.menu_st.MenuManager.test_createMenuNull ; TotalUserTime: 0.82200026512146.3f ; Message: None
ExecutionTime: 2018-12-18 13:51:03 ; Path：IsEDP.SysManager.menu_st.MenuManager.test_createNull ; TotalUserTime: 0.0009999275207519531.3f ; Message: None
ExecutionTime: 2018-12-18 13:54:14 ; Path：IsEDP.SysManager.menu_st.MenuManager.test_createMenuNull ; TotalUserTime: 8.024s ; Message: None
ExecutionTime: 2018-12-18 13:54:14 ; Path：IsEDP.SysManager.menu_st.MenuManager.test_createNull ; TotalUserTime: 0.001s ; Message: None
ExecutionTime: 2018-12-18 13:54:37 ; Path：IsEDP.SysManager.menu_st.MenuManager.test_createMenuNull ; TotalUserTime: 0.860s ; Message: None
ExecutionTime: 2018-12-18 13:54:37 ; Path：IsEDP.SysManager.menu_st.MenuManager.test_createNull ; TotalUserTime: 0.001s ; Message: None
ExecutionTime: 2018-12-18 13:56:19 ; Path：IsEDP.SysManager.menu_st.MenuManager.test_createMenuNull ; TotalUserTime: 8.023s ; Message: None
ExecutionTime: 2018-12-18 13:56:19 ; Path：IsEDP.SysManager.menu_st.MenuManager.test_createNull ; TotalUserTime: 0.001s ; Message: None
ExecutionTime: 2018-12-18 13:57:46 ; Path：IsEDP.SysManager.menu_st.MenuManager.test_createMenuNull ; TotalUserTime: 8.022s ; Message: None
ExecutionTime: 2018-12-18 13:57:46 ; Path：IsEDP.SysManager.menu_st.MenuManager.test_createNull ; TotalUserTime: 0.001s ; Message: None
ExecutionTime: 2018-12-18 14:09:27 ; Path：menu_st.MenuManager.test_createMenuNull ; TotalUserTime: 0.763s ; Message: None
ExecutionTime: 2018-12-18 14:10:51 ; Path：menu_st.MenuManager.test_createMenuNull ; TotalUserTime: 0.789s ; Message: None
ExecutionTime: 2018-12-18 14:15:20 ; Path：menu_st.MenuManager.test_createMenuNull ; TotalUserTime: 0.811s ; Message: None
ExecutionTime: 2018-12-18 14:16:25 ; Path：menu_st.MenuManager.test_createMenuNull ; TotalUserTime: 8.016s ; Message: None
ExecutionTime: 2018-12-18 14:17:26 ; Path：menu_st.MenuManager.test_createMenuNull ; TotalUserTime: 8.041s ; Message: None
ExecutionTime: 2018-12-18 14:17:58 ; Path：menu_st.MenuManager.test_createMenuNull ; TotalUserTime: 1.061s ; Message: None
ExecutionTime: 2018-12-18 14:19:31 ; Path：menu_st.MenuManager.test_createMenuNull ; TotalUserTime: 1.955s ; Message: None
ExecutionTime: 2018-12-18 14:21:46 ; Path：menu_st.MenuManager.test_createMenuNull ; TotalUserTime: 1.766s ; Message: None
ExecutionTime: 2018-12-18 14:22:30 ; Path：menu_st.MenuManager.test_createMenuNull ; TotalUserTime: 1.809s ; Message: None
ExecutionTime: 2018-12-18 14:23:33 ; Path：menu_st.MenuManager.test_createMenuNull ; TotalUserTime: 1.837s ; Message: None
ExecutionTime: 2018-12-18 14:24:35 ; Path：menu_st.MenuManager.test_createMenuNull ; TotalUserTime: 8.032s ; Message: None
ExecutionTime: 2018-12-18 14:25:01 ; Path：menu_st.MenuManager.test_createMenuNull ; TotalUserTime: 1.706s ; Message: None
ExecutionTime: 2018-12-18 14:26:50 ; Path：menu_st.MenuManager.test_createMenuNull ; TotalUserTime: 2.052s ; Message: None
ExecutionTime: 2018-12-18 14:27:28 ; Path：menu_st.MenuManager.test_createMenuNull ; TotalUserTime: 1.762s ; Message: None
ExecutionTime: 2018-12-18 14:28:00 ; Path：menu_st.MenuManager.test_createMenuNull ; TotalUserTime: 1.844s ; Message: None
ExecutionTime: 2018-12-18 14:28:13 ; Path：menu_st.MenuManager.test_createMenuNull ; TotalUserTime: 1.794s ; Message:  :: 登录成功 != menu name cannot be empty
ExecutionTime: 2018-12-18 14:31:51 ; Path：menu_st.MenuManager.test_createMenuNull ; TotalUserTime: 8.025s ; Message: list index out of range
ExecutionTime: 2018-12-18 14:33:59 ; Path：menu_st.MenuManager.test_createMenuNull ; TotalUserTime: 1.805s ; Message:  :: 登录成功 != menu name cannot be empty
ExecutionTime: 2018-12-18 14:35:24 ; Path：menu_st.MenuManager.test_createMenuNull ; TotalUserTime: 1.780s ; Message:  :: 登录成功 != menu name cannot be empty
ExecutionTime: 2018-12-18 14:40:46 ; Path：IsEDP.SysManager.menu_st.MenuManager.test_createMenuNull ; TotalUserTime: 8.025s ; Message: Message: no such element: Unable to locate element: {"method":"xpath","selector":"//*[contains(@class, "btn-login")]"}
  (Session info: headless chrome=69.0.3497.92)
  (Driver info: chromedriver=2.42.591088 (7b2b2dca23cca0862f674758c9a3933e685c27d5),platform=Windows NT 6.1.7601 SP1 x86_64)

ExecutionTime: 2018-12-18 14:40:46 ; Path：IsEDP.SysManager.menu_st.MenuManager.test_createNull ; TotalUserTime: 0.001s ; Message: Message: no such element: Unable to locate element: {"method":"xpath","selector":"//*[contains(@class, "btn-login")]"}
  (Session info: headless chrome=69.0.3497.92)
  (Driver info: chromedriver=2.42.591088 (7b2b2dca23cca0862f674758c9a3933e685c27d5),platform=Windows NT 6.1.7601 SP1 x86_64)

ExecutionTime: 2018-12-18 14:45:03 ; Path：IsEDP.SysManager.menu_st.MenuManager.test_createMenuNull ; TotalUserTime: 2.745s ; Message: '登录成功' != 'menu name cannot be empty'
- 登录成功
+ menu name cannot be empty

ExecutionTime: 2018-12-18 14:45:03 ; Path：IsEDP.SysManager.menu_st.MenuManager.test_createNull ; TotalUserTime: 0.001s ; Message: None
ExecutionTime: 2018-12-18 14:46:15 ; Path：IsEDP.SysManager.menu_st.MenuManager.test_createMenuNull ; TotalUserTime: 2.817s ; Message: '登录成功' != 'menu name cannot be empty'
- 登录成功
+ menu name cannot be empty

ExecutionTime: 2018-12-18 14:46:15 ; Path：IsEDP.SysManager.menu_st.MenuManager.test_createNull ; TotalUserTime: 0.001s ; Message: None
ExecutionTime: 2018-12-18 14:49:51 ; Path：IsEDP.SysManager.menu_st.MenuManager.test_createMenuNull ; TotalUserTime: 2.696s ; Message: '登录成功' != 'menu name cannot be empty'
- 登录成功
+ menu name cannot be empty

ExecutionTime: 2018-12-18 14:49:51 ; Path：IsEDP.SysManager.menu_st.MenuManager.test_createNull ; TotalUserTime: 0.001s ; Message: None
ExecutionTime: 2018-12-18 14:55:50 ; Path：IsEDP.SysManager.menu_st.MenuManager.test_createMenuNull ; TotalUserTime: 2.951s ; Message: '登录成功' != 'menu name cannot be empty'
- 登录成功
+ menu name cannot be empty

ExecutionTime: 2018-12-18 14:55:50 ; Path：IsEDP.SysManager.menu_st.MenuManager.test_createNull ; TotalUserTime: 0.001s ; Message: None
ExecutionTime: 2018-12-18 15:22:54 ; Path：IsEDP.SysManager.menu_st.MenuManager.test_createMenuNull ; TotalUserTime: 8.0330s ; Message: Message: no such element: Unable to locate element: {"method":"xpath","selector":"//*[contains(@class, "btn-login")]"}
  (Session info: headless chrome=69.0.3497.92)
  (Driver info: chromedriver=2.42.591088 (7b2b2dca23cca0862f674758c9a3933e685c27d5),platform=Windows NT 6.1.7601 SP1 x86_64)

ExecutionTime: 2018-12-18 15:22:54 ; Path：IsEDP.SysManager.menu_st.MenuManager.test_createNull ; TotalUserTime: 0.0020s ; Message: Message: no such element: Unable to locate element: {"method":"xpath","selector":"//*[contains(@class, "btn-login")]"}
  (Session info: headless chrome=69.0.3497.92)
  (Driver info: chromedriver=2.42.591088 (7b2b2dca23cca0862f674758c9a3933e685c27d5),platform=Windows NT 6.1.7601 SP1 x86_64)

ExecutionTime: 2018-12-18 17:05:12 ; Path：IsEDP.SysManager.menu_st.MenuManager.test_createMenuNull ; TotalUserTime: 8.0240s ; Message: list index out of range
ExecutionTime: 2018-12-18 17:05:12 ; Path：IsEDP.SysManager.menu_st.MenuManager.test_createNull ; TotalUserTime: 0.0020s ; Message: list index out of range
ExecutionTime: 2018-12-18 17:06:17 ; Path：IsEDP.SysManager.menu_st.MenuManager.test_createMenuNull ; TotalUserTime: 8.0220s ; Message: list index out of range
ExecutionTime: 2018-12-18 17:06:17 ; Path：IsEDP.SysManager.menu_st.MenuManager.test_createNull ; TotalUserTime: 0.0030s ; Message: list index out of range
ExecutionTime: 2018-12-18 17:07:13 ; Path：IsEDP.SysManager.menu_st.MenuManager.test_createMenuNull ; TotalUserTime: 8.0160s ; Message: Message: no such element: Unable to locate element: {"method":"xpath","selector":"//*[contains(@class, "btn-login")]"}
  (Session info: headless chrome=69.0.3497.92)
  (Driver info: chromedriver=2.42.591088 (7b2b2dca23cca0862f674758c9a3933e685c27d5),platform=Windows NT 6.1.7601 SP1 x86_64)

ExecutionTime: 2018-12-18 17:07:13 ; Path：IsEDP.SysManager.menu_st.MenuManager.test_createNull ; TotalUserTime: 0.0020s ; Message: Message: no such element: Unable to locate element: {"method":"xpath","selector":"//*[contains(@class, "btn-login")]"}
  (Session info: headless chrome=69.0.3497.92)
  (Driver info: chromedriver=2.42.591088 (7b2b2dca23cca0862f674758c9a3933e685c27d5),platform=Windows NT 6.1.7601 SP1 x86_64)

ExecutionTime: 2018-12-18 17:26:04 ; Path：IsEDP.SysManager.menu_st.MenuManager.test_createMenuNull ; TotalUserTime: 8.0240s ; Message: list index out of range
ExecutionTime: 2018-12-18 17:26:04 ; Path：IsEDP.SysManager.menu_st.MenuManager.test_createNull ; TotalUserTime: 0.0020s ; Message: list index out of range
ExecutionTime: 2018-12-18 17:27:55 ; Path：IsEDP.SysManager.menu_st.MenuManager.test_createMenuNull ; TotalUserTime: 8.0030s ; Message: list index out of range
ExecutionTime: 2018-12-18 17:27:55 ; Path：IsEDP.SysManager.menu_st.MenuManager.test_createNull ; TotalUserTime: 0.0020s ; Message: list index out of range
ExecutionTime: 2018-12-18 17:29:28 ; Path：IsEDP.SysManager.menu_st.MenuManager.test_createMenuNull ; TotalUserTime: 8.0170s ; Message: list index out of range
ExecutionTime: 2018-12-18 17:29:28 ; Path：IsEDP.SysManager.menu_st.MenuManager.test_createNull ; TotalUserTime: 0.0010s ; Message: list index out of range
ExecutionTime: 2018-12-18 17:35:26 ; Path：IsEDP.SysManager.menu_st.MenuManager.test_createMenuNull ; TotalUserTime: 8.0110s ; Message: list index out of range
ExecutionTime: 2018-12-18 17:35:26 ; Path：IsEDP.SysManager.menu_st.MenuManager.test_createNull ; TotalUserTime: 0.0010s ; Message: list index out of range
ExecutionTime: 2018-12-18 17:37:40 ; Path：IsEDP.SysManager.menu_st.MenuManager.test_createMenuNull ; TotalUserTime: 8.0010s ; Message: Message: no such element: Unable to locate element: {"method":"xpath","selector":"//*[contains(@class, "btn-login")]"}
  (Session info: chrome=69.0.3497.92)
  (Driver info: chromedriver=2.42.591088 (7b2b2dca23cca0862f674758c9a3933e685c27d5),platform=Windows NT 6.1.7601 SP1 x86_64)

ExecutionTime: 2018-12-18 17:37:40 ; Path：IsEDP.SysManager.menu_st.MenuManager.test_createNull ; TotalUserTime: 0.0010s ; Message: Message: no such element: Unable to locate element: {"method":"xpath","selector":"//*[contains(@class, "btn-login")]"}
  (Session info: chrome=69.0.3497.92)
  (Driver info: chromedriver=2.42.591088 (7b2b2dca23cca0862f674758c9a3933e685c27d5),platform=Windows NT 6.1.7601 SP1 x86_64)

ExecutionTime: 2018-12-18 18:08:34 ; Path：login_st.LoginTest.test_accountError ; TotalUserTime: 0.2870s ; Message: None
ExecutionTime: 2018-12-18 18:08:56 ; Path：login_st.LoginTest.test_accountError ; TotalUserTime: 0.2800s ; Message: None
ExecutionTime: 2018-12-18 18:09:34 ; Path：login_st.LoginTest.test_accountError ; TotalUserTime: 0.3030s ; Message: None
ExecutionTime: 2018-12-18 18:11:10 ; Path：login_st.LoginTest.test_accountError ; TotalUserTime: 0.2560s ; Message: None
ExecutionTime: 2018-12-18 18:15:31 ; Path：login_st.LoginTest.test_accountError ; TotalUserTime: 2.3190s ; Message: None
ExecutionTime: 2018-12-18 18:19:09 ; Path：login_st.LoginTest.test_accountError ; TotalUserTime: 2.9860s ; Message:  :: user admin_admin not exist != user admin_admin1 not exist
ExecutionTime: 2018-12-18 18:23:08 ; Path：login_st.LoginTest.test_accountError ; TotalUserTime: 2.3180s ; Message: None
ExecutionTime: 2018-12-18 18:25:41 ; Path：login_st.LoginTest.test_accountError ; TotalUserTime: 2.3530s ; Message: None
ExecutionTime: 2018-12-18 18:25:45 ; Path：login_st.LoginTest.test_accountLong ; TotalUserTime: 3.6650s ; Message:  :: user admin_adminadmin_adminadmin_adminadmin_adminadmin_adminadmin_adminadmin_adminadmin_adminadmin_adminadmin_adminadmin_adminadmin_adminadmin_adminadmin_adminadmin_adminadmin_adminadmin_adminadmin_adminadmin_adminadmin_adminadmin_adminadmin_adminadmin_adminadmin_adminadmin_admin not exist != user admin_adminadmin_adminadmin_adminadmin_adminadmin_adminadmin_adminadmin_adminadmin_adminadmin_adminadmin_adminadmin_adminadmin_adminadmin_adminadmin_adminadmin_adminadmin_adminadmin_adminadmin_adminadmin_adminadmin_adminadmin_adminadmin_adminadmin_adminadmin_admin not exist
