ExecutionTime: 2018-12-20 14:48:40 ; Path：login_st.LoginTest.test_passwordForgetError ; TotalUserTime: 2.5960s ; Message: None
ExecutionTime: 2018-12-20 14:49:16 ; Path：login_st.LoginTest.test_passwordForgetError ; TotalUserTime: 2.6440s ; Message: None
ExecutionTime: 2018-12-20 14:52:50 ; Path：login_st.LoginTest.test_passwordForgetError ; TotalUserTime: 2.6540s ; Message: None
ExecutionTime: 2018-12-20 14:53:15 ; Path：login_st.LoginTest.test_passwordForgetError ; TotalUserTime: 2.6930s ; Message: None
ExecutionTime: 2018-12-20 14:54:46 ; Path：login_st.LoginTest.test_passwordForgetError ; TotalUserTime: 2.6270s ; Message: None
ExecutionTime: 2018-12-20 14:55:03 ; Path：login_st.LoginTest.test_passwordForgetError ; TotalUserTime: 2.5910s ; Message: None
ExecutionTime: 2018-12-20 15:02:22 ; Path：login_st.LoginTest.test_passwordForgetError ; TotalUserTime: 2.7160s ; Message: None
ExecutionTime: 2018-12-20 15:05:10 ; Path：login_st.LoginTest.test_passwordForgetError ; TotalUserTime: 2.6680s ; Message: None
ExecutionTime: 2018-12-20 15:05:57 ; Path：login_st.LoginTest.test_passwordForgetError ; TotalUserTime: 2.6710s ; Message: None
ExecutionTime: 2018-12-20 15:06:24 ; Path：login_st.LoginTest.test_passwordForgetError ; TotalUserTime: 2.6720s ; Message: None
ExecutionTime: 2018-12-20 15:07:02 ; Path：login_st.LoginTest.test_passwordForgetError ; TotalUserTime: 2.6800s ; Message: None
ExecutionTime: 2018-12-20 15:07:25 ; Path：login_st.LoginTest.test_passwordForgetError ; TotalUserTime: 2.5920s ; Message: None
ExecutionTime: 2018-12-20 15:08:25 ; Path：login_st.LoginTest.test_passwordForgetError ; TotalUserTime: 2.6050s ; Message: None
ExecutionTime: 2018-12-20 15:12:01 ; Path：login_st.LoginTest.test_passwordForgetError ; TotalUserTime: 2.6850s ; Message: None
ExecutionTime: 2018-12-20 15:12:30 ; Path：login_st.LoginTest.test_passwordForgetError ; TotalUserTime: 2.6600s ; Message: None
ExecutionTime: 2018-12-20 15:13:38 ; Path：login_st.LoginTest.test_passwordForgetError ; TotalUserTime: 2.6490s ; Message: None
ExecutionTime: 2018-12-20 15:13:53 ; Path：login_st.LoginTest.test_passwordForgetError ; TotalUserTime: 2.6440s ; Message: None
ExecutionTime: 2018-12-20 15:14:25 ; Path：login_st.LoginTest.test_passwordForgetError ; TotalUserTime: 2.6240s ; Message: None
ExecutionTime: 2018-12-20 15:14:45 ; Path：login_st.LoginTest.test_passwordForgetError ; TotalUserTime: 2.5830s ; Message: None
ExecutionTime: 2018-12-20 15:15:35 ; Path：login_st.LoginTest.test_passwordForgetError ; TotalUserTime: 2.6770s ; Message: None
ExecutionTime: 2018-12-20 15:19:10 ; Path：login_st.LoginTest.test_passwordForgetError ; TotalUserTime: 2.6250s ; Message: None
ExecutionTime: 2018-12-20 15:20:08 ; Path：login_st.LoginTest.test_passwordForgetError ; TotalUserTime: 2.6300s ; Message: None
ExecutionTime: 2018-12-20 15:20:36 ; Path：login_st.LoginTest.test_passwordForgetError ; TotalUserTime: 2.6950s ; Message: None
ExecutionTime: 2018-12-20 17:05:25 ; Path：login_st.LoginTest.test_passwordForgetError ; TotalUserTime: 2.6360s ; Message: None
ExecutionTime: 2018-12-20 17:08:38 ; Path：login_st.LoginTest.test_passwordForgetError ; TotalUserTime: 2.6420s ; Message: None
ExecutionTime: 2018-12-20 17:23:50 ; Path：login_st.LoginTest.test_passwordForgetError ; TotalUserTime: 3.1010s ; Message: None
ExecutionTime: 2018-12-20 17:25:28 ; Path：login_st.LoginTest.test_passwordForgetError ; TotalUserTime: 2.6280s ; Message: None
ExecutionTime: 2018-12-20 17:26:38 ; Path：login_st.LoginTest.test_passwordForgetError ; TotalUserTime: 2.6950s ; Message: None
ExecutionTime: 2018-12-20 17:27:53 ; Path：IsEDP.Login.login_st.LoginTest.test_accountBoundaryAfter ; TotalUserTime: 3.3660s ; Message: None
ExecutionTime: 2018-12-20 17:27:57 ; Path：IsEDP.Login.login_st.LoginTest.test_accountBoundaryFront ; TotalUserTime: 3.3390s ; Message: None
ExecutionTime: 2018-12-20 17:28:01 ; Path：IsEDP.Login.login_st.LoginTest.test_accountError ; TotalUserTime: 3.3520s ; Message: None
ExecutionTime: 2018-12-20 17:28:05 ; Path：IsEDP.Login.login_st.LoginTest.test_accountLong ; TotalUserTime: 4.0560s ; Message: None
ExecutionTime: 2018-12-20 17:28:08 ; Path：IsEDP.Login.login_st.LoginTest.test_accountNull ; TotalUserTime: 3.2820s ; Message: None
ExecutionTime: 2018-12-20 17:28:12 ; Path：IsEDP.Login.login_st.LoginTest.test_accountSpace ; TotalUserTime: 3.3920s ; Message: None
ExecutionTime: 2018-12-20 17:28:15 ; Path：IsEDP.Login.login_st.LoginTest.test_accountSymbol ; TotalUserTime: 3.4320s ; Message: None
ExecutionTime: 2018-12-20 17:28:15 ; Path：IsEDP.Login.login_st.LoginTest.test_loginBackground ; TotalUserTime: 0.0010s ; Message: None
ExecutionTime: 2018-12-20 17:28:20 ; Path：IsEDP.Login.login_st.LoginTest.test_loginLogo ; TotalUserTime: 3.3680s ; Message: None
ExecutionTime: 2018-12-20 17:28:24 ; Path：IsEDP.Login.login_st.LoginTest.test_passwordBoundaryAfter ; TotalUserTime: 4.7120s ; Message: None
ExecutionTime: 2018-12-20 17:28:28 ; Path：IsEDP.Login.login_st.LoginTest.test_passwordBoundaryFront ; TotalUserTime: 3.3410s ; Message: None
ExecutionTime: 2018-12-20 17:28:32 ; Path：IsEDP.Login.login_st.LoginTest.test_passwordError ; TotalUserTime: 3.3350s ; Message: None
ExecutionTime: 2018-12-20 17:28:34 ; Path：IsEDP.Login.login_st.LoginTest.test_passwordForgetError ; TotalUserTime: 2.5710s ; Message: None
ExecutionTime: 2018-12-20 17:28:37 ; Path：IsEDP.Login.login_st.LoginTest.test_passwordForgetNull ; TotalUserTime: 2.2830s ; Message: None
ExecutionTime: 2018-12-20 17:28:41 ; Path：IsEDP.Login.login_st.LoginTest.test_passwordLong ; TotalUserTime: 3.6450s ; Message: None
ExecutionTime: 2018-12-20 17:28:44 ; Path：IsEDP.Login.login_st.LoginTest.test_passwordNull ; TotalUserTime: 3.2760s ; Message: None
ExecutionTime: 2018-12-20 17:28:48 ; Path：IsEDP.Login.login_st.LoginTest.test_passwordSpace ; TotalUserTime: 3.2610s ; Message: None
ExecutionTime: 2018-12-20 18:34:52 ; Path：IsEDP.Login.login_st.LoginTest.test_accountBoundaryAfter ; TotalUserTime: 3.3500s ; Message: None
