ExecutionTime: 2018-12-25 12:13:18; Path：login_st.LoginTest.test_errorPhone; TotalUserTime: 10.2130s; Message: None
ExecutionTime: 2018-12-25 13:57:52; Path：login_st.LoginTest.test_errors; TotalUserTime: 0.0020s; Message: None
ExecutionTime: 2018-12-25 14:04:30; Path：login_st.LoginTest.test_errors; TotalUserTime: 0.0020s; Message: None
ExecutionTime: 2018-12-25 14:05:58; Path：login_st.LoginTest.test_errors; TotalUserTime: 0.0030s; Message: None
ExecutionTime: 2018-12-25 14:42:46; Path：login_st.LoginTest.test_errors; TotalUserTime: 0.0030s; Message: None
ExecutionTime: 2018-12-25 14:43:35; Path：login_st.LoginTest.test_errors; TotalUserTime: 0.0030s; Message: None
ExecutionTime: 2018-12-25 14:44:26; Path：login_st.LoginTest.test_errors; TotalUserTime: 0.0010s; Message: None
ExecutionTime: 2018-12-25 14:45:13; Path：login_st.LoginTest.test_errors; TotalUserTime: 0.0010s; Message: None
ExecutionTime: 2018-12-25 14:46:51; Path：login_st.LoginTest.test_errors; TotalUserTime: 0.0030s; Message: None
ExecutionTime: 2018-12-25 14:47:43; Path：login_st.LoginTest.test_errors; TotalUserTime: 0.0030s; Message: name 'ppp' is not defined
ExecutionTime: 2018-12-25 14:50:41; Path：IsEDP.SysManager.menu_st.MenuManager.test_createNull; TotalUserTime: 0.0020s; Message: None
ExecutionTime: 2018-12-25 14:50:45; Path：IsEDP.SysManager.menu_st.MenuManager.test_createNull; TotalUserTime: 0.0030s; Message: None
ExecutionTime: 2018-12-25 14:52:31; Path：IsEDP.Login.login_st.LoginTest.test_accountBoundaryAfter; TotalUserTime: 4.3980s; Message: None
ExecutionTime: 2018-12-25 14:52:35; Path：IsEDP.Login.login_st.LoginTest.test_accountBoundaryFront; TotalUserTime: 4.3650s; Message: None
ExecutionTime: 2018-12-25 14:52:40; Path：IsEDP.Login.login_st.LoginTest.test_accountError; TotalUserTime: 4.3640s; Message: None
ExecutionTime: 2018-12-25 14:52:45; Path：IsEDP.Login.login_st.LoginTest.test_accountLong; TotalUserTime: 4.7920s; Message: None
ExecutionTime: 2018-12-25 14:52:48; Path：IsEDP.Login.login_st.LoginTest.test_accountNull; TotalUserTime: 3.3280s; Message: None
ExecutionTime: 2018-12-25 14:52:53; Path：IsEDP.Login.login_st.LoginTest.test_accountSpace; TotalUserTime: 4.2990s; Message: None
ExecutionTime: 2018-12-25 14:52:58; Path：IsEDP.Login.login_st.LoginTest.test_accountSymbol; TotalUserTime: 4.3980s; Message: None
ExecutionTime: 2018-12-25 14:53:07; Path：IsEDP.Login.login_st.LoginTest.test_errorPhone; TotalUserTime: 9.6090s; Message: None
ExecutionTime: 2018-12-25 14:53:11; Path：IsEDP.Login.login_st.LoginTest.test_loginLogo; TotalUserTime: 3.7620s; Message: None
ExecutionTime: 2018-12-25 14:53:16; Path：IsEDP.Login.login_st.LoginTest.test_passwordBoundaryAfter; TotalUserTime: 4.5970s; Message: None
ExecutionTime: 2018-12-25 14:53:21; Path：IsEDP.Login.login_st.LoginTest.test_passwordBoundaryFront; TotalUserTime: 4.3230s; Message: None
ExecutionTime: 2018-12-25 14:53:25; Path：IsEDP.Login.login_st.LoginTest.test_passwordError; TotalUserTime: 4.3540s; Message: None
ExecutionTime: 2018-12-25 14:53:31; Path：IsEDP.Login.login_st.LoginTest.test_passwordForgetError; TotalUserTime: 5.4630s; Message: None
ExecutionTime: 2018-12-25 14:53:34; Path：IsEDP.Login.login_st.LoginTest.test_passwordForgetNull; TotalUserTime: 3.3380s; Message: None
ExecutionTime: 2018-12-25 14:53:39; Path：IsEDP.Login.login_st.LoginTest.test_passwordLong; TotalUserTime: 4.7230s; Message: None
ExecutionTime: 2018-12-25 14:53:43; Path：IsEDP.Login.login_st.LoginTest.test_passwordNull; TotalUserTime: 3.3030s; Message: None
ExecutionTime: 2018-12-25 14:53:47; Path：IsEDP.Login.login_st.LoginTest.test_passwordSpace; TotalUserTime: 4.2950s; Message: None
ExecutionTime: 2018-12-25 14:53:53; Path：IsEDP.Login.login_st.LoginTest.test_passwordSuccessAccount; TotalUserTime: 5.3870s; Message: None
ExecutionTime: 2018-12-25 14:54:04; Path：IsEDP.SysManager.menu_st.MenuManager.test_createNull; TotalUserTime: 0.0020s; Message: None
ExecutionTime: 2018-12-25 14:54:07; Path：IsEDP.SysManager.menu_st.MenuManager.test_createNull; TotalUserTime: 0.0020s; Message: None
ExecutionTime: 2018-12-25 14:57:54; Path：IsEDP.SysManager.menu_st.MenuManager.test_createNull; TotalUserTime: 0.0030s; Message: None
ExecutionTime: 2018-12-25 14:57:57; Path：IsEDP.SysManager.menu_st.MenuManager.test_createNull; TotalUserTime: 0.0060s; Message: None
ExecutionTime: 2018-12-25 15:00:59; Path：IsEDP.Login.login_st.LoginTest.test_accountBoundaryAfter; TotalUserTime: 4.3620s; Message: None
ExecutionTime: 2018-12-25 15:01:04; Path：IsEDP.Login.login_st.LoginTest.test_accountBoundaryFront; TotalUserTime: 4.3660s; Message: None
ExecutionTime: 2018-12-25 15:01:09; Path：IsEDP.Login.login_st.LoginTest.test_accountError; TotalUserTime: 4.3670s; Message: None
ExecutionTime: 2018-12-25 15:01:14; Path：IsEDP.Login.login_st.LoginTest.test_accountLong; TotalUserTime: 4.8190s; Message: None
ExecutionTime: 2018-12-25 15:01:17; Path：IsEDP.Login.login_st.LoginTest.test_accountNull; TotalUserTime: 3.3180s; Message: None
ExecutionTime: 2018-12-25 15:01:22; Path：IsEDP.Login.login_st.LoginTest.test_accountSpace; TotalUserTime: 4.3150s; Message: None
ExecutionTime: 2018-12-25 15:01:26; Path：IsEDP.Login.login_st.LoginTest.test_accountSymbol; TotalUserTime: 4.4260s; Message: None
ExecutionTime: 2018-12-25 15:01:34; Path：IsEDP.Login.login_st.LoginTest.test_errorPhone; TotalUserTime: 7.7670s; Message: None
ExecutionTime: 2018-12-25 15:01:35; Path：IsEDP.Login.login_st.LoginTest.test_loginLogo; TotalUserTime: 0.5640s; Message: None
ExecutionTime: 2018-12-25 15:01:40; Path：IsEDP.Login.login_st.LoginTest.test_passwordBoundaryAfter; TotalUserTime: 4.5890s; Message: None
ExecutionTime: 2018-12-25 15:01:44; Path：IsEDP.Login.login_st.LoginTest.test_passwordBoundaryFront; TotalUserTime: 4.3210s; Message: None
ExecutionTime: 2018-12-25 15:01:49; Path：IsEDP.Login.login_st.LoginTest.test_passwordError; TotalUserTime: 4.3210s; Message: None
ExecutionTime: 2018-12-25 15:01:55; Path：IsEDP.Login.login_st.LoginTest.test_passwordForgetError; TotalUserTime: 5.4800s; Message: None
ExecutionTime: 2018-12-25 15:01:58; Path：IsEDP.Login.login_st.LoginTest.test_passwordForgetNull; TotalUserTime: 3.3260s; Message: None
ExecutionTime: 2018-12-25 15:02:03; Path：IsEDP.Login.login_st.LoginTest.test_passwordLong; TotalUserTime: 4.7330s; Message: None
ExecutionTime: 2018-12-25 15:02:07; Path：IsEDP.Login.login_st.LoginTest.test_passwordNull; TotalUserTime: 3.3110s; Message: None
ExecutionTime: 2018-12-25 15:02:11; Path：IsEDP.Login.login_st.LoginTest.test_passwordSpace; TotalUserTime: 4.2990s; Message: None
ExecutionTime: 2018-12-25 15:02:17; Path：IsEDP.Login.login_st.LoginTest.test_passwordSuccessAccount; TotalUserTime: 5.3850s; Message: None
ExecutionTime: 2018-12-25 15:05:41; Path：IsEDP.Login.login_st.LoginTest.test_accountBoundaryAfter; TotalUserTime: 4.7640s; Message: None
ExecutionTime: 2018-12-25 15:05:45; Path：IsEDP.Login.login_st.LoginTest.test_accountBoundaryFront; TotalUserTime: 4.3320s; Message: None
ExecutionTime: 2018-12-25 15:05:53; Path：IsEDP.Login.login_st.LoginTest.test_accountBoundaryFront; TotalUserTime: 4.3520s; Message: None
ExecutionTime: 2018-12-25 15:05:58; Path：IsEDP.Login.login_st.LoginTest.test_accountError; TotalUserTime: 4.3430s; Message: None
ExecutionTime: 2018-12-25 15:06:03; Path：IsEDP.Login.login_st.LoginTest.test_accountLong; TotalUserTime: 4.8170s; Message: None
ExecutionTime: 2018-12-25 15:06:06; Path：IsEDP.Login.login_st.LoginTest.test_accountNull; TotalUserTime: 3.3300s; Message: None
ExecutionTime: 2018-12-25 15:06:11; Path：IsEDP.Login.login_st.LoginTest.test_accountSpace; TotalUserTime: 4.3270s; Message: None
ExecutionTime: 2018-12-25 15:06:15; Path：IsEDP.Login.login_st.LoginTest.test_accountSymbol; TotalUserTime: 4.3700s; Message: None
ExecutionTime: 2018-12-25 15:06:24; Path：IsEDP.Login.login_st.LoginTest.test_errorPhone; TotalUserTime: 8.6080s; Message: None
ExecutionTime: 2018-12-25 15:06:26; Path：IsEDP.Login.login_st.LoginTest.test_loginLogo; TotalUserTime: 1.2260s; Message: None
ExecutionTime: 2018-12-25 15:06:30; Path：IsEDP.Login.login_st.LoginTest.test_passwordBoundaryAfter; TotalUserTime: 4.5530s; Message: None
ExecutionTime: 2018-12-25 15:06:35; Path：IsEDP.Login.login_st.LoginTest.test_passwordBoundaryFront; TotalUserTime: 4.3360s; Message: None
ExecutionTime: 2018-12-25 15:06:39; Path：IsEDP.Login.login_st.LoginTest.test_passwordError; TotalUserTime: 4.3320s; Message: None
ExecutionTime: 2018-12-25 15:06:45; Path：IsEDP.Login.login_st.LoginTest.test_passwordForgetError; TotalUserTime: 5.4450s; Message: None
ExecutionTime: 2018-12-25 15:06:49; Path：IsEDP.Login.login_st.LoginTest.test_passwordForgetNull; TotalUserTime: 3.3050s; Message: None
ExecutionTime: 2018-12-25 15:06:54; Path：IsEDP.Login.login_st.LoginTest.test_passwordLong; TotalUserTime: 4.7200s; Message: None
ExecutionTime: 2018-12-25 15:06:57; Path：IsEDP.Login.login_st.LoginTest.test_passwordNull; TotalUserTime: 3.3030s; Message: None
ExecutionTime: 2018-12-25 15:07:02; Path：IsEDP.Login.login_st.LoginTest.test_passwordSpace; TotalUserTime: 4.3100s; Message: None
ExecutionTime: 2018-12-25 15:07:07; Path：IsEDP.Login.login_st.LoginTest.test_passwordSuccessAccount; TotalUserTime: 5.4260s; Message: None
ExecutionTime: 2018-12-25 15:07:18; Path：IsEDP.SysManager.menu_st.MenuManager.test_createNull; TotalUserTime: 0.0030s; Message: None
ExecutionTime: 2018-12-25 15:07:22; Path：IsEDP.SysManager.menu_st.MenuManager.test_createNull; TotalUserTime: 0.0020s; Message: None
ExecutionTime: 2018-12-25 15:13:48; Path：menu_st.MenuManager.test_createNull; TotalUserTime: 0.0020s; Message: None
ExecutionTime: 2018-12-25 15:15:26; Path：menu_st.MenuManager.test_createNull; TotalUserTime: 0.0030s; Message: None
ExecutionTime: 2018-12-25 15:16:57; Path：menu_st.MenuManager.test_createNull; TotalUserTime: 0.0020s; Message: None
ExecutionTime: 2018-12-25 15:37:02; Path：menu_st.MenuManager.test_createNull; TotalUserTime: 0.0010s; Message: None
ExecutionTime: 2018-12-25 15:38:28; Path：IsEDP.Login.login_st.LoginTest.test_accountBoundaryAfter; TotalUserTime: 4.3890s; Message: None
ExecutionTime: 2018-12-25 15:38:32; Path：IsEDP.Login.login_st.LoginTest.test_accountBoundaryFront; TotalUserTime: 4.3170s; Message: None
ExecutionTime: 2018-12-25 15:38:37; Path：IsEDP.Login.login_st.LoginTest.test_accountError; TotalUserTime: 4.3690s; Message: None
ExecutionTime: 2018-12-25 15:38:42; Path：IsEDP.Login.login_st.LoginTest.test_accountLong; TotalUserTime: 4.7670s; Message: None
ExecutionTime: 2018-12-25 15:38:45; Path：IsEDP.Login.login_st.LoginTest.test_accountNull; TotalUserTime: 3.2960s; Message: None
ExecutionTime: 2018-12-25 15:38:50; Path：IsEDP.Login.login_st.LoginTest.test_accountSpace; TotalUserTime: 4.3050s; Message: None
ExecutionTime: 2018-12-25 15:38:54; Path：IsEDP.Login.login_st.LoginTest.test_accountSymbol; TotalUserTime: 4.3790s; Message: None
ExecutionTime: 2018-12-25 15:39:02; Path：IsEDP.Login.login_st.LoginTest.test_errorPhone; TotalUserTime: 7.8780s; Message: None
ExecutionTime: 2018-12-25 15:39:03; Path：IsEDP.Login.login_st.LoginTest.test_loginLogo; TotalUserTime: 0.6300s; Message: None
ExecutionTime: 2018-12-25 15:39:08; Path：IsEDP.Login.login_st.LoginTest.test_passwordBoundaryAfter; TotalUserTime: 4.8650s; Message: None
ExecutionTime: 2018-12-25 15:39:12; Path：IsEDP.Login.login_st.LoginTest.test_passwordBoundaryFront; TotalUserTime: 4.2880s; Message: None
ExecutionTime: 2018-12-25 15:39:17; Path：IsEDP.Login.login_st.LoginTest.test_passwordError; TotalUserTime: 4.2920s; Message: None
ExecutionTime: 2018-12-25 15:39:22; Path：IsEDP.Login.login_st.LoginTest.test_passwordForgetError; TotalUserTime: 5.4620s; Message: None
ExecutionTime: 2018-12-25 15:39:26; Path：IsEDP.Login.login_st.LoginTest.test_passwordForgetNull; TotalUserTime: 3.3130s; Message: None
ExecutionTime: 2018-12-25 15:39:31; Path：IsEDP.Login.login_st.LoginTest.test_passwordLong; TotalUserTime: 4.6540s; Message: None
ExecutionTime: 2018-12-25 15:39:34; Path：IsEDP.Login.login_st.LoginTest.test_passwordNull; TotalUserTime: 3.2740s; Message: None
ExecutionTime: 2018-12-25 15:39:39; Path：IsEDP.Login.login_st.LoginTest.test_passwordSpace; TotalUserTime: 4.2970s; Message: None
ExecutionTime: 2018-12-25 15:39:44; Path：IsEDP.Login.login_st.LoginTest.test_passwordSuccessAccount; TotalUserTime: 5.3670s; Message: None
ExecutionTime: 2018-12-25 15:39:56; Path：IsEDP.SysManager.menu_st.MenuManager.test_createNull; TotalUserTime: 0.0030s; Message: None
ExecutionTime: 2018-12-25 15:39:59; Path：IsEDP.SysManager.menu_st.MenuManager.test_createNull; TotalUserTime: 0.0020s; Message: None
ExecutionTime: 2018-12-25 17:13:07; Path：menu_st.MenuManager.test_createNull; TotalUserTime: 0.0020s; Message: None
ExecutionTime: 2018-12-25 17:13:10; Path：menu_st.MenuManager.test_createNull; TotalUserTime: 0.0060s; Message: None
ExecutionTime: 2018-12-25 17:17:12; Path：menu_st.MenuManager.test_createNull; TotalUserTime: 0.0020s; Message: None
ExecutionTime: 2018-12-25 17:17:15; Path：menu_st.MenuManager.test_createNull; TotalUserTime: 0.0050s; Message: None
ExecutionTime: 2018-12-25 17:20:04; Path：menu_st.MenuManager.test_createNull; TotalUserTime: 0.0030s; Message: None
ExecutionTime: 2018-12-25 17:20:07; Path：menu_st.MenuManager.test_createNull; TotalUserTime: 0.0060s; Message: None
ExecutionTime: 2018-12-25 17:22:15; Path：menu_st.MenuManager.test_createNull; TotalUserTime: 0.0020s; Message: None
ExecutionTime: 2018-12-25 17:22:19; Path：menu_st.MenuManager.test_createNull; TotalUserTime: 0.0060s; Message: None
ExecutionTime: 2018-12-25 17:28:31; Path：menu_st.MenuManager.test_createNull; TotalUserTime: 0.0030s; Message: None
ExecutionTime: 2018-12-25 17:28:34; Path：menu_st.MenuManager.test_createNull; TotalUserTime: 0.0050s; Message: None
ExecutionTime: 2018-12-25 17:29:21; Path：menu_st.MenuManager.test_createNull; TotalUserTime: 0.0030s; Message: None
ExecutionTime: 2018-12-25 17:29:25; Path：menu_st.MenuManager.test_createNull; TotalUserTime: 0.0030s; Message: None
ExecutionTime: 2018-12-25 17:32:13; Path：menu_st.MenuManager.test_createNull; TotalUserTime: 0.0020s; Message: None
ExecutionTime: 2018-12-25 17:34:10; Path：menu_st.MenuManager.test_createNull; TotalUserTime: 0.0020s; Message: None
ExecutionTime: 2018-12-25 17:41:41; Path：menu_st.MenuManager.test_createNull; TotalUserTime: 0.0020s; Message: None
ExecutionTime: 2018-12-25 17:42:49; Path：menu_st.MenuManager.test_createNull; TotalUserTime: 0.0020s; Message: None
ExecutionTime: 2018-12-25 17:44:16; Path：IsEDP.Login.login_st.LoginTest.test_accountBoundaryAfter; TotalUserTime: 4.3720s; Message: None
ExecutionTime: 2018-12-25 17:44:20; Path：IsEDP.Login.login_st.LoginTest.test_accountBoundaryFront; TotalUserTime: 4.3030s; Message: None
ExecutionTime: 2018-12-25 17:44:25; Path：IsEDP.Login.login_st.LoginTest.test_accountError; TotalUserTime: 4.3530s; Message: None
ExecutionTime: 2018-12-25 17:44:30; Path：IsEDP.Login.login_st.LoginTest.test_accountLong; TotalUserTime: 4.8080s; Message: None
ExecutionTime: 2018-12-25 17:44:33; Path：IsEDP.Login.login_st.LoginTest.test_accountNull; TotalUserTime: 3.3450s; Message: None
ExecutionTime: 2018-12-25 17:44:38; Path：IsEDP.Login.login_st.LoginTest.test_accountSpace; TotalUserTime: 4.3110s; Message: None
ExecutionTime: 2018-12-25 17:44:42; Path：IsEDP.Login.login_st.LoginTest.test_accountSymbol; TotalUserTime: 4.3700s; Message: None
ExecutionTime: 2018-12-25 17:44:51; Path：IsEDP.Login.login_st.LoginTest.test_errorPhone; TotalUserTime: 7.9840s; Message: None
ExecutionTime: 2018-12-25 17:44:52; Path：IsEDP.Login.login_st.LoginTest.test_loginLogo; TotalUserTime: 1.5840s; Message: None
ExecutionTime: 2018-12-25 17:44:57; Path：IsEDP.Login.login_st.LoginTest.test_passwordBoundaryAfter; TotalUserTime: 4.8980s; Message: None
ExecutionTime: 2018-12-25 17:45:02; Path：IsEDP.Login.login_st.LoginTest.test_passwordBoundaryFront; TotalUserTime: 4.3210s; Message: None
ExecutionTime: 2018-12-25 17:45:06; Path：IsEDP.Login.login_st.LoginTest.test_passwordError; TotalUserTime: 4.3180s; Message: None
ExecutionTime: 2018-12-25 17:45:12; Path：IsEDP.Login.login_st.LoginTest.test_passwordForgetError; TotalUserTime: 5.4880s; Message: None
ExecutionTime: 2018-12-25 17:45:16; Path：IsEDP.Login.login_st.LoginTest.test_passwordForgetNull; TotalUserTime: 3.2930s; Message: None
ExecutionTime: 2018-12-25 17:45:20; Path：IsEDP.Login.login_st.LoginTest.test_passwordLong; TotalUserTime: 4.6460s; Message: None
ExecutionTime: 2018-12-25 17:45:24; Path：IsEDP.Login.login_st.LoginTest.test_passwordNull; TotalUserTime: 3.2900s; Message: None
ExecutionTime: 2018-12-25 17:45:28; Path：IsEDP.Login.login_st.LoginTest.test_passwordSpace; TotalUserTime: 4.3110s; Message: None
ExecutionTime: 2018-12-25 17:45:34; Path：IsEDP.Login.login_st.LoginTest.test_passwordSuccessAccount; TotalUserTime: 5.4010s; Message: None
ExecutionTime: 2018-12-25 17:45:47; Path：IsEDP.SysManager.menu_st.MenuManager.test_createNull; TotalUserTime: 0.0020s; Message: None
ExecutionTime: 2018-12-25 17:55:41; Path：login_st.LoginTest.test_loginLogo; TotalUserTime: 1.3820s; Message: None
ExecutionTime: 2018-12-25 18:00:23; Path：IsEDP.Login.login_st.LoginTest.test_accountBoundaryAfter; TotalUserTime: 4.3610s; Message: None
ExecutionTime: 2018-12-25 18:00:27; Path：IsEDP.Login.login_st.LoginTest.test_accountBoundaryFront; TotalUserTime: 4.3240s; Message: None
ExecutionTime: 2018-12-25 18:00:32; Path：IsEDP.Login.login_st.LoginTest.test_accountError; TotalUserTime: 4.3570s; Message: None
ExecutionTime: 2018-12-25 18:00:36; Path：IsEDP.Login.login_st.LoginTest.test_accountLong; TotalUserTime: 4.7240s; Message: None
ExecutionTime: 2018-12-25 18:00:40; Path：IsEDP.Login.login_st.LoginTest.test_accountNull; TotalUserTime: 3.2990s; Message: None
ExecutionTime: 2018-12-25 18:00:44; Path：IsEDP.Login.login_st.LoginTest.test_accountSpace; TotalUserTime: 4.2930s; Message: None
ExecutionTime: 2018-12-25 18:00:49; Path：IsEDP.Login.login_st.LoginTest.test_accountSymbol; TotalUserTime: 4.3660s; Message: None
ExecutionTime: 2018-12-25 18:00:58; Path：IsEDP.Login.login_st.LoginTest.test_errorPhone; TotalUserTime: 8.4790s; Message: None
ExecutionTime: 2018-12-25 18:00:58; Path：IsEDP.Login.login_st.LoginTest.test_loginLogo; TotalUserTime: 0.6860s; Message: None
ExecutionTime: 2018-12-25 18:01:04; Path：IsEDP.Login.login_st.LoginTest.test_passwordBoundaryAfter; TotalUserTime: 5.1760s; Message: None
ExecutionTime: 2018-12-25 18:01:08; Path：IsEDP.Login.login_st.LoginTest.test_passwordBoundaryFront; TotalUserTime: 4.3090s; Message: None
ExecutionTime: 2018-12-25 18:01:13; Path：IsEDP.Login.login_st.LoginTest.test_passwordError; TotalUserTime: 4.3490s; Message: None
ExecutionTime: 2018-12-25 18:01:18; Path：IsEDP.Login.login_st.LoginTest.test_passwordForgetError; TotalUserTime: 5.4300s; Message: None
ExecutionTime: 2018-12-25 18:01:22; Path：IsEDP.Login.login_st.LoginTest.test_passwordForgetNull; TotalUserTime: 3.2780s; Message: None
ExecutionTime: 2018-12-25 18:01:27; Path：IsEDP.Login.login_st.LoginTest.test_passwordLong; TotalUserTime: 4.6500s; Message: None
ExecutionTime: 2018-12-25 18:01:30; Path：IsEDP.Login.login_st.LoginTest.test_passwordNull; TotalUserTime: 3.2950s; Message: None
ExecutionTime: 2018-12-25 18:01:35; Path：IsEDP.Login.login_st.LoginTest.test_passwordSpace; TotalUserTime: 4.2940s; Message: None
ExecutionTime: 2018-12-25 18:01:40; Path：IsEDP.Login.login_st.LoginTest.test_passwordSuccessAccount; TotalUserTime: 5.3630s; Message: None
ExecutionTime: 2018-12-25 18:01:52; Path：IsEDP.SysManager.menu_st.MenuManager.test_createNull; TotalUserTime: 0.0030s; Message: None
ExecutionTime: 2018-12-25 18:39:34; Path：IsEDP.SysManager.menu_st.MenuManager.test_createNull; TotalUserTime: 0.0020s; Message: None
